#
# There is insufficient memory for the Java Runtime Environment to continue.
# Native memory allocation (mmap) failed to map 268435456 bytes. Error detail: G1 virtual space
# Possible reasons:
#   The system is out of physical RAM or swap space
#   This process is running with CompressedOops enabled, and the Java Heap may be blocking the growth of the native heap
# Possible solutions:
#   Reduce memory load on the system
#   Increase physical memory or swap space
#   Check if swap backing store is full
#   Decrease Java heap size (-Xmx/-Xms)
#   Decrease number of Java threads
#   Decrease Java thread stack sizes (-Xss)
#   Set larger code cache with -XX:ReservedCodeCacheSize=
#   JVM is running with Zero Based Compressed Oops mode in which the Java heap is
#     placed in the first 32GB address space. The Java Heap base address is the
#     maximum limit for the native heap growth. Please use -XX:HeapBaseMinAddress
#     to set the Java Heap base and to place the Java Heap above 32GB virtual address.
# This output file may be truncated or incomplete.
#
#  Out of Memory Error (os_windows.cpp:3713), pid=14236, tid=12964
#
# JRE version:  (21.0.9+10) (build )
# Java VM: OpenJDK 64-Bit Server VM (21.0.9+10-LTS, mixed mode, sharing, tiered, compressed oops, compressed class ptrs, g1 gc, windows-amd64)
# No core dump will be written. Minidumps are not enabled by default on client versions of Windows
#

---------------  S U M M A R Y ------------

Command Line: -Dnet.bytebuddy.agent.attacher.dump= net.bytebuddy.agent.Attacher com.sun.tools.attach.VirtualMachine 11072 C:\Users\ltarr\.m2\repository\net\bytebuddy\byte-buddy-agent\1.14.19\byte-buddy-agent-1.14.19.jar false 

Host: AMD Ryzen 5 3600 6-Core Processor              , 12 cores, 15G,  Windows 10 , 64 bit Build 19041 (10.0.19041.7291)
Time: Thu May 28 11:03:53 2026 Hora de verano romance elapsed time: 0.070030 seconds (0d 0h 0m 0s)

---------------  T H R E A D  ---------------

Current thread (0x000001fa42222770):  JavaThread "Unknown thread" [_thread_in_vm, id=12964, stack(0x000000c817c00000,0x000000c817d00000) (1024K)]

Stack: [0x000000c817c00000,0x000000c817d00000]
Native frames: (J=compiled Java code, j=interpreted, Vv=VM code, C=native code)
V  [jvm.dll+0x6d6e29]
V  [jvm.dll+0x8b4b76]
V  [jvm.dll+0x8b712e]
V  [jvm.dll+0x8b7813]
V  [jvm.dll+0x283d86]
V  [jvm.dll+0x6d3745]
V  [jvm.dll+0x6c747a]
V  [jvm.dll+0x35e7e8]
V  [jvm.dll+0x366426]
V  [jvm.dll+0x3b73fe]
V  [jvm.dll+0x3b76a8]
V  [jvm.dll+0x3329ec]
V  [jvm.dll+0x33353b]
V  [jvm.dll+0x87deeb]
V  [jvm.dll+0x3c4381]
V  [jvm.dll+0x867135]
V  [jvm.dll+0x457391]
V  [jvm.dll+0x458f81]
C  [jli.dll+0x52d0]
C  [ucrtbase.dll+0x21bb2]
C  [KERNEL32.DLL+0x17374]
C  [ntdll.dll+0x4cc91]


---------------  P R O C E S S  ---------------

Threads class SMR info:
_java_thread_list=0x00007fff12c291c8, length=0, elements={
}

Java Threads: ( => current thread )
Total: 0

Other Threads:
  0x000001fa445f67e0 WorkerThread "GC Thread#0"                     [id=14300, stack(0x000000c817d00000,0x000000c817e00000) (1024K)]
  0x000001fa446078b0 ConcurrentGCThread "G1 Main Marker"            [id=4172, stack(0x000000c817e00000,0x000000c817f00000) (1024K)]
  0x000001fa44608b50 WorkerThread "G1 Conc#0"                       [id=15016, stack(0x000000c817f00000,0x000000c818000000) (1024K)]

[error occurred during error reporting (printing all threads), id 0xc0000005, EXCEPTION_ACCESS_VIOLATION (0xc0000005) at pc=0x00007fff123250d7]
VM state: not at safepoint (not fully initialized)

VM Mutex/Monitor currently owned by a thread:  ([mutex/lock_event])
[0x00007fff12c9d670] Heap_lock - owner thread: 0x000001fa42222770

Heap address: 0x0000000700c00000, size: 4084 MB, Compressed Oops mode: Zero based, Oop shift amount: 3

CDS archive(s) mapped at: [0x0000000000000000-0x0000000000000000-0x0000000000000000), size 0, SharedBaseAddress: 0x0000000800000000, ArchiveRelocationMode: 1.
Narrow klass base: 0x0000000000000000, Narrow klass shift: 0, Narrow klass range: 0x0

GC Precious Log:
 CardTable entry size: 512
 Card Set container configuration: InlinePtr #cards 4 size 8 Array Of Cards #cards 16 size 48 Howl #buckets 8 coarsen threshold 3686 Howl Bitmap #cards 512 size 80 coarsen threshold 460 Card regions per heap region 1 cards per card region 4096

Heap:
 garbage-first heap   total 0K, used 0K [0x0000000700c00000, 0x0000000800000000)
  region size 2048K, 0 young (0K), 0 survivors (0K)

[error occurred during error reporting (printing heap information), id 0xc0000005, EXCEPTION_ACCESS_VIOLATION (0xc0000005) at pc=0x00007fff127107a9]
GC Heap History (0 events):
No events

Dll operation events (1 events):
Event: 0.023 Loaded shared library C:\Program Files\Eclipse Adoptium\jdk-21.0.9.10-hotspot\bin\java.dll

Deoptimization events (0 events):
No events

Classes loaded (0 events):
No events

Classes unloaded (0 events):
No events

Classes redefined (0 events):
No events

Internal exceptions (0 events):
No events

ZGC Phase Switch (0 events):
No events

VM Operations (0 events):
No events

Memory protections (0 events):
No events

Nmethod flushes (0 events):
No events

Events (0 events):
No events


Dynamic libraries:
0x00007ff692b60000 - 0x00007ff692b6e000 	C:\Program Files\Eclipse Adoptium\jdk-21.0.9.10-hotspot\bin\java.exe
0x00007fff96af0000 - 0x00007fff96ce9000 	C:\WINDOWS\SYSTEM32\ntdll.dll
0x00007fff960e0000 - 0x00007fff961a2000 	C:\WINDOWS\System32\KERNEL32.DLL
0x00007fff94360000 - 0x00007fff94657000 	C:\WINDOWS\System32\KERNELBASE.dll
0x00007fff94260000 - 0x00007fff94360000 	C:\WINDOWS\System32\ucrtbase.dll
0x00007fff82ba0000 - 0x00007fff82bbe000 	C:\Program Files\Eclipse Adoptium\jdk-21.0.9.10-hotspot\bin\VCRUNTIME140.dll
0x00007fff7a020000 - 0x00007fff7a038000 	C:\Program Files\Eclipse Adoptium\jdk-21.0.9.10-hotspot\bin\jli.dll
0x00007fff94b80000 - 0x00007fff94d1d000 	C:\WINDOWS\System32\USER32.dll
0x00007fff820e0000 - 0x00007fff8237b000 	C:\WINDOWS\WinSxS\amd64_microsoft.windows.common-controls_6595b64144ccf1df_6.0.19041.6926_none_60b5a53971f8f7e6\COMCTL32.dll
0x00007fff94960000 - 0x00007fff94982000 	C:\WINDOWS\System32\win32u.dll
0x00007fff95270000 - 0x00007fff9530e000 	C:\WINDOWS\System32\msvcrt.dll
0x00007fff967a0000 - 0x00007fff967cb000 	C:\WINDOWS\System32\GDI32.dll
0x00007fff94840000 - 0x00007fff9495a000 	C:\WINDOWS\System32\gdi32full.dll
0x00007fff94a20000 - 0x00007fff94abd000 	C:\WINDOWS\System32\msvcp_win.dll
0x00007fff94b50000 - 0x00007fff94b7f000 	C:\WINDOWS\System32\IMM32.DLL
0x00007fff83ab0000 - 0x00007fff83abc000 	C:\Program Files\Eclipse Adoptium\jdk-21.0.9.10-hotspot\bin\vcruntime140_1.dll
0x00007fff6a160000 - 0x00007fff6a1ed000 	C:\Program Files\Eclipse Adoptium\jdk-21.0.9.10-hotspot\bin\msvcp140.dll
0x00007fff11fe0000 - 0x00007fff12d80000 	C:\Program Files\Eclipse Adoptium\jdk-21.0.9.10-hotspot\bin\server\jvm.dll
0x00007fff94d20000 - 0x00007fff94dd1000 	C:\WINDOWS\System32\ADVAPI32.dll
0x00007fff96030000 - 0x00007fff960cf000 	C:\WINDOWS\System32\sechost.dll
0x00007fff95a90000 - 0x00007fff95bb6000 	C:\WINDOWS\System32\RPCRT4.dll
0x00007fff94ac0000 - 0x00007fff94ae7000 	C:\WINDOWS\System32\bcrypt.dll
0x00007fff96730000 - 0x00007fff9679b000 	C:\WINDOWS\System32\WS2_32.dll
0x00007fff93fb0000 - 0x00007fff93ffb000 	C:\WINDOWS\SYSTEM32\POWRPROF.dll
0x00007fff872c0000 - 0x00007fff872e7000 	C:\WINDOWS\SYSTEM32\WINMM.dll
0x00007fff8c0b0000 - 0x00007fff8c0ba000 	C:\WINDOWS\SYSTEM32\VERSION.dll
0x00007fff93f90000 - 0x00007fff93fa2000 	C:\WINDOWS\SYSTEM32\UMPDC.dll
0x00007fff91f10000 - 0x00007fff91f22000 	C:\WINDOWS\SYSTEM32\kernel.appcore.dll
0x00007fff83a60000 - 0x00007fff83a6a000 	C:\Program Files\Eclipse Adoptium\jdk-21.0.9.10-hotspot\bin\jimage.dll
0x00007fff8ca50000 - 0x00007fff8cc51000 	C:\WINDOWS\SYSTEM32\DBGHELP.DLL
0x00007fff84440000 - 0x00007fff84474000 	C:\WINDOWS\SYSTEM32\dbgcore.DLL
0x00007fff94990000 - 0x00007fff94a12000 	C:\WINDOWS\System32\bcryptPrimitives.dll
0x00007fff79950000 - 0x00007fff79970000 	C:\Program Files\Eclipse Adoptium\jdk-21.0.9.10-hotspot\bin\java.dll

JVMTI agents: none

dbghelp: loaded successfully - version: 4.0.5 - missing functions: none
symbol engine: initialized successfully - sym options: 0x614 - pdb path: .;C:\Program Files\Eclipse Adoptium\jdk-21.0.9.10-hotspot\bin;C:\WINDOWS\SYSTEM32;C:\WINDOWS\WinSxS\amd64_microsoft.windows.common-controls_6595b64144ccf1df_6.0.19041.6926_none_60b5a53971f8f7e6;C:\Program Files\Eclipse Adoptium\jdk-21.0.9.10-hotspot\bin\server

VM Arguments:
jvm_args: -Dnet.bytebuddy.agent.attacher.dump= 
java_command: net.bytebuddy.agent.Attacher com.sun.tools.attach.VirtualMachine 11072 C:\Users\ltarr\.m2\repository\net\bytebuddy\byte-buddy-agent\1.14.19\byte-buddy-agent-1.14.19.jar false 
java_class_path (initial): C:\Users\ltarr\.m2\repository\net\bytebuddy\byte-buddy-agent\1.14.19\byte-buddy-agent-1.14.19.jar
Launcher Type: SUN_STANDARD

[Global flags]
     intx CICompilerCount                          = 4                                         {product} {ergonomic}
     uint ConcGCThreads                            = 3                                         {product} {ergonomic}
     uint G1ConcRefinementThreads                  = 10                                        {product} {ergonomic}
   size_t G1HeapRegionSize                         = 2097152                                   {product} {ergonomic}
    uintx GCDrainStackTargetSize                   = 64                                        {product} {ergonomic}
   size_t InitialHeapSize                          = 268435456                                 {product} {ergonomic}
   size_t MarkStackSize                            = 4194304                                   {product} {ergonomic}
   size_t MaxHeapSize                              = 4282384384                                {product} {ergonomic}
   size_t MinHeapDeltaBytes                        = 2097152                                   {product} {ergonomic}
   size_t MinHeapSize                              = 8388608                                   {product} {ergonomic}
    uintx NonNMethodCodeHeapSize                   = 5839372                                {pd product} {ergonomic}
    uintx NonProfiledCodeHeapSize                  = 122909434                              {pd product} {ergonomic}
    uintx ProfiledCodeHeapSize                     = 122909434                              {pd product} {ergonomic}
    uintx ReservedCodeCacheSize                    = 251658240                              {pd product} {ergonomic}
     bool SegmentedCodeCache                       = true                                      {product} {ergonomic}
   size_t SoftMaxHeapSize                          = 4282384384                             {manageable} {ergonomic}
     bool UseCompressedOops                        = true                           {product lp64_product} {ergonomic}
     bool UseG1GC                                  = true                                      {product} {ergonomic}
     bool UseLargePagesIndividualAllocation        = false                                  {pd product} {ergonomic}

Logging:
Log output configuration:
 #0: stdout all=warning uptime,level,tags foldmultilines=false
 #1: stderr all=off uptime,level,tags foldmultilines=false

Release file:
<release file has not been read>
Environment Variables:
JAVA_HOME=C:\Program Files\Eclipse Adoptium\jdk-21.0.9.10-hotspot\
PATH=C:\Program Files\Eclipse Adoptium\jdk-21.0.9.10-hotspot\bin;D:\M2\InstalacionOracle\bin;C:\Program Files (x86)\VMware\VMware Workstation\bin\;C:\oraclexe\app\oracle\product\11.2.0\server\bin;C:\Program Files\Common Files\Oracle\Java\javapath;C:\Program Files (x86)\Common Files\Oracle\Java\javapath;C:\WINDOWS\system32;C:\WINDOWS;C:\WINDOWS\System32\Wbem;C:\WINDOWS\System32\WindowsPowerShell\v1.0\;C:\WINDOWS\System32\OpenSSH\;C:\Program Files (x86)\Windows Kits\10\Windows Performance Toolkit\;C:\Program Files\nodejs\;C:\ffmpeg;C:\ProgramData\chocolatey\bin;C:\Program Files\Git\cmd;C:\Users\ltarr\AppData\Local\Programs\Python\Python313\Scripts\;C:\Users\ltarr\AppData\Local\Programs\Python\Python313\;C:\Users\ltarr\AppData\Local\Programs\Python\Launcher\;C:\Users\ltarr\scoop\shims;C:\Users\ltarr\AppData\Local\Microsoft\WindowsApps;C:\Users\ltarr\AppData\Local\Programs\Microsoft VS Code\bin;C:\Users\ltarr\AppData\Local\Microsoft\WinGet\Packages\Schniz.fnm_Microsoft.Winget.Source_8wekyb3d8bbwe;C:\Users\ltarr\AppData\Roaming\npm;C:\Users\ltarr\AppData\Local\Packages\PythonSoftwareFoundation.Python.3.10_qbz5n2kfra8p0\LocalCache\local-packages\Python310\Scripts;
USERNAME=ltarr
OS=Windows_NT
PROCESSOR_IDENTIFIER=AMD64 Family 23 Model 113 Stepping 0, AuthenticAMD
TMP=C:\Users\ltarr\AppData\Local\Temp
TEMP=C:\Users\ltarr\AppData\Local\Temp




Periodic native trim disabled

---------------  S Y S T E M  ---------------

OS:
 Windows 10 , 64 bit Build 19041 (10.0.19041.7291)
OS uptime: 0 days 23:56 hours

CPU: total 12 (initial active 12) (12 cores per cpu, 2 threads per core) family 23 model 113 stepping 0 microcode 0x0, cx8, cmov, fxsr, ht, mmx, 3dnowpref, sse, sse2, sse3, ssse3, sse4a, sse4.1, sse4.2, popcnt, lzcnt, tsc, tscinvbit, avx, avx2, aes, clmul, bmi1, bmi2, adx, sha, fma, vzeroupper, clflush, clflushopt, rdtscp, rdpid, f16c
Processor Information for the first 12 processors :
  Max Mhz: 3593, Current Mhz: 3593, Mhz Limit: 3593

Memory: 4k page, system-wide physical 16334M (3216M free)
TotalPageFile size 16334M (AvailPageFile size 276M)
current process WorkingSet (physical memory assigned to process): 10M, peak: 10M
current process commit charge ("private bytes"): 64M, peak: 320M

vm_info: OpenJDK 64-Bit Server VM (21.0.9+10-LTS) for windows-amd64 JRE (21.0.9+10-LTS), built on 2025-10-21T00:00:00Z by "admin" with unknown MS VC++:1942

END.
