#
# There is insufficient memory for the Java Runtime Environment to continue.
# Native memory allocation (malloc) failed to allocate 781104 bytes. Error detail: Chunk::new
# Possible reasons:
#   The system is out of physical RAM or swap space
#   This process is running with CompressedOops enabled, and the Java Heap may be blocking the growth of the native heap
# Possible solutions:
#   Reduce memory load on the system
#   Increase physical memory or swap space
#   Check if swap backing store is full
#   Decrease Java heap size (-Xmx/-Xms)
#   Decrease number of Java threads
#   Decrease Java thread stack sizes (-Xss)
#   Set larger code cache with -XX:ReservedCodeCacheSize=
#   JVM is running with Zero Based Compressed Oops mode in which the Java heap is
#     placed in the first 32GB address space. The Java Heap base address is the
#     maximum limit for the native heap growth. Please use -XX:HeapBaseMinAddress
#     to set the Java Heap base and to place the Java Heap above 32GB virtual address.
# This output file may be truncated or incomplete.
#
#  Out of Memory Error (arena.cpp:168), pid=9480, tid=3756
#
# JRE version: OpenJDK Runtime Environment Temurin-21.0.9+10 (21.0.9+10) (build 21.0.9+10-LTS)
# Java VM: OpenJDK 64-Bit Server VM Temurin-21.0.9+10 (21.0.9+10-LTS, mixed mode, sharing, tiered, compressed oops, compressed class ptrs, g1 gc, windows-amd64)
# No core dump will be written. Minidumps are not enabled by default on client versions of Windows
#

---------------  S U M M A R Y ------------

Command Line: --enable-native-access=ALL-UNNAMED -Dclassworlds.conf=C:\Users\ltarr\.m2\wrapper\dists\apache-maven-3.9.16\0daed3be3ebd1c706f0e69e8b07c6b73f5cc4ea3dfce72a8d0ec2e849ca2ddb0\bin\m2.conf -Dmaven.home=C:\Users\ltarr\.m2\wrapper\dists\apache-maven-3.9.16\0daed3be3ebd1c706f0e69e8b07c6b73f5cc4ea3dfce72a8d0ec2e849ca2ddb0 -Dlibrary.jansi.path=C:\Users\ltarr\.m2\wrapper\dists\apache-maven-3.9.16\0daed3be3ebd1c706f0e69e8b07c6b73f5cc4ea3dfce72a8d0ec2e849ca2ddb0\lib\jansi-native -Dmaven.multiModuleProjectDirectory=C:\ProyectoCurriculum\ticketapi org.codehaus.plexus.classworlds.launcher.Launcher clean

Host: AMD Ryzen 5 3600 6-Core Processor              , 12 cores, 15G,  Windows 10 , 64 bit Build 19041 (10.0.19041.7291)
Time: Wed May 27 16:36:07 2026 Hora de verano romance elapsed time: 0.576925 seconds (0d 0h 0m 0s)

---------------  T H R E A D  ---------------

Current thread (0x000002703e351ac0):  JavaThread "C2 CompilerThread2" daemon [_thread_in_native, id=3756, stack(0x000000f3f9400000,0x000000f3f9500000) (1024K)]


Current CompileTask:
C2:577 1226       4       sun.nio.cs.StreamDecoder::lockedRead (189 bytes)

Stack: [0x000000f3f9400000,0x000000f3f9500000]
Native frames: (J=compiled Java code, j=interpreted, Vv=VM code, C=native code)
V  [jvm.dll+0x6d6e29]
V  [jvm.dll+0x8b4b76]
V  [jvm.dll+0x8b712e]
V  [jvm.dll+0x8b7813]
V  [jvm.dll+0x283d86]
V  [jvm.dll+0xc66ed]
V  [jvm.dll+0xc6c31]
V  [jvm.dll+0x3be53b]
V  [jvm.dll+0x38ab92]
V  [jvm.dll+0x389fda]
V  [jvm.dll+0x24bfa0]
V  [jvm.dll+0x24b580]
V  [jvm.dll+0x1cb13e]
V  [jvm.dll+0x25b29d]
V  [jvm.dll+0x25982a]
V  [jvm.dll+0x3f7ea6]
V  [jvm.dll+0x85e9ad]
V  [jvm.dll+0x6d565d]
C  [ucrtbase.dll+0x21bb2]
C  [KERNEL32.DLL+0x17374]
C  [ntdll.dll+0x4cc91]


---------------  P R O C E S S  ---------------

Threads class SMR info:
_java_thread_list=0x00000270842fd050, length=13, elements={
0x000002701c7c5360, 0x000002703e33aa70, 0x000002703e33c9e0, 0x000002703e33e720,
0x000002703e3424f0, 0x000002703e343890, 0x000002703e344de0, 0x000002703e34e830,
0x000002703e352860, 0x000002703e4a3200, 0x000002703e4a5280, 0x000002703e355140,
0x000002703e351ac0
}

Java Threads: ( => current thread )
  0x000002701c7c5360 JavaThread "main"                              [_thread_in_Java, id=2016, stack(0x000000f3f7a00000,0x000000f3f7b00000) (1024K)]
  0x000002703e33aa70 JavaThread "Reference Handler"          daemon [_thread_blocked, id=14852, stack(0x000000f3f8200000,0x000000f3f8300000) (1024K)]
  0x000002703e33c9e0 JavaThread "Finalizer"                  daemon [_thread_blocked, id=14788, stack(0x000000f3f8300000,0x000000f3f8400000) (1024K)]
  0x000002703e33e720 JavaThread "Signal Dispatcher"          daemon [_thread_blocked, id=3464, stack(0x000000f3f8400000,0x000000f3f8500000) (1024K)]
  0x000002703e3424f0 JavaThread "Attach Listener"            daemon [_thread_blocked, id=2544, stack(0x000000f3f8500000,0x000000f3f8600000) (1024K)]
  0x000002703e343890 JavaThread "Service Thread"             daemon [_thread_blocked, id=13820, stack(0x000000f3f8600000,0x000000f3f8700000) (1024K)]
  0x000002703e344de0 JavaThread "Monitor Deflation Thread"   daemon [_thread_blocked, id=10816, stack(0x000000f3f8700000,0x000000f3f8800000) (1024K)]
  0x000002703e34e830 JavaThread "C2 CompilerThread0"         daemon [_thread_in_native, id=2664, stack(0x000000f3f8800000,0x000000f3f8900000) (1024K)]
  0x000002703e352860 JavaThread "C1 CompilerThread0"         daemon [_thread_in_native, id=12040, stack(0x000000f3f8900000,0x000000f3f8a00000) (1024K)]
  0x000002703e4a3200 JavaThread "Notification Thread"        daemon [_thread_blocked, id=4184, stack(0x000000f3f8a00000,0x000000f3f8b00000) (1024K)]
  0x000002703e4a5280 JavaThread "Common-Cleaner"             daemon [_thread_blocked, id=904, stack(0x000000f3f8b00000,0x000000f3f8c00000) (1024K)]
  0x000002703e355140 JavaThread "C2 CompilerThread1"         daemon [_thread_in_native, id=11732, stack(0x000000f3f8c00000,0x000000f3f8d00000) (1024K)]
=>0x000002703e351ac0 JavaThread "C2 CompilerThread2"         daemon [_thread_in_native, id=3756, stack(0x000000f3f9400000,0x000000f3f9500000) (1024K)]
Total: 13

Other Threads:
  0x000002703e31af80 VMThread "VM Thread"                           [id=5360, stack(0x000000f3f8100000,0x000000f3f8200000) (1024K)]
  0x000002703e30e010 WatcherThread "VM Periodic Task Thread"        [id=9616, stack(0x000000f3f8000000,0x000000f3f8100000) (1024K)]
  0x000002701ca096e0 WorkerThread "GC Thread#0"                     [id=15248, stack(0x000000f3f7b00000,0x000000f3f7c00000) (1024K)]
  0x0000027084032c60 WorkerThread "GC Thread#1"                     [id=11132, stack(0x000000f3f8d00000,0x000000f3f8e00000) (1024K)]
  0x0000027084033410 WorkerThread "GC Thread#2"                     [id=13512, stack(0x000000f3f8e00000,0x000000f3f8f00000) (1024K)]
  0x00000270840337b0 WorkerThread "GC Thread#3"                     [id=1868, stack(0x000000f3f8f00000,0x000000f3f9000000) (1024K)]
  0x0000027084033b50 WorkerThread "GC Thread#4"                     [id=15300, stack(0x000000f3f9000000,0x000000f3f9100000) (1024K)]
  0x000002703ef5eba0 WorkerThread "GC Thread#5"                     [id=5176, stack(0x000000f3f9100000,0x000000f3f9200000) (1024K)]
  0x00000270840a50f0 WorkerThread "GC Thread#6"                     [id=12092, stack(0x000000f3f9200000,0x000000f3f9300000) (1024K)]
  0x00000270840a5490 WorkerThread "GC Thread#7"                     [id=9424, stack(0x000000f3f9300000,0x000000f3f9400000) (1024K)]
  0x000002701ca1a7b0 ConcurrentGCThread "G1 Main Marker"            [id=3868, stack(0x000000f3f7c00000,0x000000f3f7d00000) (1024K)]
  0x000002701ca1ba50 WorkerThread "G1 Conc#0"                       [id=13384, stack(0x000000f3f7d00000,0x000000f3f7e00000) (1024K)]
  0x000002703e1d1d10 ConcurrentGCThread "G1 Refine#0"               [id=3236, stack(0x000000f3f7e00000,0x000000f3f7f00000) (1024K)]
  0x000002703e1d2530 ConcurrentGCThread "G1 Service"                [id=11900, stack(0x000000f3f7f00000,0x000000f3f8000000) (1024K)]
Total: 14

Threads with active compile tasks:
C2 CompilerThread0  591 1201   !   4       sun.nio.cs.StreamDecoder::read0 (59 bytes)
C1 CompilerThread0  591 1339       3       java.util.stream.ReferencePipeline::sorted (6 bytes)
C2 CompilerThread1  591 1344       4       java.util.stream.AbstractPipeline::isParallel (8 bytes)
C2 CompilerThread2  591 1226       4       sun.nio.cs.StreamDecoder::lockedRead (189 bytes)
Total: 4

VM state: not at safepoint (normal execution)

VM Mutex/Monitor currently owned by a thread: None

Heap address: 0x0000000700c00000, size: 4084 MB, Compressed Oops mode: Zero based, Oop shift amount: 3

CDS archive(s) mapped at: [0x000002703f000000-0x000002703fc80000-0x000002703fc80000), size 13107200, SharedBaseAddress: 0x000002703f000000, ArchiveRelocationMode: 1.
Compressed class space mapped at: 0x0000027040000000-0x0000027080000000, reserved size: 1073741824
Narrow klass base: 0x000002703f000000, Narrow klass shift: 0, Narrow klass range: 0x100000000

GC Precious Log:
 CardTable entry size: 512
 Card Set container configuration: InlinePtr #cards 4 size 8 Array Of Cards #cards 16 size 48 Howl #buckets 8 coarsen threshold 3686 Howl Bitmap #cards 512 size 80 coarsen threshold 460 Card regions per heap region 1 cards per card region 4096
 CPUs: 12 total, 12 available
 Memory: 16334M
 Large Page Support: Disabled
 NUMA Support: Disabled
 Compressed Oops: Enabled (Zero based)
 Heap Region Size: 2M
 Heap Min Capacity: 8M
 Heap Initial Capacity: 256M
 Heap Max Capacity: 4084M
 Pre-touch: Disabled
 Parallel Workers: 10
 Concurrent Workers: 3
 Concurrent Refinement Workers: 10
 Periodic GC: Disabled

Heap:
 garbage-first heap   total 262144K, used 11929K [0x0000000700c00000, 0x0000000800000000)
  region size 2048K, 7 young (14336K), 2 survivors (4096K)
 Metaspace       used 5983K, committed 6208K, reserved 1114112K
  class space    used 718K, committed 832K, reserved 1048576K

Heap Regions: E=young(eden), S=young(survivor), O=old, HS=humongous(starts), HC=humongous(continues), CS=collection set, F=free, TAMS=top-at-mark-start, PB=parsable bottom
|   0|0x0000000700c00000, 0x0000000700c00000, 0x0000000700e00000|  0%| F|  |TAMS 0x0000000700c00000| PB 0x0000000700c00000| Untracked 
|   1|0x0000000700e00000, 0x0000000700e00000, 0x0000000701000000|  0%| F|  |TAMS 0x0000000700e00000| PB 0x0000000700e00000| Untracked 
|   2|0x0000000701000000, 0x0000000701000000, 0x0000000701200000|  0%| F|  |TAMS 0x0000000701000000| PB 0x0000000701000000| Untracked 
|   3|0x0000000701200000, 0x0000000701200000, 0x0000000701400000|  0%| F|  |TAMS 0x0000000701200000| PB 0x0000000701200000| Untracked 
|   4|0x0000000701400000, 0x0000000701400000, 0x0000000701600000|  0%| F|  |TAMS 0x0000000701400000| PB 0x0000000701400000| Untracked 
|   5|0x0000000701600000, 0x0000000701600000, 0x0000000701800000|  0%| F|  |TAMS 0x0000000701600000| PB 0x0000000701600000| Untracked 
|   6|0x0000000701800000, 0x0000000701800000, 0x0000000701a00000|  0%| F|  |TAMS 0x0000000701800000| PB 0x0000000701800000| Untracked 
|   7|0x0000000701a00000, 0x0000000701a00000, 0x0000000701c00000|  0%| F|  |TAMS 0x0000000701a00000| PB 0x0000000701a00000| Untracked 
|   8|0x0000000701c00000, 0x0000000701c00000, 0x0000000701e00000|  0%| F|  |TAMS 0x0000000701c00000| PB 0x0000000701c00000| Untracked 
|   9|0x0000000701e00000, 0x0000000701e00000, 0x0000000702000000|  0%| F|  |TAMS 0x0000000701e00000| PB 0x0000000701e00000| Untracked 
|  10|0x0000000702000000, 0x0000000702000000, 0x0000000702200000|  0%| F|  |TAMS 0x0000000702000000| PB 0x0000000702000000| Untracked 
|  11|0x0000000702200000, 0x0000000702200000, 0x0000000702400000|  0%| F|  |TAMS 0x0000000702200000| PB 0x0000000702200000| Untracked 
|  12|0x0000000702400000, 0x0000000702400000, 0x0000000702600000|  0%| F|  |TAMS 0x0000000702400000| PB 0x0000000702400000| Untracked 
|  13|0x0000000702600000, 0x0000000702600000, 0x0000000702800000|  0%| F|  |TAMS 0x0000000702600000| PB 0x0000000702600000| Untracked 
|  14|0x0000000702800000, 0x0000000702800000, 0x0000000702a00000|  0%| F|  |TAMS 0x0000000702800000| PB 0x0000000702800000| Untracked 
|  15|0x0000000702a00000, 0x0000000702a00000, 0x0000000702c00000|  0%| F|  |TAMS 0x0000000702a00000| PB 0x0000000702a00000| Untracked 
|  16|0x0000000702c00000, 0x0000000702c00000, 0x0000000702e00000|  0%| F|  |TAMS 0x0000000702c00000| PB 0x0000000702c00000| Untracked 
|  17|0x0000000702e00000, 0x0000000702e00000, 0x0000000703000000|  0%| F|  |TAMS 0x0000000702e00000| PB 0x0000000702e00000| Untracked 
|  18|0x0000000703000000, 0x0000000703000000, 0x0000000703200000|  0%| F|  |TAMS 0x0000000703000000| PB 0x0000000703000000| Untracked 
|  19|0x0000000703200000, 0x0000000703200000, 0x0000000703400000|  0%| F|  |TAMS 0x0000000703200000| PB 0x0000000703200000| Untracked 
|  20|0x0000000703400000, 0x0000000703400000, 0x0000000703600000|  0%| F|  |TAMS 0x0000000703400000| PB 0x0000000703400000| Untracked 
|  21|0x0000000703600000, 0x0000000703600000, 0x0000000703800000|  0%| F|  |TAMS 0x0000000703600000| PB 0x0000000703600000| Untracked 
|  22|0x0000000703800000, 0x0000000703800000, 0x0000000703a00000|  0%| F|  |TAMS 0x0000000703800000| PB 0x0000000703800000| Untracked 
|  23|0x0000000703a00000, 0x0000000703a00000, 0x0000000703c00000|  0%| F|  |TAMS 0x0000000703a00000| PB 0x0000000703a00000| Untracked 
|  24|0x0000000703c00000, 0x0000000703c00000, 0x0000000703e00000|  0%| F|  |TAMS 0x0000000703c00000| PB 0x0000000703c00000| Untracked 
|  25|0x0000000703e00000, 0x0000000703e00000, 0x0000000704000000|  0%| F|  |TAMS 0x0000000703e00000| PB 0x0000000703e00000| Untracked 
|  26|0x0000000704000000, 0x0000000704000000, 0x0000000704200000|  0%| F|  |TAMS 0x0000000704000000| PB 0x0000000704000000| Untracked 
|  27|0x0000000704200000, 0x0000000704200000, 0x0000000704400000|  0%| F|  |TAMS 0x0000000704200000| PB 0x0000000704200000| Untracked 
|  28|0x0000000704400000, 0x0000000704400000, 0x0000000704600000|  0%| F|  |TAMS 0x0000000704400000| PB 0x0000000704400000| Untracked 
|  29|0x0000000704600000, 0x0000000704600000, 0x0000000704800000|  0%| F|  |TAMS 0x0000000704600000| PB 0x0000000704600000| Untracked 
|  30|0x0000000704800000, 0x0000000704800000, 0x0000000704a00000|  0%| F|  |TAMS 0x0000000704800000| PB 0x0000000704800000| Untracked 
|  31|0x0000000704a00000, 0x0000000704a00000, 0x0000000704c00000|  0%| F|  |TAMS 0x0000000704a00000| PB 0x0000000704a00000| Untracked 
|  32|0x0000000704c00000, 0x0000000704c00000, 0x0000000704e00000|  0%| F|  |TAMS 0x0000000704c00000| PB 0x0000000704c00000| Untracked 
|  33|0x0000000704e00000, 0x0000000704e00000, 0x0000000705000000|  0%| F|  |TAMS 0x0000000704e00000| PB 0x0000000704e00000| Untracked 
|  34|0x0000000705000000, 0x0000000705000000, 0x0000000705200000|  0%| F|  |TAMS 0x0000000705000000| PB 0x0000000705000000| Untracked 
|  35|0x0000000705200000, 0x0000000705200000, 0x0000000705400000|  0%| F|  |TAMS 0x0000000705200000| PB 0x0000000705200000| Untracked 
|  36|0x0000000705400000, 0x0000000705400000, 0x0000000705600000|  0%| F|  |TAMS 0x0000000705400000| PB 0x0000000705400000| Untracked 
|  37|0x0000000705600000, 0x0000000705600000, 0x0000000705800000|  0%| F|  |TAMS 0x0000000705600000| PB 0x0000000705600000| Untracked 
|  38|0x0000000705800000, 0x0000000705800000, 0x0000000705a00000|  0%| F|  |TAMS 0x0000000705800000| PB 0x0000000705800000| Untracked 
|  39|0x0000000705a00000, 0x0000000705a00000, 0x0000000705c00000|  0%| F|  |TAMS 0x0000000705a00000| PB 0x0000000705a00000| Untracked 
|  40|0x0000000705c00000, 0x0000000705c00000, 0x0000000705e00000|  0%| F|  |TAMS 0x0000000705c00000| PB 0x0000000705c00000| Untracked 
|  41|0x0000000705e00000, 0x0000000705e00000, 0x0000000706000000|  0%| F|  |TAMS 0x0000000705e00000| PB 0x0000000705e00000| Untracked 
|  42|0x0000000706000000, 0x0000000706000000, 0x0000000706200000|  0%| F|  |TAMS 0x0000000706000000| PB 0x0000000706000000| Untracked 
|  43|0x0000000706200000, 0x0000000706200000, 0x0000000706400000|  0%| F|  |TAMS 0x0000000706200000| PB 0x0000000706200000| Untracked 
|  44|0x0000000706400000, 0x0000000706400000, 0x0000000706600000|  0%| F|  |TAMS 0x0000000706400000| PB 0x0000000706400000| Untracked 
|  45|0x0000000706600000, 0x0000000706600000, 0x0000000706800000|  0%| F|  |TAMS 0x0000000706600000| PB 0x0000000706600000| Untracked 
|  46|0x0000000706800000, 0x0000000706800000, 0x0000000706a00000|  0%| F|  |TAMS 0x0000000706800000| PB 0x0000000706800000| Untracked 
|  47|0x0000000706a00000, 0x0000000706a00000, 0x0000000706c00000|  0%| F|  |TAMS 0x0000000706a00000| PB 0x0000000706a00000| Untracked 
|  48|0x0000000706c00000, 0x0000000706c00000, 0x0000000706e00000|  0%| F|  |TAMS 0x0000000706c00000| PB 0x0000000706c00000| Untracked 
|  49|0x0000000706e00000, 0x0000000706e00000, 0x0000000707000000|  0%| F|  |TAMS 0x0000000706e00000| PB 0x0000000706e00000| Untracked 
|  50|0x0000000707000000, 0x0000000707000000, 0x0000000707200000|  0%| F|  |TAMS 0x0000000707000000| PB 0x0000000707000000| Untracked 
|  51|0x0000000707200000, 0x0000000707200000, 0x0000000707400000|  0%| F|  |TAMS 0x0000000707200000| PB 0x0000000707200000| Untracked 
|  52|0x0000000707400000, 0x0000000707400000, 0x0000000707600000|  0%| F|  |TAMS 0x0000000707400000| PB 0x0000000707400000| Untracked 
|  53|0x0000000707600000, 0x0000000707600000, 0x0000000707800000|  0%| F|  |TAMS 0x0000000707600000| PB 0x0000000707600000| Untracked 
|  54|0x0000000707800000, 0x0000000707800000, 0x0000000707a00000|  0%| F|  |TAMS 0x0000000707800000| PB 0x0000000707800000| Untracked 
|  55|0x0000000707a00000, 0x0000000707a00000, 0x0000000707c00000|  0%| F|  |TAMS 0x0000000707a00000| PB 0x0000000707a00000| Untracked 
|  56|0x0000000707c00000, 0x0000000707c00000, 0x0000000707e00000|  0%| F|  |TAMS 0x0000000707c00000| PB 0x0000000707c00000| Untracked 
|  57|0x0000000707e00000, 0x0000000707e00000, 0x0000000708000000|  0%| F|  |TAMS 0x0000000707e00000| PB 0x0000000707e00000| Untracked 
|  58|0x0000000708000000, 0x0000000708000000, 0x0000000708200000|  0%| F|  |TAMS 0x0000000708000000| PB 0x0000000708000000| Untracked 
|  59|0x0000000708200000, 0x0000000708200000, 0x0000000708400000|  0%| F|  |TAMS 0x0000000708200000| PB 0x0000000708200000| Untracked 
|  60|0x0000000708400000, 0x0000000708400000, 0x0000000708600000|  0%| F|  |TAMS 0x0000000708400000| PB 0x0000000708400000| Untracked 
|  61|0x0000000708600000, 0x0000000708600000, 0x0000000708800000|  0%| F|  |TAMS 0x0000000708600000| PB 0x0000000708600000| Untracked 
|  62|0x0000000708800000, 0x0000000708800000, 0x0000000708a00000|  0%| F|  |TAMS 0x0000000708800000| PB 0x0000000708800000| Untracked 
|  63|0x0000000708a00000, 0x0000000708a00000, 0x0000000708c00000|  0%| F|  |TAMS 0x0000000708a00000| PB 0x0000000708a00000| Untracked 
|  64|0x0000000708c00000, 0x0000000708c00000, 0x0000000708e00000|  0%| F|  |TAMS 0x0000000708c00000| PB 0x0000000708c00000| Untracked 
|  65|0x0000000708e00000, 0x0000000708e00000, 0x0000000709000000|  0%| F|  |TAMS 0x0000000708e00000| PB 0x0000000708e00000| Untracked 
|  66|0x0000000709000000, 0x0000000709000000, 0x0000000709200000|  0%| F|  |TAMS 0x0000000709000000| PB 0x0000000709000000| Untracked 
|  67|0x0000000709200000, 0x0000000709200000, 0x0000000709400000|  0%| F|  |TAMS 0x0000000709200000| PB 0x0000000709200000| Untracked 
|  68|0x0000000709400000, 0x0000000709400000, 0x0000000709600000|  0%| F|  |TAMS 0x0000000709400000| PB 0x0000000709400000| Untracked 
|  69|0x0000000709600000, 0x0000000709600000, 0x0000000709800000|  0%| F|  |TAMS 0x0000000709600000| PB 0x0000000709600000| Untracked 
|  70|0x0000000709800000, 0x0000000709800000, 0x0000000709a00000|  0%| F|  |TAMS 0x0000000709800000| PB 0x0000000709800000| Untracked 
|  71|0x0000000709a00000, 0x0000000709a00000, 0x0000000709c00000|  0%| F|  |TAMS 0x0000000709a00000| PB 0x0000000709a00000| Untracked 
|  72|0x0000000709c00000, 0x0000000709c00000, 0x0000000709e00000|  0%| F|  |TAMS 0x0000000709c00000| PB 0x0000000709c00000| Untracked 
|  73|0x0000000709e00000, 0x0000000709e00000, 0x000000070a000000|  0%| F|  |TAMS 0x0000000709e00000| PB 0x0000000709e00000| Untracked 
|  74|0x000000070a000000, 0x000000070a000000, 0x000000070a200000|  0%| F|  |TAMS 0x000000070a000000| PB 0x000000070a000000| Untracked 
|  75|0x000000070a200000, 0x000000070a200000, 0x000000070a400000|  0%| F|  |TAMS 0x000000070a200000| PB 0x000000070a200000| Untracked 
|  76|0x000000070a400000, 0x000000070a400000, 0x000000070a600000|  0%| F|  |TAMS 0x000000070a400000| PB 0x000000070a400000| Untracked 
|  77|0x000000070a600000, 0x000000070a600000, 0x000000070a800000|  0%| F|  |TAMS 0x000000070a600000| PB 0x000000070a600000| Untracked 
|  78|0x000000070a800000, 0x000000070a800000, 0x000000070aa00000|  0%| F|  |TAMS 0x000000070a800000| PB 0x000000070a800000| Untracked 
|  79|0x000000070aa00000, 0x000000070aa00000, 0x000000070ac00000|  0%| F|  |TAMS 0x000000070aa00000| PB 0x000000070aa00000| Untracked 
|  80|0x000000070ac00000, 0x000000070ac00000, 0x000000070ae00000|  0%| F|  |TAMS 0x000000070ac00000| PB 0x000000070ac00000| Untracked 
|  81|0x000000070ae00000, 0x000000070ae00000, 0x000000070b000000|  0%| F|  |TAMS 0x000000070ae00000| PB 0x000000070ae00000| Untracked 
|  82|0x000000070b000000, 0x000000070b000000, 0x000000070b200000|  0%| F|  |TAMS 0x000000070b000000| PB 0x000000070b000000| Untracked 
|  83|0x000000070b200000, 0x000000070b200000, 0x000000070b400000|  0%| F|  |TAMS 0x000000070b200000| PB 0x000000070b200000| Untracked 
|  84|0x000000070b400000, 0x000000070b400000, 0x000000070b600000|  0%| F|  |TAMS 0x000000070b400000| PB 0x000000070b400000| Untracked 
|  85|0x000000070b600000, 0x000000070b600000, 0x000000070b800000|  0%| F|  |TAMS 0x000000070b600000| PB 0x000000070b600000| Untracked 
|  86|0x000000070b800000, 0x000000070b800000, 0x000000070ba00000|  0%| F|  |TAMS 0x000000070b800000| PB 0x000000070b800000| Untracked 
|  87|0x000000070ba00000, 0x000000070ba00000, 0x000000070bc00000|  0%| F|  |TAMS 0x000000070ba00000| PB 0x000000070ba00000| Untracked 
|  88|0x000000070bc00000, 0x000000070bc00000, 0x000000070be00000|  0%| F|  |TAMS 0x000000070bc00000| PB 0x000000070bc00000| Untracked 
|  89|0x000000070be00000, 0x000000070be00000, 0x000000070c000000|  0%| F|  |TAMS 0x000000070be00000| PB 0x000000070be00000| Untracked 
|  90|0x000000070c000000, 0x000000070c000000, 0x000000070c200000|  0%| F|  |TAMS 0x000000070c000000| PB 0x000000070c000000| Untracked 
|  91|0x000000070c200000, 0x000000070c200000, 0x000000070c400000|  0%| F|  |TAMS 0x000000070c200000| PB 0x000000070c200000| Untracked 
|  92|0x000000070c400000, 0x000000070c400000, 0x000000070c600000|  0%| F|  |TAMS 0x000000070c400000| PB 0x000000070c400000| Untracked 
|  93|0x000000070c600000, 0x000000070c600000, 0x000000070c800000|  0%| F|  |TAMS 0x000000070c600000| PB 0x000000070c600000| Untracked 
|  94|0x000000070c800000, 0x000000070c800000, 0x000000070ca00000|  0%| F|  |TAMS 0x000000070c800000| PB 0x000000070c800000| Untracked 
|  95|0x000000070ca00000, 0x000000070ca00000, 0x000000070cc00000|  0%| F|  |TAMS 0x000000070ca00000| PB 0x000000070ca00000| Untracked 
|  96|0x000000070cc00000, 0x000000070cc00000, 0x000000070ce00000|  0%| F|  |TAMS 0x000000070cc00000| PB 0x000000070cc00000| Untracked 
|  97|0x000000070ce00000, 0x000000070ce00000, 0x000000070d000000|  0%| F|  |TAMS 0x000000070ce00000| PB 0x000000070ce00000| Untracked 
|  98|0x000000070d000000, 0x000000070d000000, 0x000000070d200000|  0%| F|  |TAMS 0x000000070d000000| PB 0x000000070d000000| Untracked 
|  99|0x000000070d200000, 0x000000070d200000, 0x000000070d400000|  0%| F|  |TAMS 0x000000070d200000| PB 0x000000070d200000| Untracked 
| 100|0x000000070d400000, 0x000000070d400000, 0x000000070d600000|  0%| F|  |TAMS 0x000000070d400000| PB 0x000000070d400000| Untracked 
| 101|0x000000070d600000, 0x000000070d600000, 0x000000070d800000|  0%| F|  |TAMS 0x000000070d600000| PB 0x000000070d600000| Untracked 
| 102|0x000000070d800000, 0x000000070d800000, 0x000000070da00000|  0%| F|  |TAMS 0x000000070d800000| PB 0x000000070d800000| Untracked 
| 103|0x000000070da00000, 0x000000070da00000, 0x000000070dc00000|  0%| F|  |TAMS 0x000000070da00000| PB 0x000000070da00000| Untracked 
| 104|0x000000070dc00000, 0x000000070dc00000, 0x000000070de00000|  0%| F|  |TAMS 0x000000070dc00000| PB 0x000000070dc00000| Untracked 
| 105|0x000000070de00000, 0x000000070de00000, 0x000000070e000000|  0%| F|  |TAMS 0x000000070de00000| PB 0x000000070de00000| Untracked 
| 106|0x000000070e000000, 0x000000070e000000, 0x000000070e200000|  0%| F|  |TAMS 0x000000070e000000| PB 0x000000070e000000| Untracked 
| 107|0x000000070e200000, 0x000000070e200000, 0x000000070e400000|  0%| F|  |TAMS 0x000000070e200000| PB 0x000000070e200000| Untracked 
| 108|0x000000070e400000, 0x000000070e400000, 0x000000070e600000|  0%| F|  |TAMS 0x000000070e400000| PB 0x000000070e400000| Untracked 
| 109|0x000000070e600000, 0x000000070e600000, 0x000000070e800000|  0%| F|  |TAMS 0x000000070e600000| PB 0x000000070e600000| Untracked 
| 110|0x000000070e800000, 0x000000070e800000, 0x000000070ea00000|  0%| F|  |TAMS 0x000000070e800000| PB 0x000000070e800000| Untracked 
| 111|0x000000070ea00000, 0x000000070ea00000, 0x000000070ec00000|  0%| F|  |TAMS 0x000000070ea00000| PB 0x000000070ea00000| Untracked 
| 112|0x000000070ec00000, 0x000000070ec00000, 0x000000070ee00000|  0%| F|  |TAMS 0x000000070ec00000| PB 0x000000070ec00000| Untracked 
| 113|0x000000070ee00000, 0x000000070ee00000, 0x000000070f000000|  0%| F|  |TAMS 0x000000070ee00000| PB 0x000000070ee00000| Untracked 
| 114|0x000000070f000000, 0x000000070f000000, 0x000000070f200000|  0%| F|  |TAMS 0x000000070f000000| PB 0x000000070f000000| Untracked 
| 115|0x000000070f200000, 0x000000070f3a64c0, 0x000000070f400000| 82%| S|CS|TAMS 0x000000070f200000| PB 0x000000070f200000| Complete 
| 116|0x000000070f400000, 0x000000070f600000, 0x000000070f600000|100%| S|CS|TAMS 0x000000070f400000| PB 0x000000070f400000| Complete 
| 117|0x000000070f600000, 0x000000070f600000, 0x000000070f800000|  0%| F|  |TAMS 0x000000070f600000| PB 0x000000070f600000| Untracked 
| 118|0x000000070f800000, 0x000000070f800000, 0x000000070fa00000|  0%| F|  |TAMS 0x000000070f800000| PB 0x000000070f800000| Untracked 
| 119|0x000000070fa00000, 0x000000070fa00000, 0x000000070fc00000|  0%| F|  |TAMS 0x000000070fa00000| PB 0x000000070fa00000| Untracked 
| 120|0x000000070fc00000, 0x000000070fc00000, 0x000000070fe00000|  0%| F|  |TAMS 0x000000070fc00000| PB 0x000000070fc00000| Untracked 
| 121|0x000000070fe00000, 0x000000070fe00000, 0x0000000710000000|  0%| F|  |TAMS 0x000000070fe00000| PB 0x000000070fe00000| Untracked 
| 122|0x0000000710000000, 0x0000000710000000, 0x0000000710200000|  0%| F|  |TAMS 0x0000000710000000| PB 0x0000000710000000| Untracked 
| 123|0x0000000710200000, 0x0000000710400000, 0x0000000710400000|100%| E|  |TAMS 0x0000000710200000| PB 0x0000000710200000| Complete 
| 124|0x0000000710400000, 0x0000000710600000, 0x0000000710600000|100%| E|CS|TAMS 0x0000000710400000| PB 0x0000000710400000| Complete 
| 125|0x0000000710600000, 0x0000000710800000, 0x0000000710800000|100%| E|CS|TAMS 0x0000000710600000| PB 0x0000000710600000| Complete 
| 126|0x0000000710800000, 0x0000000710a00000, 0x0000000710a00000|100%| E|CS|TAMS 0x0000000710800000| PB 0x0000000710800000| Complete 
| 127|0x0000000710a00000, 0x0000000710c00000, 0x0000000710c00000|100%| E|CS|TAMS 0x0000000710a00000| PB 0x0000000710a00000| Complete 

Card table byte_map: [0x0000027036e50000,0x0000027037650000] _byte_map_base: 0x000002703364a000

Marking Bits: (CMBitMap*) 0x000002701ca09de0
 Bits: [0x0000027037650000, 0x000002703b620000)

Polling page: 0x000002701ca70000

Metaspace:

Usage:
  Non-class:      5.17 MB used.
      Class:    721.67 KB used.
       Both:      5.87 MB used.

Virtual space:
  Non-class space:       64.00 MB reserved,       5.25 MB (  8%) committed,  1 nodes.
      Class space:        1.00 GB reserved,     832.00 KB ( <1%) committed,  1 nodes.
             Both:        1.06 GB reserved,       6.06 MB ( <1%) committed. 

Chunk freelists:
   Non-Class:  8.95 MB
       Class:  15.22 MB
        Both:  24.16 MB

MaxMetaspaceSize: unlimited
CompressedClassSpaceSize: 1.00 GB
Initial GC threshold: 21.00 MB
Current GC threshold: 21.00 MB
CDS: on
 - commit_granule_bytes: 65536.
 - commit_granule_words: 8192.
 - virtual_space_node_default_size: 8388608.
 - enlarge_chunks_in_place: 1.
 - use_allocation_guard: 0.


Internal statistics:

num_allocs_failed_limit: 0.
num_arena_births: 66.
num_arena_deaths: 0.
num_vsnodes_births: 2.
num_vsnodes_deaths: 0.
num_space_committed: 97.
num_space_uncommitted: 0.
num_chunks_returned_to_freelist: 0.
num_chunks_taken_from_freelist: 242.
num_chunk_merges: 0.
num_chunk_splits: 155.
num_chunks_enlarged: 126.
num_inconsistent_stats: 0.

CodeHeap 'non-profiled nmethods': size=120000Kb used=576Kb max_used=576Kb free=119423Kb
 bounds [0x000002702e480000, 0x000002702e6f0000, 0x00000270359b0000]
CodeHeap 'profiled nmethods': size=120000Kb used=2576Kb max_used=2576Kb free=117423Kb
 bounds [0x00000270269b0000, 0x0000027026c40000, 0x000002702dee0000]
CodeHeap 'non-nmethods': size=5760Kb used=1295Kb max_used=1322Kb free=4464Kb
 bounds [0x000002702dee0000, 0x000002702e150000, 0x000002702e480000]
CodeCache: size=245760Kb, used=4447Kb, max_used=4474Kb, free=241310Kb
 total_blobs=1804, nmethods=1342, adapters=367, full_count=0
Compilation: enabled, stopped_count=0, restarted_count=0

Compilation events (20 events):
Event: 0.574 Thread 0x000002703e352860 nmethod 1248 0x0000027026c0ce90 code [0x0000027026c0d040, 0x0000027026c0d230]
Event: 0.574 Thread 0x000002703e352860 1249       3       java.lang.reflect.Executable::<init> (5 bytes)
Event: 0.574 Thread 0x000002703e352860 nmethod 1249 0x0000027026c0d310 code [0x0000027026c0d4c0, 0x0000027026c0d688]
Event: 0.574 Thread 0x000002703e352860 1250       3       java.lang.reflect.Method::getRoot (5 bytes)
Event: 0.574 Thread 0x000002703e352860 nmethod 1250 0x0000027026c0d790 code [0x0000027026c0d920, 0x0000027026c0da48]
Event: 0.574 Thread 0x000002703e352860 1251       3       java.util.stream.StreamOpFlag::isKnown (19 bytes)
Event: 0.574 Thread 0x000002703e352860 nmethod 1251 0x0000027026c0db10 code [0x0000027026c0dca0, 0x0000027026c0de08]
Event: 0.574 Thread 0x000002703e352860 1252       3       jdk.internal.reflect.ReflectionFactory::copyMethod (11 bytes)
Event: 0.574 Thread 0x000002703e352860 nmethod 1252 0x0000027026c0de90 code [0x0000027026c0e040, 0x0000027026c0e238]
Event: 0.574 Thread 0x000002703e352860 1253       3       java.lang.reflect.ReflectAccess::copyMethod (5 bytes)
Event: 0.574 Thread 0x000002703e352860 nmethod 1253 0x0000027026c0e390 code [0x0000027026c0e540, 0x0000027026c0e680]
Event: 0.574 Thread 0x000002703e352860 1254       1       com.google.inject.TypeLiteral::getRawType (5 bytes)
Event: 0.574 Thread 0x000002703e352860 nmethod 1254 0x000002702e4fea90 code [0x000002702e4fec20, 0x000002702e4fecf0]
Event: 0.574 Thread 0x000002703e352860 1256       3       java.lang.invoke.Invokers$Holder::linkToTargetMethod (9 bytes)
Event: 0.575 Thread 0x000002703e352860 nmethod 1256 0x0000027026c0e790 code [0x0000027026c0e960, 0x0000027026c0ed38]
Event: 0.575 Thread 0x000002703e352860 1255       1       java.util.stream.AbstractPipeline::getStreamAndOpFlags (5 bytes)
Event: 0.575 Thread 0x000002703e352860 nmethod 1255 0x000002702e4fed90 code [0x000002702e4fef20, 0x000002702e4fefe8]
Event: 0.575 Thread 0x000002703e352860 1257       3       java.lang.reflect.Method::getAnnotation (6 bytes)
Event: 0.575 Thread 0x000002703e352860 nmethod 1257 0x0000027026c0ee10 code [0x0000027026c0f040, 0x0000027026c0f728]
Event: 0.575 Thread 0x000002703e352860 1258       3       java.lang.reflect.Executable::getAnnotation (23 bytes)

GC Heap History (2 events):
Event: 0.436 GC heap before
{Heap before GC invocations=0 (full 0):
 garbage-first heap   total 262144K, used 22528K [0x0000000700c00000, 0x0000000800000000)
  region size 2048K, 11 young (22528K), 0 survivors (0K)
 Metaspace       used 5386K, committed 5568K, reserved 1114112K
  class space    used 635K, committed 768K, reserved 1048576K
}
Event: 0.438 GC heap after
{Heap after GC invocations=1 (full 0):
 garbage-first heap   total 262144K, used 3737K [0x0000000700c00000, 0x0000000800000000)
  region size 2048K, 2 young (4096K), 2 survivors (4096K)
 Metaspace       used 5386K, committed 5568K, reserved 1114112K
  class space    used 635K, committed 768K, reserved 1048576K
}

Dll operation events (8 events):
Event: 0.004 Loaded shared library C:\Program Files\Eclipse Adoptium\jdk-21.0.9.10-hotspot\bin\java.dll
Event: 0.025 Loaded shared library C:\Program Files\Eclipse Adoptium\jdk-21.0.9.10-hotspot\bin\jsvml.dll
Event: 0.037 Loaded shared library C:\Program Files\Eclipse Adoptium\jdk-21.0.9.10-hotspot\bin\net.dll
Event: 0.039 Loaded shared library C:\Program Files\Eclipse Adoptium\jdk-21.0.9.10-hotspot\bin\nio.dll
Event: 0.041 Loaded shared library C:\Program Files\Eclipse Adoptium\jdk-21.0.9.10-hotspot\bin\zip.dll
Event: 0.143 Loaded shared library C:\Program Files\Eclipse Adoptium\jdk-21.0.9.10-hotspot\bin\jimage.dll
Event: 0.145 Loaded shared library C:\Users\ltarr\.m2\wrapper\dists\apache-maven-3.9.16\0daed3be3ebd1c706f0e69e8b07c6b73f5cc4ea3dfce72a8d0ec2e849ca2ddb0\lib\jansi-native\Windows\x86_64\jansi.dll
Event: 0.156 Loaded shared library C:\Program Files\Eclipse Adoptium\jdk-21.0.9.10-hotspot\bin\verify.dll

Deoptimization events (20 events):
Event: 0.318 Thread 0x000002701c7c5360 Uncommon trap: trap_request=0xffffffde fr.pc=0x000002702e4d14c4 relative=0x0000000000000124
Event: 0.318 Thread 0x000002701c7c5360 Uncommon trap: reason=class_check action=maybe_recompile pc=0x000002702e4d14c4 method=jdk.internal.misc.Unsafe.allocateUninitializedArray(Ljava/lang/Class;I)Ljava/lang/Object; @ 51 c2
Event: 0.318 Thread 0x000002701c7c5360 DEOPT PACKING pc=0x000002702e4d14c4 sp=0x000000f3f7afab20
Event: 0.318 Thread 0x000002701c7c5360 DEOPT UNPACKING pc=0x000002702df34422 sp=0x000000f3f7afaa98 mode 2
Event: 0.453 Thread 0x000002701c7c5360 Uncommon trap: trap_request=0xffffff76 fr.pc=0x000002702e4c7300 relative=0x0000000000000320
Event: 0.453 Thread 0x000002701c7c5360 Uncommon trap: reason=predicate action=maybe_recompile pc=0x000002702e4c7300 method=java.util.regex.Pattern$BmpCharPropertyGreedy.match(Ljava/util/regex/Matcher;ILjava/lang/CharSequence;)Z @ 12 c2
Event: 0.453 Thread 0x000002701c7c5360 DEOPT PACKING pc=0x000002702e4c7300 sp=0x000000f3f7afe230
Event: 0.453 Thread 0x000002701c7c5360 DEOPT UNPACKING pc=0x000002702df34422 sp=0x000000f3f7afe1e8 mode 2
Event: 0.453 Thread 0x000002701c7c5360 Uncommon trap: trap_request=0xffffff45 fr.pc=0x000002702e4bc564 relative=0x00000000000000c4
Event: 0.453 Thread 0x000002701c7c5360 Uncommon trap: reason=unstable_if action=reinterpret pc=0x000002702e4bc564 method=org.codehaus.plexus.util.xml.pull.MXParser.more()C @ 8 c2
Event: 0.453 Thread 0x000002701c7c5360 DEOPT PACKING pc=0x000002702e4bc564 sp=0x000000f3f7afe600
Event: 0.453 Thread 0x000002701c7c5360 DEOPT UNPACKING pc=0x000002702df34422 sp=0x000000f3f7afe590 mode 2
Event: 0.495 Thread 0x000002701c7c5360 Uncommon trap: trap_request=0xffffff45 fr.pc=0x000002702e4e58e8 relative=0x0000000000001a28
Event: 0.495 Thread 0x000002701c7c5360 Uncommon trap: reason=unstable_if action=reinterpret pc=0x000002702e4e58e8 method=java.nio.charset.CoderResult.isOverflow()Z @ 5 c2
Event: 0.495 Thread 0x000002701c7c5360 DEOPT PACKING pc=0x000002702e4e58e8 sp=0x000000f3f7afe130
Event: 0.495 Thread 0x000002701c7c5360 DEOPT UNPACKING pc=0x000002702df34422 sp=0x000000f3f7afdd70 mode 2
Event: 0.500 Thread 0x000002701c7c5360 Uncommon trap: trap_request=0xffffff45 fr.pc=0x000002702e4ea7a8 relative=0x0000000000001968
Event: 0.500 Thread 0x000002701c7c5360 Uncommon trap: reason=unstable_if action=reinterpret pc=0x000002702e4ea7a8 method=java.nio.charset.CoderResult.isOverflow()Z @ 5 c2
Event: 0.500 Thread 0x000002701c7c5360 DEOPT PACKING pc=0x000002702e4ea7a8 sp=0x000000f3f7afe0f0
Event: 0.500 Thread 0x000002701c7c5360 DEOPT UNPACKING pc=0x000002702df34422 sp=0x000000f3f7afdc70 mode 2

Classes loaded (20 events):
Event: 0.427 Loading class java/util/concurrent/TimeoutException
Event: 0.427 Loading class java/util/concurrent/TimeoutException done
Event: 0.428 Loading class java/util/concurrent/CancellationException
Event: 0.428 Loading class java/util/concurrent/CancellationException done
Event: 0.434 Loading class java/lang/reflect/ParameterizedType
Event: 0.434 Loading class java/lang/reflect/ParameterizedType done
Event: 0.439 Loading class java/lang/reflect/WildcardType
Event: 0.439 Loading class java/lang/reflect/WildcardType done
Event: 0.441 Loading class sun/reflect/generics/tree/TypeVariableSignature
Event: 0.441 Loading class sun/reflect/generics/tree/TypeVariableSignature done
Event: 0.450 Loading class java/lang/annotation/IncompleteAnnotationException
Event: 0.450 Loading class java/lang/annotation/IncompleteAnnotationException done
Event: 0.479 Loading class java/lang/foreign/MemorySegment
Event: 0.480 Loading class java/lang/foreign/MemorySegment done
Event: 0.565 Loading class sun/reflect/generics/reflectiveObjects/TypeVariableImpl
Event: 0.565 Loading class sun/reflect/generics/reflectiveObjects/LazyReflectiveObjectGenerator
Event: 0.565 Loading class sun/reflect/generics/reflectiveObjects/LazyReflectiveObjectGenerator done
Event: 0.565 Loading class sun/reflect/generics/reflectiveObjects/TypeVariableImpl done
Event: 0.565 Loading class sun/reflect/generics/reflectiveObjects/ParameterizedTypeImpl
Event: 0.565 Loading class sun/reflect/generics/reflectiveObjects/ParameterizedTypeImpl done

Classes unloaded (0 events):
No events

Classes redefined (0 events):
No events

Internal exceptions (20 events):
Event: 0.148 Thread 0x000002701c7c5360 Exception <a 'java/lang/NullPointerException'{0x0000000710463fc8}> (0x0000000710463fc8) 
thrown [s\src\hotspot\share\interpreter\linkResolver.cpp, line 1372]
Event: 0.148 Thread 0x000002701c7c5360 Exception <a 'java/lang/NullPointerException'{0x00000007104642a8}> (0x00000007104642a8) 
thrown [s\src\hotspot\share\interpreter\linkResolver.cpp, line 1372]
Event: 0.149 Thread 0x000002701c7c5360 Exception <a 'java/lang/NullPointerException'{0x000000071046c550}> (0x000000071046c550) 
thrown [s\src\hotspot\share\interpreter\linkResolver.cpp, line 1372]
Event: 0.151 Thread 0x000002701c7c5360 Exception <a 'java/lang/NullPointerException'{0x00000007104f3a00}> (0x00000007104f3a00) 
thrown [s\src\hotspot\share\interpreter\linkResolver.cpp, line 1372]
Event: 0.151 Thread 0x000002701c7c5360 Exception <a 'java/lang/NullPointerException'{0x00000007104f3ce0}> (0x00000007104f3ce0) 
thrown [s\src\hotspot\share\interpreter\linkResolver.cpp, line 1372]
Event: 0.151 Thread 0x000002701c7c5360 Exception <a 'java/lang/NullPointerException'{0x00000007104f3fc0}> (0x00000007104f3fc0) 
thrown [s\src\hotspot\share\interpreter\linkResolver.cpp, line 1372]
Event: 0.151 Thread 0x000002701c7c5360 Exception <a 'java/lang/NullPointerException'{0x00000007104f42a0}> (0x00000007104f42a0) 
thrown [s\src\hotspot\share\interpreter\linkResolver.cpp, line 1372]
Event: 0.162 Thread 0x000002701c7c5360 Exception <a 'java/lang/NoSuchMethodError'{0x000000071056f3e8}: 'void java.lang.invoke.DirectMethodHandle$Holder.invokeVirtual(java.lang.Object, java.lang.Object)'> (0x000000071056f3e8) 
thrown [s\src\hotspot\share\interpreter\linkResolver.cpp, line 773]
Event: 0.164 Thread 0x000002701c7c5360 Exception <a 'java/lang/NoSuchMethodError'{0x000000071058cb18}: 'void java.lang.invoke.DirectMethodHandle$Holder.invokeStatic(java.lang.Object, java.lang.Object)'> (0x000000071058cb18) 
thrown [s\src\hotspot\share\interpreter\linkResolver.cpp, line 773]
Event: 0.164 Thread 0x000002701c7c5360 Exception <a 'java/lang/NoSuchMethodError'{0x000000071058fc10}: 'void java.lang.invoke.DirectMethodHandle$Holder.invokeStaticInit(java.lang.Object, java.lang.Object)'> (0x000000071058fc10) 
thrown [s\src\hotspot\share\interpreter\linkResolver.cpp, line 773]
Event: 0.172 Thread 0x000002701c7c5360 Exception <a 'java/lang/NoSuchMethodError'{0x00000007105e77a8}: 'void java.lang.invoke.DirectMethodHandle$Holder.invokeStatic(java.lang.Object, java.lang.Object, java.lang.Object)'> (0x00000007105e77a8) 
thrown [s\src\hotspot\share\interpreter\linkResolver.cpp, line 773]
Event: 0.215 Thread 0x000002701c7c5360 Exception <a 'java/lang/NoSuchMethodError'{0x00000007103b0188}: 'java.lang.Object java.lang.invoke.DirectMethodHandle$Holder.invokeSpecialIFC(java.lang.Object, java.lang.Object, java.lang.Object, java.lang.Object)'> (0x00000007103b0188) 
thrown [s\src\hotspot\share\interpreter\linkResolver.cpp, line 773]
Event: 0.344 Thread 0x000002701c7c5360 Exception <a 'java/lang/NoSuchMethodError'{0x000000070faafea8}: 'void java.lang.invoke.DirectMethodHandle$Holder.invokeSpecial(java.lang.Object, java.lang.Object, java.lang.Object)'> (0x000000070faafea8) 
thrown [s\src\hotspot\share\interpreter\linkResolver.cpp, line 773]
Event: 0.369 Thread 0x000002701c7c5360 Exception <a 'java/lang/NoSuchMethodError'{0x000000070f843118}: 'java.lang.Object java.lang.invoke.DirectMethodHandle$Holder.invokeInterface(java.lang.Object, java.lang.Object)'> (0x000000070f843118) 
thrown [s\src\hotspot\share\interpreter\linkResolver.cpp, line 773]
Event: 0.383 Thread 0x000002701c7c5360 Exception <a 'java/lang/NoSuchMethodError'{0x000000070f904178}: 'int java.lang.invoke.DirectMethodHandle$Holder.invokeStatic(java.lang.Object, java.lang.Object, java.lang.Object, java.lang.Object)'> (0x000000070f904178) 
thrown [s\src\hotspot\share\interpreter\linkResolver.cpp, line 773]
Event: 0.383 Thread 0x000002701c7c5360 Exception <a 'java/lang/NoSuchMethodError'{0x000000070f907848}: 'java.lang.Object java.lang.invoke.Invokers$Holder.invokeExact_MT(java.lang.Object, java.lang.Object, java.lang.Object, java.lang.Object, java.lang.Object, java.lang.Object)'> (0x000000070f907848) 
thrown [s\src\hotspot\share\interpreter\linkResolver.cpp, line 773]
Event: 0.384 Thread 0x000002701c7c5360 Exception <a 'java/lang/NoSuchMethodError'{0x000000070f9161e8}: 'int java.lang.invoke.DirectMethodHandle$Holder.invokeSpecialIFC(java.lang.Object, java.lang.Object, java.lang.Object, java.lang.Object, java.lang.Object)'> (0x000000070f9161e8) 
thrown [s\src\hotspot\share\interpreter\linkResolver.cpp, line 773]
Event: 0.421 Thread 0x000002701c7c5360 Exception <a 'java/lang/NoSuchMethodError'{0x000000070f70a4b8}: 'java.lang.Object java.lang.invoke.DirectMethodHandle$Holder.newInvokeSpecial(java.lang.Object, java.lang.Object, java.lang.Object, java.lang.Object, java.lang.Object)'> (0x000000070f70a4b8) 
thrown [s\src\hotspot\share\interpreter\linkResolver.cpp, line 773]
Event: 0.445 Thread 0x000002701c7c5360 Exception <a 'java/lang/NoSuchMethodError'{0x0000000710a509d8}: 'int java.lang.invoke.DirectMethodHandle$Holder.invokeStaticInit(java.lang.Object, java.lang.Object)'> (0x0000000710a509d8) 
thrown [s\src\hotspot\share\interpreter\linkResolver.cpp, line 773]
Event: 0.450 Thread 0x000002701c7c5360 Exception <a 'java/lang/NoClassDefFoundError'{0x0000000710aec5b0}: javax/enterprise/inject/Typed> (0x0000000710aec5b0) 
thrown [s\src\hotspot\share\classfile\systemDictionary.cpp, line 301]

ZGC Phase Switch (0 events):
No events

VM Operations (10 events):
Event: 0.041 Executing VM operation: HandshakeAllThreads (Deoptimize)
Event: 0.041 Executing VM operation: HandshakeAllThreads (Deoptimize) done
Event: 0.139 Executing VM operation: HandshakeAllThreads (Deoptimize)
Event: 0.139 Executing VM operation: HandshakeAllThreads (Deoptimize) done
Event: 0.146 Executing VM operation: HandshakeAllThreads (Deoptimize)
Event: 0.146 Executing VM operation: HandshakeAllThreads (Deoptimize) done
Event: 0.413 Executing VM operation: ICBufferFull
Event: 0.413 Executing VM operation: ICBufferFull done
Event: 0.436 Executing VM operation: G1CollectForAllocation (G1 Evacuation Pause)
Event: 0.438 Executing VM operation: G1CollectForAllocation (G1 Evacuation Pause) done

Memory protections (0 events):
No events

Nmethod flushes (0 events):
No events

Events (15 events):
Event: 0.014 Thread 0x000002701c7c5360 Thread added: 0x000002701c7c5360
Event: 0.024 Thread 0x000002701c7c5360 Thread added: 0x000002703e33aa70
Event: 0.024 Thread 0x000002701c7c5360 Thread added: 0x000002703e33c9e0
Event: 0.024 Thread 0x000002701c7c5360 Thread added: 0x000002703e33e720
Event: 0.024 Thread 0x000002701c7c5360 Thread added: 0x000002703e3424f0
Event: 0.024 Thread 0x000002701c7c5360 Thread added: 0x000002703e343890
Event: 0.024 Thread 0x000002701c7c5360 Thread added: 0x000002703e344de0
Event: 0.024 Thread 0x000002701c7c5360 Thread added: 0x000002703e34e830
Event: 0.024 Thread 0x000002701c7c5360 Thread added: 0x000002703e352860
Event: 0.034 Thread 0x000002701c7c5360 Thread added: 0x000002703e4a3200
Event: 0.035 Thread 0x000002701c7c5360 Thread added: 0x000002703e4a5280
Event: 0.107 Thread 0x000002703e352860 Thread added: 0x000002703e355140
Event: 0.142 Thread 0x000002701c7c5360 Thread added: 0x000002703ec0a250
Event: 0.147 Thread 0x000002703ec0a250 Thread exited: 0x000002703ec0a250
Event: 0.470 Thread 0x000002703e352860 Thread added: 0x000002703e351ac0


Dynamic libraries:
0x00007ff7f0da0000 - 0x00007ff7f0dae000 	C:\Program Files\Eclipse Adoptium\jdk-21.0.9.10-hotspot\bin\java.exe
0x00007fff96af0000 - 0x00007fff96ce9000 	C:\WINDOWS\SYSTEM32\ntdll.dll
0x00007fff960e0000 - 0x00007fff961a2000 	C:\WINDOWS\System32\KERNEL32.DLL
0x00007fff94360000 - 0x00007fff94657000 	C:\WINDOWS\System32\KERNELBASE.dll
0x00007fff94260000 - 0x00007fff94360000 	C:\WINDOWS\System32\ucrtbase.dll
0x00007fff83a90000 - 0x00007fff83aae000 	C:\Program Files\Eclipse Adoptium\jdk-21.0.9.10-hotspot\bin\VCRUNTIME140.dll
0x00007fff83a70000 - 0x00007fff83a88000 	C:\Program Files\Eclipse Adoptium\jdk-21.0.9.10-hotspot\bin\jli.dll
0x00007fff94b80000 - 0x00007fff94d1d000 	C:\WINDOWS\System32\USER32.dll
0x00007fff94960000 - 0x00007fff94982000 	C:\WINDOWS\System32\win32u.dll
0x00007fff820e0000 - 0x00007fff8237b000 	C:\WINDOWS\WinSxS\amd64_microsoft.windows.common-controls_6595b64144ccf1df_6.0.19041.6926_none_60b5a53971f8f7e6\COMCTL32.dll
0x00007fff967a0000 - 0x00007fff967cb000 	C:\WINDOWS\System32\GDI32.dll
0x00007fff95270000 - 0x00007fff9530e000 	C:\WINDOWS\System32\msvcrt.dll
0x00007fff94840000 - 0x00007fff9495a000 	C:\WINDOWS\System32\gdi32full.dll
0x00007fff94a20000 - 0x00007fff94abd000 	C:\WINDOWS\System32\msvcp_win.dll
0x00007fff94b50000 - 0x00007fff94b7f000 	C:\WINDOWS\System32\IMM32.DLL
0x00007fff8c8c0000 - 0x00007fff8c8cc000 	C:\Program Files\Eclipse Adoptium\jdk-21.0.9.10-hotspot\bin\vcruntime140_1.dll
0x00007fff765a0000 - 0x00007fff7662d000 	C:\Program Files\Eclipse Adoptium\jdk-21.0.9.10-hotspot\bin\msvcp140.dll
0x00007fff19210000 - 0x00007fff19fb0000 	C:\Program Files\Eclipse Adoptium\jdk-21.0.9.10-hotspot\bin\server\jvm.dll
0x00007fff94d20000 - 0x00007fff94dd1000 	C:\WINDOWS\System32\ADVAPI32.dll
0x00007fff96030000 - 0x00007fff960cf000 	C:\WINDOWS\System32\sechost.dll
0x00007fff95a90000 - 0x00007fff95bb6000 	C:\WINDOWS\System32\RPCRT4.dll
0x00007fff94ac0000 - 0x00007fff94ae7000 	C:\WINDOWS\System32\bcrypt.dll
0x00007fff96730000 - 0x00007fff9679b000 	C:\WINDOWS\System32\WS2_32.dll
0x00007fff93fb0000 - 0x00007fff93ffb000 	C:\WINDOWS\SYSTEM32\POWRPROF.dll
0x00007fff872c0000 - 0x00007fff872e7000 	C:\WINDOWS\SYSTEM32\WINMM.dll
0x00007fff8c0b0000 - 0x00007fff8c0ba000 	C:\WINDOWS\SYSTEM32\VERSION.dll
0x00007fff93f90000 - 0x00007fff93fa2000 	C:\WINDOWS\SYSTEM32\UMPDC.dll
0x00007fff91f10000 - 0x00007fff91f22000 	C:\WINDOWS\SYSTEM32\kernel.appcore.dll
0x00007fff83b40000 - 0x00007fff83b4a000 	C:\Program Files\Eclipse Adoptium\jdk-21.0.9.10-hotspot\bin\jimage.dll
0x00007fff8ca50000 - 0x00007fff8cc51000 	C:\WINDOWS\SYSTEM32\DBGHELP.DLL
0x00007fff84440000 - 0x00007fff84474000 	C:\WINDOWS\SYSTEM32\dbgcore.DLL
0x00007fff94990000 - 0x00007fff94a12000 	C:\WINDOWS\System32\bcryptPrimitives.dll
0x00007fff82f10000 - 0x00007fff82f30000 	C:\Program Files\Eclipse Adoptium\jdk-21.0.9.10-hotspot\bin\java.dll
0x00007fff95310000 - 0x00007fff95a81000 	C:\WINDOWS\System32\SHELL32.dll
0x00007fff921f0000 - 0x00007fff92996000 	C:\WINDOWS\SYSTEM32\windows.storage.dll
0x00007fff94e90000 - 0x00007fff951e3000 	C:\WINDOWS\System32\combase.dll
0x00007fff93ab0000 - 0x00007fff93adb000 	C:\WINDOWS\SYSTEM32\Wldp.dll
0x00007fff969d0000 - 0x00007fff96aa6000 	C:\WINDOWS\System32\OLEAUT32.dll
0x00007fff94de0000 - 0x00007fff94e8d000 	C:\WINDOWS\System32\SHCORE.dll
0x00007fff966d0000 - 0x00007fff9672b000 	C:\WINDOWS\System32\shlwapi.dll
0x00007fff94090000 - 0x00007fff940b4000 	C:\WINDOWS\SYSTEM32\profapi.dll
0x00007fff764c0000 - 0x00007fff76597000 	C:\Program Files\Eclipse Adoptium\jdk-21.0.9.10-hotspot\bin\jsvml.dll
0x00007fff82d40000 - 0x00007fff82d50000 	C:\Program Files\Eclipse Adoptium\jdk-21.0.9.10-hotspot\bin\net.dll
0x00007fff8bed0000 - 0x00007fff8bfda000 	C:\WINDOWS\SYSTEM32\WINHTTP.dll
0x00007fff937e0000 - 0x00007fff9384a000 	C:\WINDOWS\system32\mswsock.dll
0x00007fff7f4d0000 - 0x00007fff7f4e6000 	C:\Program Files\Eclipse Adoptium\jdk-21.0.9.10-hotspot\bin\nio.dll
0x00007fff7f0e0000 - 0x00007fff7f0f8000 	C:\Program Files\Eclipse Adoptium\jdk-21.0.9.10-hotspot\bin\zip.dll
0x00007fff7eab0000 - 0x00007fff7ead4000 	C:\Users\ltarr\.m2\wrapper\dists\apache-maven-3.9.16\0daed3be3ebd1c706f0e69e8b07c6b73f5cc4ea3dfce72a8d0ec2e849ca2ddb0\lib\jansi-native\Windows\x86_64\jansi.dll
0x00007fff82460000 - 0x00007fff82470000 	C:\Program Files\Eclipse Adoptium\jdk-21.0.9.10-hotspot\bin\verify.dll

JVMTI agents: none

dbghelp: loaded successfully - version: 4.0.5 - missing functions: none
symbol engine: initialized successfully - sym options: 0x614 - pdb path: .;C:\Program Files\Eclipse Adoptium\jdk-21.0.9.10-hotspot\bin;C:\WINDOWS\SYSTEM32;C:\WINDOWS\WinSxS\amd64_microsoft.windows.common-controls_6595b64144ccf1df_6.0.19041.6926_none_60b5a53971f8f7e6;C:\Program Files\Eclipse Adoptium\jdk-21.0.9.10-hotspot\bin\server;C:\Users\ltarr\.m2\wrapper\dists\apache-maven-3.9.16\0daed3be3ebd1c706f0e69e8b07c6b73f5cc4ea3dfce72a8d0ec2e849ca2ddb0\lib\jansi-native\Windows\x86_64

VM Arguments:
jvm_args: --enable-native-access=ALL-UNNAMED -Dclassworlds.conf=C:\Users\ltarr\.m2\wrapper\dists\apache-maven-3.9.16\0daed3be3ebd1c706f0e69e8b07c6b73f5cc4ea3dfce72a8d0ec2e849ca2ddb0\bin\m2.conf -Dmaven.home=C:\Users\ltarr\.m2\wrapper\dists\apache-maven-3.9.16\0daed3be3ebd1c706f0e69e8b07c6b73f5cc4ea3dfce72a8d0ec2e849ca2ddb0 -Dlibrary.jansi.path=C:\Users\ltarr\.m2\wrapper\dists\apache-maven-3.9.16\0daed3be3ebd1c706f0e69e8b07c6b73f5cc4ea3dfce72a8d0ec2e849ca2ddb0\lib\jansi-native -Dmaven.multiModuleProjectDirectory=C:\ProyectoCurriculum\ticketapi 
java_command: org.codehaus.plexus.classworlds.launcher.Launcher clean
java_class_path (initial): C:\Users\ltarr\.m2\wrapper\dists\apache-maven-3.9.16\0daed3be3ebd1c706f0e69e8b07c6b73f5cc4ea3dfce72a8d0ec2e849ca2ddb0\boot\plexus-classworlds-2.11.0.jar
Launcher Type: SUN_STANDARD

[Global flags]
     intx CICompilerCount                          = 4                                         {product} {ergonomic}
     uint ConcGCThreads                            = 3                                         {product} {ergonomic}
     uint G1ConcRefinementThreads                  = 10                                        {product} {ergonomic}
   size_t G1HeapRegionSize                         = 2097152                                   {product} {ergonomic}
    uintx GCDrainStackTargetSize                   = 64                                        {product} {ergonomic}
   size_t InitialHeapSize                          = 268435456                                 {product} {ergonomic}
   size_t MarkStackSize                            = 4194304                                   {product} {ergonomic}
   size_t MaxHeapSize                              = 4282384384                                {product} {ergonomic}
   size_t MaxNewSize                               = 2569011200                                {product} {ergonomic}
   size_t MinHeapDeltaBytes                        = 2097152                                   {product} {ergonomic}
   size_t MinHeapSize                              = 8388608                                   {product} {ergonomic}
    uintx NonNMethodCodeHeapSize                   = 5839372                                {pd product} {ergonomic}
    uintx NonProfiledCodeHeapSize                  = 122909434                              {pd product} {ergonomic}
    uintx ProfiledCodeHeapSize                     = 122909434                              {pd product} {ergonomic}
    uintx ReservedCodeCacheSize                    = 251658240                              {pd product} {ergonomic}
     bool SegmentedCodeCache                       = true                                      {product} {ergonomic}
   size_t SoftMaxHeapSize                          = 4282384384                             {manageable} {ergonomic}
     bool UseCompressedOops                        = true                           {product lp64_product} {ergonomic}
     bool UseG1GC                                  = true                                      {product} {ergonomic}
     bool UseLargePagesIndividualAllocation        = false                                  {pd product} {ergonomic}

Logging:
Log output configuration:
 #0: stdout all=warning uptime,level,tags foldmultilines=false
 #1: stderr all=off uptime,level,tags foldmultilines=false

Release file:
IMPLEMENTOR="Eclipse Adoptium" 
IMPLEMENTOR_VERSION="Temurin-21.0.9+10" 
JAVA_RUNTIME_VERSION="21.0.9+10-LTS" 
JAVA_VERSION="21.0.9" 
JAVA_VERSION_DATE="2025-10-21" 
LIBC="default" 
MODULES="java.base java.compiler java.datatransfer java.xml java.prefs java.desktop java.instrument java.logging java.management java.security.sasl java.naming java.rmi java.management.rmi java.net.http java.scripting java.security.jgss java.transaction.xa java.sql java.sql.rowset java.xml.crypto java.se java.smartcardio jdk.accessibility jdk.internal.jvmstat jdk.attach jdk.charsets jdk.internal.opt jdk.zipfs jdk.compiler jdk.crypto.ec jdk.crypto.cryptoki jdk.crypto.mscapi jdk.dynalink jdk.internal.ed jdk.editpad jdk.hotspot.agent jdk.httpserver jdk.incubator.vector jdk.internal.le jdk.internal.vm.ci jdk.internal.vm.compiler jdk.internal.vm.compiler.management jdk.jartool jdk.javadoc jdk.jcmd jdk.management jdk.management.agent jdk.jconsole jdk.jdeps jdk.jdwp.agent jdk.jdi jdk.jfr jdk.jlink jdk.jpackage jdk.jshell jdk.jsobject jdk.jstatd jdk.localedata jdk.management.jfr jdk.naming.dns jdk.naming.rmi jdk.net jdk.nio.mapmode jdk.random jdk.sctp jdk.security.auth jdk.security.jgss jdk.unsupported jdk.unsupported.desktop jdk.xml.dom" 
OS_ARCH="x86_64" 
OS_NAME="Windows" 
SOURCE=".:git:759062135b07" 
BUILD_SOURCE="git:839fa0b45d809157cffd3dc8515aad262a4a1776"
BUILD_SOURCE_REPO="https://github.com/adoptium/temurin-build.git"
SOURCE_REPO="https://github.com/adoptium/jdk21u.git"
FULL_VERSION="21.0.9+10-LTS"
SEMANTIC_VERSION="21.0.9+10"
BUILD_INFO="OS: Windows Server 2022 Version: 10.0"
JVM_VARIANT="Hotspot"
JVM_VERSION="21.0.9+10-LTS"
IMAGE_TYPE="JDK"

Environment Variables:
JAVA_HOME=C:\Program Files\Eclipse Adoptium\jdk-21.0.9.10-hotspot\
PATH=C:\Users\ltarr\AppData\Local\Programs\Microsoft VS Code;C:\Program Files\Eclipse Adoptium\jdk-21.0.9.10-hotspot\bin;D:\M2\InstalacionOracle\bin;C:\Program Files (x86)\VMware\VMware Workstation\bin\;C:\oraclexe\app\oracle\product\11.2.0\server\bin;C:\Program Files\Common Files\Oracle\Java\javapath;C:\Program Files (x86)\Common Files\Oracle\Java\javapath;C:\WINDOWS\system32;C:\WINDOWS;C:\WINDOWS\System32\Wbem;C:\WINDOWS\System32\WindowsPowerShell\v1.0\;C:\WINDOWS\System32\OpenSSH\;C:\Program Files (x86)\Windows Kits\10\Windows Performance Toolkit\;C:\Program Files\nodejs\;C:\ffmpeg;C:\ProgramData\chocolatey\bin;C:\Program Files\Git\cmd;C:\Users\ltarr\AppData\Local\Programs\Python\Python313\Scripts\;C:\Users\ltarr\AppData\Local\Programs\Python\Python313\;C:\Users\ltarr\AppData\Local\Programs\Python\Launcher\;C:\Users\ltarr\scoop\shims;C:\Users\ltarr\AppData\Local\Microsoft\WindowsApps;C:\Users\ltarr\AppData\Local\Programs\Microsoft VS Code\bin;C:\Users\ltarr\AppData\Local\Microsoft\WinGet\Packages\Schniz.fnm_Microsoft.Winget.Source_8wekyb3d8bbwe;C:\Users\ltarr\AppData\Roaming\npm;C:\Users\ltarr\AppData\Local\Packages\PythonSoftwareFoundation.Python.3.10_qbz5n2kfra8p0\LocalCache\local-packages\Python310\Scripts;c:\Users\ltarr\.vscode\extensions\vscjava.vscode-java-debug-0.59.0\bundled\scripts\noConfigScripts
USERNAME=ltarr
LANG=en_US.UTF-8
OS=Windows_NT
PROCESSOR_IDENTIFIER=AMD64 Family 23 Model 113 Stepping 0, AuthenticAMD
TMP=C:\Users\ltarr\AppData\Local\Temp
TEMP=C:\Users\ltarr\AppData\Local\Temp




Periodic native trim disabled

---------------  S Y S T E M  ---------------

OS:
 Windows 10 , 64 bit Build 19041 (10.0.19041.7291)
OS uptime: 0 days 5:28 hours

CPU: total 12 (initial active 12) (12 cores per cpu, 2 threads per core) family 23 model 113 stepping 0 microcode 0x0, cx8, cmov, fxsr, ht, mmx, 3dnowpref, sse, sse2, sse3, ssse3, sse4a, sse4.1, sse4.2, popcnt, lzcnt, tsc, tscinvbit, avx, avx2, aes, clmul, bmi1, bmi2, adx, sha, fma, vzeroupper, clflush, clflushopt, rdtscp, rdpid, f16c
Processor Information for the first 12 processors :
  Max Mhz: 3593, Current Mhz: 3593, Mhz Limit: 3593

Memory: 4k page, system-wide physical 16334M (2970M free)
TotalPageFile size 16334M (AvailPageFile size 5M)
current process WorkingSet (physical memory assigned to process): 92M, peak: 94M
current process commit charge ("private bytes"): 373M, peak: 375M

vm_info: OpenJDK 64-Bit Server VM (21.0.9+10-LTS) for windows-amd64 JRE (21.0.9+10-LTS), built on 2025-10-21T00:00:00Z by "admin" with unknown MS VC++:1942

END.
