#
# There is insufficient memory for the Java Runtime Environment to continue.
# Native memory allocation (mmap) failed to map 65536 bytes. Error detail: Failed to commit metaspace.
# Possible reasons:
#   The system is out of physical RAM or swap space
#   This process is running with CompressedOops enabled, and the Java Heap may be blocking the growth of the native heap
# Possible solutions:
#   Reduce memory load on the system
#   Increase physical memory or swap space
#   Check if swap backing store is full
#   Decrease Java heap size (-Xmx/-Xms)
#   Decrease number of Java threads
#   Decrease Java thread stack sizes (-Xss)
#   Set larger code cache with -XX:ReservedCodeCacheSize=
#   JVM is running with Zero Based Compressed Oops mode in which the Java heap is
#     placed in the first 32GB address space. The Java Heap base address is the
#     maximum limit for the native heap growth. Please use -XX:HeapBaseMinAddress
#     to set the Java Heap base and to place the Java Heap above 32GB virtual address.
# This output file may be truncated or incomplete.
#
#  Out of Memory Error (virtualSpaceNode.cpp:113), pid=9716, tid=10792
#
# JRE version: OpenJDK Runtime Environment Temurin-21.0.9+10 (21.0.9+10) (build 21.0.9+10-LTS)
# Java VM: OpenJDK 64-Bit Server VM Temurin-21.0.9+10 (21.0.9+10-LTS, mixed mode, sharing, tiered, compressed oops, compressed class ptrs, g1 gc, windows-amd64)
# No core dump will be written. Minidumps are not enabled by default on client versions of Windows
#

---------------  S U M M A R Y ------------

Command Line: --enable-native-access=ALL-UNNAMED -Dclassworlds.conf=C:\Users\ltarr\.m2\wrapper\dists\apache-maven-3.9.16\0daed3be3ebd1c706f0e69e8b07c6b73f5cc4ea3dfce72a8d0ec2e849ca2ddb0\bin\m2.conf -Dmaven.home=C:\Users\ltarr\.m2\wrapper\dists\apache-maven-3.9.16\0daed3be3ebd1c706f0e69e8b07c6b73f5cc4ea3dfce72a8d0ec2e849ca2ddb0 -Dlibrary.jansi.path=C:\Users\ltarr\.m2\wrapper\dists\apache-maven-3.9.16\0daed3be3ebd1c706f0e69e8b07c6b73f5cc4ea3dfce72a8d0ec2e849ca2ddb0\lib\jansi-native -Dmaven.multiModuleProjectDirectory=C:\ProyectoCurriculum\ticketapi org.codehaus.plexus.classworlds.launcher.Launcher clean package -DskipTests

Host: AMD Ryzen 5 3600 6-Core Processor              , 12 cores, 15G,  Windows 10 , 64 bit Build 19041 (10.0.19041.7291)
Time: Sat May 30 12:54:36 2026 Hora de verano romance elapsed time: 0.074044 seconds (0d 0h 0m 0s)

---------------  T H R E A D  ---------------

Current thread (0x00000170233436f0):  JavaThread "main"             [_thread_in_vm, id=10792, stack(0x00000010aee00000,0x00000010aef00000) (1024K)]

Stack: [0x00000010aee00000,0x00000010aef00000]
Native frames: (J=compiled Java code, j=interpreted, Vv=VM code, C=native code)
V  [jvm.dll+0x6d6e29]
V  [jvm.dll+0x8b4b76]
V  [jvm.dll+0x8b712e]
V  [jvm.dll+0x8b7813]
V  [jvm.dll+0x283d86]
V  [jvm.dll+0x8b08be]
V  [jvm.dll+0x678824]
V  [jvm.dll+0x67888a]
V  [jvm.dll+0x67b086]
V  [jvm.dll+0x67af52]
V  [jvm.dll+0x6791fe]
V  [jvm.dll+0x683568]
V  [jvm.dll+0x21937e]
V  [jvm.dll+0x219825]
V  [jvm.dll+0x21a218]
V  [jvm.dll+0x20f44e]
V  [jvm.dll+0x5b5a0f]
V  [jvm.dll+0x2210ce]
V  [jvm.dll+0x82d53d]
V  [jvm.dll+0x82e56b]
V  [jvm.dll+0x82eb34]
V  [jvm.dll+0x82e7c8]
V  [jvm.dll+0x2716ad]
V  [jvm.dll+0x3df8cf]
C  0x0000017032faa82a

The last pc belongs to instanceof (printed below).
Java frames: (J=compiled Java code, j=interpreted, Vv=VM code)
j  sun.nio.ch.Streams.of(Ljava/nio/channels/ReadableByteChannel;)Ljava/io/InputStream;+1 java.base@21.0.9
j  java.nio.channels.Channels.newInputStream(Ljava/nio/channels/ReadableByteChannel;)Ljava/io/InputStream;+8 java.base@21.0.9
j  java.nio.file.spi.FileSystemProvider.newInputStream(Ljava/nio/file/Path;[Ljava/nio/file/OpenOption;)Ljava/io/InputStream;+98 java.base@21.0.9
j  java.nio.file.Files.newInputStream(Ljava/nio/file/Path;[Ljava/nio/file/OpenOption;)Ljava/io/InputStream;+6 java.base@21.0.9
j  org.codehaus.plexus.classworlds.launcher.Launcher.mainWithExitCode([Ljava/lang/String;)I+44
j  org.codehaus.plexus.classworlds.launcher.Launcher.main([Ljava/lang/String;)V+1
v  ~StubRoutines::call_stub 0x0000017032f9100d
instanceof  193 instanceof  [0x0000017032faa7a0, 0x0000017032faa9e8]  584 bytes
[MachCode]
  0x0000017032faa7a0: 5848 85c0 | 0f84 0702 | 0000 488b | 4de8 488b | 4908 488b | 4908 488b | 5108 410f | b75d 010f 
  0x0000017032faa7c0: cbc1 eb10 | 807c 1a04 | 070f 84c6 | 0000 0050 | e805 0000 | 00e9 9600 | 0000 488d | 4424 084c 
  0x0000017032faa7e0: 896d c049 | 8bcf c5f8 | 7749 89af | a803 0000 | 4989 8798 | 0300 0048 | 83ec 2040 | f6c4 0f0f 
  0x0000017032faa800: 8419 0000 | 0048 83ec | 0848 b8e0 | f7aa 12fa | 7f00 00ff | d048 83c4 | 08e9 0c00 | 0000 48b8 
  0x0000017032faa820: e0f7 aa12 | fa7f 0000 | ffd0 4883 | c420 49c7 | 8798 0300 | 0000 0000 | 0049 c787 | a803 0000 
  0x0000017032faa840: 0000 0000 | 49c7 87a0 | 0300 0000 | 0000 00c5 | f877 4983 | 7f08 000f | 8405 0000 | 00e9 9e66 
  0x0000017032faa860: feff 4c8b | 6dc0 4c8b | 75c8 4e8d | 74f5 00c3 | 498b 87f8 | 0300 0049 | c787 f803 | 0000 0000 
  0x0000017032faa880: 0000 5a8b | 5208 49ba | 0000 0043 | 7001 0000 | 4903 d2eb | 1e8b 5008 | 49ba 0000 | 0043 7001 
  0x0000017032faa8a0: 0000 4903 | d266 8b5c | d948 488b | 4928 488b | 44d9 0848 | 8b4d d848 | 85c9 0f84 | 8a00 0000 
  0x0000017032faa8c0: 488b 7918 | 483b fa0f | 850f 0000 | 0048 8341 | 2001 4883 | 5920 00e9 | 6600 0000 | 4885 ff0f 
  0x0000017032faa8e0: 8437 0000 | 0048 8b79 | 2848 3bfa | 0f85 0f00 | 0000 4883 | 4130 0148 | 8359 3000 | e941 0000 
  0x0000017032faa900: 0048 85ff | 0f85 3800 | 0000 4889 | 5128 bf01 | 0000 0048 | 8979 30e9 | 2600 0000 | 483b 5128 
  0x0000017032faa920: 0f85 0f00 | 0000 4883 | 4130 0148 | 8359 3000 | e90d 0000 | 0048 8951 | 18bf 0100 | 0000 4889 
  0x0000017032faa940: 7920 4883 | c138 4889 | 4dd8 483b | d00f 8454 | 0000 008b | 4814 483b | 040a 0f84 | 4700 0000 
  0x0000017032faa960: 83f9 200f | 851d 0000 | 0057 488b | 7a28 8b0f | 4883 c708 | 4885 c0f2 | 48af 5f75 | 0948 8942 
  0x0000017032faa980: 20e9 2100 | 0000 488b | 4dd8 4885 | c90f 8410 | 0000 0048 | 8341 d0ff | 0f88 0500 | 0000 4883 
  0x0000017032faa9a0: 41d0 0133 | c0eb 23b8 | 0100 0000 | e919 0000 | 0048 8b4d | d848 85c9 | 0f84 0c00 | 0000 8049 
  0x0000017032faa9c0: 0101 4883 | c138 4889 | 4dd8 410f | b65d 0349 | 83c5 0349 | ba30 f539 | 13fa 7f00 | 0041 ff24 
  0x0000017032faa9e0: da0f 1f80 | 0000 0000 
[/MachCode]

---------------  P R O C E S S  ---------------

Threads class SMR info:
_java_thread_list=0x0000017088117f40, length=11, elements={
0x00000170233436f0, 0x0000017042bf1920, 0x0000017042bf31f0, 0x0000017042bf4a60,
0x0000017042bf7350, 0x0000017042bf79b0, 0x0000017042bfc020, 0x0000017042c0bee0,
0x0000017088020090, 0x0000017088138370, 0x000001708813ac00
}

Java Threads: ( => current thread )
=>0x00000170233436f0 JavaThread "main"                              [_thread_in_vm, id=10792, stack(0x00000010aee00000,0x00000010aef00000) (1024K)]
  0x0000017042bf1920 JavaThread "Reference Handler"          daemon [_thread_blocked, id=8980, stack(0x00000010af600000,0x00000010af700000) (1024K)]
  0x0000017042bf31f0 JavaThread "Finalizer"                  daemon [_thread_blocked, id=9100, stack(0x00000010af700000,0x00000010af800000) (1024K)]
  0x0000017042bf4a60 JavaThread "Signal Dispatcher"          daemon [_thread_blocked, id=15888, stack(0x00000010af800000,0x00000010af900000) (1024K)]
  0x0000017042bf7350 JavaThread "Attach Listener"            daemon [_thread_blocked, id=8532, stack(0x00000010af900000,0x00000010afa00000) (1024K)]
  0x0000017042bf79b0 JavaThread "Service Thread"             daemon [_thread_blocked, id=7696, stack(0x00000010afa00000,0x00000010afb00000) (1024K)]
  0x0000017042bfc020 JavaThread "Monitor Deflation Thread"   daemon [_thread_blocked, id=15716, stack(0x00000010afb00000,0x00000010afc00000) (1024K)]
  0x0000017042c0bee0 JavaThread "C2 CompilerThread0"         daemon [_thread_blocked, id=12052, stack(0x00000010afc00000,0x00000010afd00000) (1024K)]
  0x0000017088020090 JavaThread "C1 CompilerThread0"         daemon [_thread_blocked, id=17804, stack(0x00000010afd00000,0x00000010afe00000) (1024K)]
  0x0000017088138370 JavaThread "Notification Thread"        daemon [_thread_blocked, id=17888, stack(0x00000010afe00000,0x00000010aff00000) (1024K)]
  0x000001708813ac00 JavaThread "Common-Cleaner"             daemon [_thread_blocked, id=17036, stack(0x00000010aff00000,0x00000010b0000000) (1024K)]
Total: 11

Other Threads:
  0x0000017042bd56f0 VMThread "VM Thread"                           [id=10260, stack(0x00000010af500000,0x00000010af600000) (1024K)]
  0x0000017042bc4070 WatcherThread "VM Periodic Task Thread"        [id=16624, stack(0x00000010af400000,0x00000010af500000) (1024K)]
  0x00000170233a8b80 WorkerThread "GC Thread#0"                     [id=15400, stack(0x00000010aef00000,0x00000010af000000) (1024K)]
  0x00000170233b9c50 ConcurrentGCThread "G1 Main Marker"            [id=17564, stack(0x00000010af000000,0x00000010af100000) (1024K)]
  0x00000170233ba750 WorkerThread "G1 Conc#0"                       [id=16132, stack(0x00000010af100000,0x00000010af200000) (1024K)]
  0x000001702340eac0 ConcurrentGCThread "G1 Refine#0"               [id=9084, stack(0x00000010af200000,0x00000010af300000) (1024K)]
  0x0000017042a87100 ConcurrentGCThread "G1 Service"                [id=18024, stack(0x00000010af300000,0x00000010af400000) (1024K)]
Total: 7

Threads with active compile tasks:
Total: 0

VM state: not at safepoint (normal execution)

VM Mutex/Monitor currently owned by a thread:  ([mutex/lock_event])
[0x00007ffa1338b4f0] Metaspace_lock - owner thread: 0x00000170233436f0

Heap address: 0x0000000700c00000, size: 4084 MB, Compressed Oops mode: Zero based, Oop shift amount: 3

CDS archive(s) mapped at: [0x0000017043000000-0x0000017043c80000-0x0000017043c80000), size 13107200, SharedBaseAddress: 0x0000017043000000, ArchiveRelocationMode: 1.
Compressed class space mapped at: 0x0000017044000000-0x0000017084000000, reserved size: 1073741824
Narrow klass base: 0x0000017043000000, Narrow klass shift: 0, Narrow klass range: 0x100000000

GC Precious Log:
 CardTable entry size: 512
 Card Set container configuration: InlinePtr #cards 4 size 8 Array Of Cards #cards 16 size 48 Howl #buckets 8 coarsen threshold 3686 Howl Bitmap #cards 512 size 80 coarsen threshold 460 Card regions per heap region 1 cards per card region 4096
 CPUs: 12 total, 12 available
 Memory: 16334M
 Large Page Support: Disabled
 NUMA Support: Disabled
 Compressed Oops: Enabled (Zero based)
 Heap Region Size: 2M
 Heap Min Capacity: 8M
 Heap Initial Capacity: 256M
 Heap Max Capacity: 4084M
 Pre-touch: Disabled
 Parallel Workers: 10
 Concurrent Workers: 3
 Concurrent Refinement Workers: 10
 Periodic GC: Disabled

Heap:
 garbage-first heap   total 262144K, used 2048K [0x0000000700c00000, 0x0000000800000000)
  region size 2048K, 2 young (4096K), 0 survivors (0K)
 Metaspace       used 383K, committed 512K, reserved 1114112K
  class space    used 30K, committed 128K, reserved 1048576K

Heap Regions: E=young(eden), S=young(survivor), O=old, HS=humongous(starts), HC=humongous(continues), CS=collection set, F=free, TAMS=top-at-mark-start, PB=parsable bottom
|   0|0x0000000700c00000, 0x0000000700c00000, 0x0000000700e00000|  0%| F|  |TAMS 0x0000000700c00000| PB 0x0000000700c00000| Untracked 
|   1|0x0000000700e00000, 0x0000000700e00000, 0x0000000701000000|  0%| F|  |TAMS 0x0000000700e00000| PB 0x0000000700e00000| Untracked 
|   2|0x0000000701000000, 0x0000000701000000, 0x0000000701200000|  0%| F|  |TAMS 0x0000000701000000| PB 0x0000000701000000| Untracked 
|   3|0x0000000701200000, 0x0000000701200000, 0x0000000701400000|  0%| F|  |TAMS 0x0000000701200000| PB 0x0000000701200000| Untracked 
|   4|0x0000000701400000, 0x0000000701400000, 0x0000000701600000|  0%| F|  |TAMS 0x0000000701400000| PB 0x0000000701400000| Untracked 
|   5|0x0000000701600000, 0x0000000701600000, 0x0000000701800000|  0%| F|  |TAMS 0x0000000701600000| PB 0x0000000701600000| Untracked 
|   6|0x0000000701800000, 0x0000000701800000, 0x0000000701a00000|  0%| F|  |TAMS 0x0000000701800000| PB 0x0000000701800000| Untracked 
|   7|0x0000000701a00000, 0x0000000701a00000, 0x0000000701c00000|  0%| F|  |TAMS 0x0000000701a00000| PB 0x0000000701a00000| Untracked 
|   8|0x0000000701c00000, 0x0000000701c00000, 0x0000000701e00000|  0%| F|  |TAMS 0x0000000701c00000| PB 0x0000000701c00000| Untracked 
|   9|0x0000000701e00000, 0x0000000701e00000, 0x0000000702000000|  0%| F|  |TAMS 0x0000000701e00000| PB 0x0000000701e00000| Untracked 
|  10|0x0000000702000000, 0x0000000702000000, 0x0000000702200000|  0%| F|  |TAMS 0x0000000702000000| PB 0x0000000702000000| Untracked 
|  11|0x0000000702200000, 0x0000000702200000, 0x0000000702400000|  0%| F|  |TAMS 0x0000000702200000| PB 0x0000000702200000| Untracked 
|  12|0x0000000702400000, 0x0000000702400000, 0x0000000702600000|  0%| F|  |TAMS 0x0000000702400000| PB 0x0000000702400000| Untracked 
|  13|0x0000000702600000, 0x0000000702600000, 0x0000000702800000|  0%| F|  |TAMS 0x0000000702600000| PB 0x0000000702600000| Untracked 
|  14|0x0000000702800000, 0x0000000702800000, 0x0000000702a00000|  0%| F|  |TAMS 0x0000000702800000| PB 0x0000000702800000| Untracked 
|  15|0x0000000702a00000, 0x0000000702a00000, 0x0000000702c00000|  0%| F|  |TAMS 0x0000000702a00000| PB 0x0000000702a00000| Untracked 
|  16|0x0000000702c00000, 0x0000000702c00000, 0x0000000702e00000|  0%| F|  |TAMS 0x0000000702c00000| PB 0x0000000702c00000| Untracked 
|  17|0x0000000702e00000, 0x0000000702e00000, 0x0000000703000000|  0%| F|  |TAMS 0x0000000702e00000| PB 0x0000000702e00000| Untracked 
|  18|0x0000000703000000, 0x0000000703000000, 0x0000000703200000|  0%| F|  |TAMS 0x0000000703000000| PB 0x0000000703000000| Untracked 
|  19|0x0000000703200000, 0x0000000703200000, 0x0000000703400000|  0%| F|  |TAMS 0x0000000703200000| PB 0x0000000703200000| Untracked 
|  20|0x0000000703400000, 0x0000000703400000, 0x0000000703600000|  0%| F|  |TAMS 0x0000000703400000| PB 0x0000000703400000| Untracked 
|  21|0x0000000703600000, 0x0000000703600000, 0x0000000703800000|  0%| F|  |TAMS 0x0000000703600000| PB 0x0000000703600000| Untracked 
|  22|0x0000000703800000, 0x0000000703800000, 0x0000000703a00000|  0%| F|  |TAMS 0x0000000703800000| PB 0x0000000703800000| Untracked 
|  23|0x0000000703a00000, 0x0000000703a00000, 0x0000000703c00000|  0%| F|  |TAMS 0x0000000703a00000| PB 0x0000000703a00000| Untracked 
|  24|0x0000000703c00000, 0x0000000703c00000, 0x0000000703e00000|  0%| F|  |TAMS 0x0000000703c00000| PB 0x0000000703c00000| Untracked 
|  25|0x0000000703e00000, 0x0000000703e00000, 0x0000000704000000|  0%| F|  |TAMS 0x0000000703e00000| PB 0x0000000703e00000| Untracked 
|  26|0x0000000704000000, 0x0000000704000000, 0x0000000704200000|  0%| F|  |TAMS 0x0000000704000000| PB 0x0000000704000000| Untracked 
|  27|0x0000000704200000, 0x0000000704200000, 0x0000000704400000|  0%| F|  |TAMS 0x0000000704200000| PB 0x0000000704200000| Untracked 
|  28|0x0000000704400000, 0x0000000704400000, 0x0000000704600000|  0%| F|  |TAMS 0x0000000704400000| PB 0x0000000704400000| Untracked 
|  29|0x0000000704600000, 0x0000000704600000, 0x0000000704800000|  0%| F|  |TAMS 0x0000000704600000| PB 0x0000000704600000| Untracked 
|  30|0x0000000704800000, 0x0000000704800000, 0x0000000704a00000|  0%| F|  |TAMS 0x0000000704800000| PB 0x0000000704800000| Untracked 
|  31|0x0000000704a00000, 0x0000000704a00000, 0x0000000704c00000|  0%| F|  |TAMS 0x0000000704a00000| PB 0x0000000704a00000| Untracked 
|  32|0x0000000704c00000, 0x0000000704c00000, 0x0000000704e00000|  0%| F|  |TAMS 0x0000000704c00000| PB 0x0000000704c00000| Untracked 
|  33|0x0000000704e00000, 0x0000000704e00000, 0x0000000705000000|  0%| F|  |TAMS 0x0000000704e00000| PB 0x0000000704e00000| Untracked 
|  34|0x0000000705000000, 0x0000000705000000, 0x0000000705200000|  0%| F|  |TAMS 0x0000000705000000| PB 0x0000000705000000| Untracked 
|  35|0x0000000705200000, 0x0000000705200000, 0x0000000705400000|  0%| F|  |TAMS 0x0000000705200000| PB 0x0000000705200000| Untracked 
|  36|0x0000000705400000, 0x0000000705400000, 0x0000000705600000|  0%| F|  |TAMS 0x0000000705400000| PB 0x0000000705400000| Untracked 
|  37|0x0000000705600000, 0x0000000705600000, 0x0000000705800000|  0%| F|  |TAMS 0x0000000705600000| PB 0x0000000705600000| Untracked 
|  38|0x0000000705800000, 0x0000000705800000, 0x0000000705a00000|  0%| F|  |TAMS 0x0000000705800000| PB 0x0000000705800000| Untracked 
|  39|0x0000000705a00000, 0x0000000705a00000, 0x0000000705c00000|  0%| F|  |TAMS 0x0000000705a00000| PB 0x0000000705a00000| Untracked 
|  40|0x0000000705c00000, 0x0000000705c00000, 0x0000000705e00000|  0%| F|  |TAMS 0x0000000705c00000| PB 0x0000000705c00000| Untracked 
|  41|0x0000000705e00000, 0x0000000705e00000, 0x0000000706000000|  0%| F|  |TAMS 0x0000000705e00000| PB 0x0000000705e00000| Untracked 
|  42|0x0000000706000000, 0x0000000706000000, 0x0000000706200000|  0%| F|  |TAMS 0x0000000706000000| PB 0x0000000706000000| Untracked 
|  43|0x0000000706200000, 0x0000000706200000, 0x0000000706400000|  0%| F|  |TAMS 0x0000000706200000| PB 0x0000000706200000| Untracked 
|  44|0x0000000706400000, 0x0000000706400000, 0x0000000706600000|  0%| F|  |TAMS 0x0000000706400000| PB 0x0000000706400000| Untracked 
|  45|0x0000000706600000, 0x0000000706600000, 0x0000000706800000|  0%| F|  |TAMS 0x0000000706600000| PB 0x0000000706600000| Untracked 
|  46|0x0000000706800000, 0x0000000706800000, 0x0000000706a00000|  0%| F|  |TAMS 0x0000000706800000| PB 0x0000000706800000| Untracked 
|  47|0x0000000706a00000, 0x0000000706a00000, 0x0000000706c00000|  0%| F|  |TAMS 0x0000000706a00000| PB 0x0000000706a00000| Untracked 
|  48|0x0000000706c00000, 0x0000000706c00000, 0x0000000706e00000|  0%| F|  |TAMS 0x0000000706c00000| PB 0x0000000706c00000| Untracked 
|  49|0x0000000706e00000, 0x0000000706e00000, 0x0000000707000000|  0%| F|  |TAMS 0x0000000706e00000| PB 0x0000000706e00000| Untracked 
|  50|0x0000000707000000, 0x0000000707000000, 0x0000000707200000|  0%| F|  |TAMS 0x0000000707000000| PB 0x0000000707000000| Untracked 
|  51|0x0000000707200000, 0x0000000707200000, 0x0000000707400000|  0%| F|  |TAMS 0x0000000707200000| PB 0x0000000707200000| Untracked 
|  52|0x0000000707400000, 0x0000000707400000, 0x0000000707600000|  0%| F|  |TAMS 0x0000000707400000| PB 0x0000000707400000| Untracked 
|  53|0x0000000707600000, 0x0000000707600000, 0x0000000707800000|  0%| F|  |TAMS 0x0000000707600000| PB 0x0000000707600000| Untracked 
|  54|0x0000000707800000, 0x0000000707800000, 0x0000000707a00000|  0%| F|  |TAMS 0x0000000707800000| PB 0x0000000707800000| Untracked 
|  55|0x0000000707a00000, 0x0000000707a00000, 0x0000000707c00000|  0%| F|  |TAMS 0x0000000707a00000| PB 0x0000000707a00000| Untracked 
|  56|0x0000000707c00000, 0x0000000707c00000, 0x0000000707e00000|  0%| F|  |TAMS 0x0000000707c00000| PB 0x0000000707c00000| Untracked 
|  57|0x0000000707e00000, 0x0000000707e00000, 0x0000000708000000|  0%| F|  |TAMS 0x0000000707e00000| PB 0x0000000707e00000| Untracked 
|  58|0x0000000708000000, 0x0000000708000000, 0x0000000708200000|  0%| F|  |TAMS 0x0000000708000000| PB 0x0000000708000000| Untracked 
|  59|0x0000000708200000, 0x0000000708200000, 0x0000000708400000|  0%| F|  |TAMS 0x0000000708200000| PB 0x0000000708200000| Untracked 
|  60|0x0000000708400000, 0x0000000708400000, 0x0000000708600000|  0%| F|  |TAMS 0x0000000708400000| PB 0x0000000708400000| Untracked 
|  61|0x0000000708600000, 0x0000000708600000, 0x0000000708800000|  0%| F|  |TAMS 0x0000000708600000| PB 0x0000000708600000| Untracked 
|  62|0x0000000708800000, 0x0000000708800000, 0x0000000708a00000|  0%| F|  |TAMS 0x0000000708800000| PB 0x0000000708800000| Untracked 
|  63|0x0000000708a00000, 0x0000000708a00000, 0x0000000708c00000|  0%| F|  |TAMS 0x0000000708a00000| PB 0x0000000708a00000| Untracked 
|  64|0x0000000708c00000, 0x0000000708c00000, 0x0000000708e00000|  0%| F|  |TAMS 0x0000000708c00000| PB 0x0000000708c00000| Untracked 
|  65|0x0000000708e00000, 0x0000000708e00000, 0x0000000709000000|  0%| F|  |TAMS 0x0000000708e00000| PB 0x0000000708e00000| Untracked 
|  66|0x0000000709000000, 0x0000000709000000, 0x0000000709200000|  0%| F|  |TAMS 0x0000000709000000| PB 0x0000000709000000| Untracked 
|  67|0x0000000709200000, 0x0000000709200000, 0x0000000709400000|  0%| F|  |TAMS 0x0000000709200000| PB 0x0000000709200000| Untracked 
|  68|0x0000000709400000, 0x0000000709400000, 0x0000000709600000|  0%| F|  |TAMS 0x0000000709400000| PB 0x0000000709400000| Untracked 
|  69|0x0000000709600000, 0x0000000709600000, 0x0000000709800000|  0%| F|  |TAMS 0x0000000709600000| PB 0x0000000709600000| Untracked 
|  70|0x0000000709800000, 0x0000000709800000, 0x0000000709a00000|  0%| F|  |TAMS 0x0000000709800000| PB 0x0000000709800000| Untracked 
|  71|0x0000000709a00000, 0x0000000709a00000, 0x0000000709c00000|  0%| F|  |TAMS 0x0000000709a00000| PB 0x0000000709a00000| Untracked 
|  72|0x0000000709c00000, 0x0000000709c00000, 0x0000000709e00000|  0%| F|  |TAMS 0x0000000709c00000| PB 0x0000000709c00000| Untracked 
|  73|0x0000000709e00000, 0x0000000709e00000, 0x000000070a000000|  0%| F|  |TAMS 0x0000000709e00000| PB 0x0000000709e00000| Untracked 
|  74|0x000000070a000000, 0x000000070a000000, 0x000000070a200000|  0%| F|  |TAMS 0x000000070a000000| PB 0x000000070a000000| Untracked 
|  75|0x000000070a200000, 0x000000070a200000, 0x000000070a400000|  0%| F|  |TAMS 0x000000070a200000| PB 0x000000070a200000| Untracked 
|  76|0x000000070a400000, 0x000000070a400000, 0x000000070a600000|  0%| F|  |TAMS 0x000000070a400000| PB 0x000000070a400000| Untracked 
|  77|0x000000070a600000, 0x000000070a600000, 0x000000070a800000|  0%| F|  |TAMS 0x000000070a600000| PB 0x000000070a600000| Untracked 
|  78|0x000000070a800000, 0x000000070a800000, 0x000000070aa00000|  0%| F|  |TAMS 0x000000070a800000| PB 0x000000070a800000| Untracked 
|  79|0x000000070aa00000, 0x000000070aa00000, 0x000000070ac00000|  0%| F|  |TAMS 0x000000070aa00000| PB 0x000000070aa00000| Untracked 
|  80|0x000000070ac00000, 0x000000070ac00000, 0x000000070ae00000|  0%| F|  |TAMS 0x000000070ac00000| PB 0x000000070ac00000| Untracked 
|  81|0x000000070ae00000, 0x000000070ae00000, 0x000000070b000000|  0%| F|  |TAMS 0x000000070ae00000| PB 0x000000070ae00000| Untracked 
|  82|0x000000070b000000, 0x000000070b000000, 0x000000070b200000|  0%| F|  |TAMS 0x000000070b000000| PB 0x000000070b000000| Untracked 
|  83|0x000000070b200000, 0x000000070b200000, 0x000000070b400000|  0%| F|  |TAMS 0x000000070b200000| PB 0x000000070b200000| Untracked 
|  84|0x000000070b400000, 0x000000070b400000, 0x000000070b600000|  0%| F|  |TAMS 0x000000070b400000| PB 0x000000070b400000| Untracked 
|  85|0x000000070b600000, 0x000000070b600000, 0x000000070b800000|  0%| F|  |TAMS 0x000000070b600000| PB 0x000000070b600000| Untracked 
|  86|0x000000070b800000, 0x000000070b800000, 0x000000070ba00000|  0%| F|  |TAMS 0x000000070b800000| PB 0x000000070b800000| Untracked 
|  87|0x000000070ba00000, 0x000000070ba00000, 0x000000070bc00000|  0%| F|  |TAMS 0x000000070ba00000| PB 0x000000070ba00000| Untracked 
|  88|0x000000070bc00000, 0x000000070bc00000, 0x000000070be00000|  0%| F|  |TAMS 0x000000070bc00000| PB 0x000000070bc00000| Untracked 
|  89|0x000000070be00000, 0x000000070be00000, 0x000000070c000000|  0%| F|  |TAMS 0x000000070be00000| PB 0x000000070be00000| Untracked 
|  90|0x000000070c000000, 0x000000070c000000, 0x000000070c200000|  0%| F|  |TAMS 0x000000070c000000| PB 0x000000070c000000| Untracked 
|  91|0x000000070c200000, 0x000000070c200000, 0x000000070c400000|  0%| F|  |TAMS 0x000000070c200000| PB 0x000000070c200000| Untracked 
|  92|0x000000070c400000, 0x000000070c400000, 0x000000070c600000|  0%| F|  |TAMS 0x000000070c400000| PB 0x000000070c400000| Untracked 
|  93|0x000000070c600000, 0x000000070c600000, 0x000000070c800000|  0%| F|  |TAMS 0x000000070c600000| PB 0x000000070c600000| Untracked 
|  94|0x000000070c800000, 0x000000070c800000, 0x000000070ca00000|  0%| F|  |TAMS 0x000000070c800000| PB 0x000000070c800000| Untracked 
|  95|0x000000070ca00000, 0x000000070ca00000, 0x000000070cc00000|  0%| F|  |TAMS 0x000000070ca00000| PB 0x000000070ca00000| Untracked 
|  96|0x000000070cc00000, 0x000000070cc00000, 0x000000070ce00000|  0%| F|  |TAMS 0x000000070cc00000| PB 0x000000070cc00000| Untracked 
|  97|0x000000070ce00000, 0x000000070ce00000, 0x000000070d000000|  0%| F|  |TAMS 0x000000070ce00000| PB 0x000000070ce00000| Untracked 
|  98|0x000000070d000000, 0x000000070d000000, 0x000000070d200000|  0%| F|  |TAMS 0x000000070d000000| PB 0x000000070d000000| Untracked 
|  99|0x000000070d200000, 0x000000070d200000, 0x000000070d400000|  0%| F|  |TAMS 0x000000070d200000| PB 0x000000070d200000| Untracked 
| 100|0x000000070d400000, 0x000000070d400000, 0x000000070d600000|  0%| F|  |TAMS 0x000000070d400000| PB 0x000000070d400000| Untracked 
| 101|0x000000070d600000, 0x000000070d600000, 0x000000070d800000|  0%| F|  |TAMS 0x000000070d600000| PB 0x000000070d600000| Untracked 
| 102|0x000000070d800000, 0x000000070d800000, 0x000000070da00000|  0%| F|  |TAMS 0x000000070d800000| PB 0x000000070d800000| Untracked 
| 103|0x000000070da00000, 0x000000070da00000, 0x000000070dc00000|  0%| F|  |TAMS 0x000000070da00000| PB 0x000000070da00000| Untracked 
| 104|0x000000070dc00000, 0x000000070dc00000, 0x000000070de00000|  0%| F|  |TAMS 0x000000070dc00000| PB 0x000000070dc00000| Untracked 
| 105|0x000000070de00000, 0x000000070de00000, 0x000000070e000000|  0%| F|  |TAMS 0x000000070de00000| PB 0x000000070de00000| Untracked 
| 106|0x000000070e000000, 0x000000070e000000, 0x000000070e200000|  0%| F|  |TAMS 0x000000070e000000| PB 0x000000070e000000| Untracked 
| 107|0x000000070e200000, 0x000000070e200000, 0x000000070e400000|  0%| F|  |TAMS 0x000000070e200000| PB 0x000000070e200000| Untracked 
| 108|0x000000070e400000, 0x000000070e400000, 0x000000070e600000|  0%| F|  |TAMS 0x000000070e400000| PB 0x000000070e400000| Untracked 
| 109|0x000000070e600000, 0x000000070e600000, 0x000000070e800000|  0%| F|  |TAMS 0x000000070e600000| PB 0x000000070e600000| Untracked 
| 110|0x000000070e800000, 0x000000070e800000, 0x000000070ea00000|  0%| F|  |TAMS 0x000000070e800000| PB 0x000000070e800000| Untracked 
| 111|0x000000070ea00000, 0x000000070ea00000, 0x000000070ec00000|  0%| F|  |TAMS 0x000000070ea00000| PB 0x000000070ea00000| Untracked 
| 112|0x000000070ec00000, 0x000000070ec00000, 0x000000070ee00000|  0%| F|  |TAMS 0x000000070ec00000| PB 0x000000070ec00000| Untracked 
| 113|0x000000070ee00000, 0x000000070ee00000, 0x000000070f000000|  0%| F|  |TAMS 0x000000070ee00000| PB 0x000000070ee00000| Untracked 
| 114|0x000000070f000000, 0x000000070f000000, 0x000000070f200000|  0%| F|  |TAMS 0x000000070f000000| PB 0x000000070f000000| Untracked 
| 115|0x000000070f200000, 0x000000070f200000, 0x000000070f400000|  0%| F|  |TAMS 0x000000070f200000| PB 0x000000070f200000| Untracked 
| 116|0x000000070f400000, 0x000000070f400000, 0x000000070f600000|  0%| F|  |TAMS 0x000000070f400000| PB 0x000000070f400000| Untracked 
| 117|0x000000070f600000, 0x000000070f600000, 0x000000070f800000|  0%| F|  |TAMS 0x000000070f600000| PB 0x000000070f600000| Untracked 
| 118|0x000000070f800000, 0x000000070f800000, 0x000000070fa00000|  0%| F|  |TAMS 0x000000070f800000| PB 0x000000070f800000| Untracked 
| 119|0x000000070fa00000, 0x000000070fa00000, 0x000000070fc00000|  0%| F|  |TAMS 0x000000070fa00000| PB 0x000000070fa00000| Untracked 
| 120|0x000000070fc00000, 0x000000070fc00000, 0x000000070fe00000|  0%| F|  |TAMS 0x000000070fc00000| PB 0x000000070fc00000| Untracked 
| 121|0x000000070fe00000, 0x000000070fe00000, 0x0000000710000000|  0%| F|  |TAMS 0x000000070fe00000| PB 0x000000070fe00000| Untracked 
| 122|0x0000000710000000, 0x0000000710000000, 0x0000000710200000|  0%| F|  |TAMS 0x0000000710000000| PB 0x0000000710000000| Untracked 
| 123|0x0000000710200000, 0x0000000710200000, 0x0000000710400000|  0%| F|  |TAMS 0x0000000710200000| PB 0x0000000710200000| Untracked 
| 124|0x0000000710400000, 0x0000000710400000, 0x0000000710600000|  0%| F|  |TAMS 0x0000000710400000| PB 0x0000000710400000| Untracked 
| 125|0x0000000710600000, 0x0000000710600000, 0x0000000710800000|  0%| F|  |TAMS 0x0000000710600000| PB 0x0000000710600000| Untracked 
| 126|0x0000000710800000, 0x00000007108e4488, 0x0000000710a00000| 44%| E|  |TAMS 0x0000000710800000| PB 0x0000000710800000| Complete 
| 127|0x0000000710a00000, 0x0000000710c00000, 0x0000000710c00000|100%| E|CS|TAMS 0x0000000710a00000| PB 0x0000000710a00000| Complete 

Card table byte_map: [0x000001703b7b0000,0x000001703bfb0000] _byte_map_base: 0x0000017037faa000

Marking Bits: (CMBitMap*) 0x00000170233a9280
 Bits: [0x000001703bfb0000, 0x000001703ff80000)

Polling page: 0x0000017021350000

Metaspace:

Usage:
  Non-class:    353.24 KB used.
      Class:     30.71 KB used.
       Both:    383.95 KB used.

Virtual space:
  Non-class space:       64.00 MB reserved,     384.00 KB ( <1%) committed,  1 nodes.
      Class space:        1.00 GB reserved,     128.00 KB ( <1%) committed,  1 nodes.
             Both:        1.06 GB reserved,     512.00 KB ( <1%) committed. 

Chunk freelists:
   Non-Class:  11.96 MB
       Class:  15.74 MB
        Both:  27.70 MB

MaxMetaspaceSize: unlimited
CompressedClassSpaceSize: 1.00 GB
Initial GC threshold: 21.00 MB
Current GC threshold: 21.00 MB
CDS: on
 - commit_granule_bytes: 65536.
 - commit_granule_words: 8192.
 - virtual_space_node_default_size: 8388608.
 - enlarge_chunks_in_place: 1.
 - use_allocation_guard: 0.


Internal statistics:

num_allocs_failed_limit: 0.
num_arena_births: 4.
num_arena_deaths: 0.
num_vsnodes_births: 2.
num_vsnodes_deaths: 0.
num_space_committed: 8.
num_space_uncommitted: 0.
num_chunks_returned_to_freelist: 0.
num_chunks_taken_from_freelist: 10.
num_chunk_merges: 0.
num_chunk_splits: 6.
num_chunks_enlarged: 4.
num_inconsistent_stats: 0.

CodeHeap 'non-profiled nmethods': size=120000Kb used=18Kb max_used=18Kb free=119982Kb
 bounds [0x0000017033530000, 0x00000170337a0000, 0x000001703aa60000]
CodeHeap 'profiled nmethods': size=120000Kb used=109Kb max_used=109Kb free=119891Kb
 bounds [0x000001702ba60000, 0x000001702bcd0000, 0x0000017032f90000]
CodeHeap 'non-nmethods': size=5760Kb used=1181Kb max_used=1181Kb free=4579Kb
 bounds [0x0000017032f90000, 0x0000017033200000, 0x0000017033530000]
CodeCache: size=245760Kb, used=1308Kb, max_used=1308Kb, free=244452Kb
 total_blobs=433, nmethods=85, adapters=253, full_count=0
Compilation: enabled, stopped_count=0, restarted_count=0

Compilation events (20 events):
Event: 0.039 Thread 0x0000017088020090   76       3       java.lang.String::isEmpty (14 bytes)
Event: 0.039 Thread 0x0000017088020090 nmethod 76 0x000001702ba77190 code [0x000001702ba77340, 0x000001702ba774b0]
Event: 0.039 Thread 0x0000017088020090   77       3       java.lang.String::indexOf (37 bytes)
Event: 0.039 Thread 0x0000017088020090 nmethod 77 0x000001702ba77590 code [0x000001702ba777a0, 0x000001702ba77c28]
Event: 0.039 Thread 0x0000017088020090   78       3       java.lang.StringLatin1::indexOf (37 bytes)
Event: 0.039 Thread 0x0000017088020090 nmethod 78 0x000001702ba77e10 code [0x000001702ba78000, 0x000001702ba784f8]
Event: 0.043 Thread 0x0000017088020090   79       3       java.util.zip.ZipUtils::SH (21 bytes)
Event: 0.043 Thread 0x0000017088020090 nmethod 79 0x000001702ba78710 code [0x000001702ba788c0, 0x000001702ba78a08]
Event: 0.047 Thread 0x0000017088020090   80       3       java.lang.String::indexOf (7 bytes)
Event: 0.047 Thread 0x0000017088020090 nmethod 80 0x000001702ba78b10 code [0x000001702ba78cc0, 0x000001702ba78e00]
Event: 0.048 Thread 0x0000017088020090   81       3       java.lang.StringCoding::countPositives (33 bytes)
Event: 0.048 Thread 0x0000017088020090 nmethod 81 0x000001702ba78e90 code [0x000001702ba79040, 0x000001702ba79260]
Event: 0.048 Thread 0x0000017088020090   82       3       java.lang.String::getBytes (44 bytes)
Event: 0.048 Thread 0x0000017088020090 nmethod 82 0x000001702ba79390 code [0x000001702ba79560, 0x000001702ba79870]
Event: 0.049 Thread 0x0000017088020090   83       3       java.util.Arrays::copyOfRange (25 bytes)
Event: 0.049 Thread 0x0000017088020090 nmethod 83 0x000001702ba79990 code [0x000001702ba79c40, 0x000001702ba7a7e8]
Event: 0.049 Thread 0x0000017088020090   84       3       sun.nio.fs.WindowsPathParser::isSlash (18 bytes)
Event: 0.049 Thread 0x0000017088020090 nmethod 84 0x000001702ba7ac10 code [0x000001702ba7ada0, 0x000001702ba7af10]
Event: 0.049 Thread 0x0000017088020090   85       3       sun.nio.fs.WindowsPathParser::isInvalidPathChar (22 bytes)
Event: 0.049 Thread 0x0000017088020090 nmethod 85 0x000001702ba7af90 code [0x000001702ba7b140, 0x000001702ba7b358]

GC Heap History (0 events):
No events

Dll operation events (5 events):
Event: 0.005 Loaded shared library C:\Program Files\Eclipse Adoptium\jdk-21.0.9.10-hotspot\bin\java.dll
Event: 0.027 Loaded shared library C:\Program Files\Eclipse Adoptium\jdk-21.0.9.10-hotspot\bin\jsvml.dll
Event: 0.040 Loaded shared library C:\Program Files\Eclipse Adoptium\jdk-21.0.9.10-hotspot\bin\net.dll
Event: 0.042 Loaded shared library C:\Program Files\Eclipse Adoptium\jdk-21.0.9.10-hotspot\bin\nio.dll
Event: 0.045 Loaded shared library C:\Program Files\Eclipse Adoptium\jdk-21.0.9.10-hotspot\bin\zip.dll

Deoptimization events (0 events):
No events

Classes loaded (20 events):
Event: 0.050 Loading class sun/nio/ch/FileChannelImpl done
Event: 0.050 Loading class sun/nio/ch/FileDispatcherImpl
Event: 0.050 Loading class sun/nio/ch/FileDispatcher
Event: 0.050 Loading class sun/nio/ch/NativeDispatcher
Event: 0.050 Loading class sun/nio/ch/NativeDispatcher done
Event: 0.050 Loading class sun/nio/ch/FileDispatcher done
Event: 0.050 Loading class sun/nio/ch/FileDispatcherImpl done
Event: 0.050 Loading class sun/nio/ch/IOUtil
Event: 0.051 Loading class sun/nio/ch/IOUtil done
Event: 0.051 Loading class sun/nio/ch/NativeThreadSet
Event: 0.051 Loading class sun/nio/ch/NativeThreadSet done
Event: 0.051 Loading class sun/nio/ch/FileChannelImpl$Closer
Event: 0.051 Loading class sun/nio/ch/FileChannelImpl$Closer done
Event: 0.051 Loading class java/nio/channels/Channels
Event: 0.052 Loading class java/nio/channels/Channels done
Event: 0.052 Loading class sun/nio/ch/Streams
Event: 0.052 Loading class sun/nio/ch/Streams done
Event: 0.052 Loading class sun/nio/ch/SocketChannelImpl
Event: 0.052 Loading class sun/nio/ch/SelChImpl
Event: 0.052 Loading class sun/nio/ch/SelChImpl done

Classes unloaded (0 events):
No events

Classes redefined (0 events):
No events

Internal exceptions (0 events):
No events

ZGC Phase Switch (0 events):
No events

VM Operations (2 events):
Event: 0.045 Executing VM operation: HandshakeAllThreads (Deoptimize)
Event: 0.045 Executing VM operation: HandshakeAllThreads (Deoptimize) done

Memory protections (0 events):
No events

Nmethod flushes (0 events):
No events

Events (11 events):
Event: 0.016 Thread 0x00000170233436f0 Thread added: 0x00000170233436f0
Event: 0.025 Thread 0x00000170233436f0 Thread added: 0x0000017042bf1920
Event: 0.025 Thread 0x00000170233436f0 Thread added: 0x0000017042bf31f0
Event: 0.026 Thread 0x00000170233436f0 Thread added: 0x0000017042bf4a60
Event: 0.026 Thread 0x00000170233436f0 Thread added: 0x0000017042bf7350
Event: 0.026 Thread 0x00000170233436f0 Thread added: 0x0000017042bf79b0
Event: 0.026 Thread 0x00000170233436f0 Thread added: 0x0000017042bfc020
Event: 0.026 Thread 0x00000170233436f0 Thread added: 0x0000017042c0bee0
Event: 0.026 Thread 0x00000170233436f0 Thread added: 0x0000017088020090
Event: 0.036 Thread 0x00000170233436f0 Thread added: 0x0000017088138370
Event: 0.038 Thread 0x00000170233436f0 Thread added: 0x000001708813ac00


Dynamic libraries:
0x00007ff722160000 - 0x00007ff72216e000 	C:\Program Files\Eclipse Adoptium\jdk-21.0.9.10-hotspot\bin\java.exe
0x00007ffa97dd0000 - 0x00007ffa97fc9000 	C:\WINDOWS\SYSTEM32\ntdll.dll
0x00007ffa96b00000 - 0x00007ffa96bc2000 	C:\WINDOWS\System32\KERNEL32.DLL
0x00007ffa95720000 - 0x00007ffa95a17000 	C:\WINDOWS\System32\KERNELBASE.dll
0x00007ffa95530000 - 0x00007ffa95630000 	C:\WINDOWS\System32\ucrtbase.dll
0x00007ffa7b0c0000 - 0x00007ffa7b0de000 	C:\Program Files\Eclipse Adoptium\jdk-21.0.9.10-hotspot\bin\VCRUNTIME140.dll
0x00007ffa7a4a0000 - 0x00007ffa7a4b8000 	C:\Program Files\Eclipse Adoptium\jdk-21.0.9.10-hotspot\bin\jli.dll
0x00007ffa96530000 - 0x00007ffa966cd000 	C:\WINDOWS\System32\USER32.dll
0x00007ffa95500000 - 0x00007ffa95522000 	C:\WINDOWS\System32\win32u.dll
0x00007ffa80100000 - 0x00007ffa8039b000 	C:\WINDOWS\WinSxS\amd64_microsoft.windows.common-controls_6595b64144ccf1df_6.0.19041.6926_none_60b5a53971f8f7e6\COMCTL32.dll
0x00007ffa97100000 - 0x00007ffa9712b000 	C:\WINDOWS\System32\GDI32.dll
0x00007ffa967b0000 - 0x00007ffa9684e000 	C:\WINDOWS\System32\msvcrt.dll
0x00007ffa95b80000 - 0x00007ffa95c9a000 	C:\WINDOWS\System32\gdi32full.dll
0x00007ffa95680000 - 0x00007ffa9571d000 	C:\WINDOWS\System32\msvcp_win.dll
0x00007ffa97920000 - 0x00007ffa9794f000 	C:\WINDOWS\System32\IMM32.DLL
0x00007ffa8dc10000 - 0x00007ffa8dc1c000 	C:\Program Files\Eclipse Adoptium\jdk-21.0.9.10-hotspot\bin\vcruntime140_1.dll
0x00007ffa76450000 - 0x00007ffa764dd000 	C:\Program Files\Eclipse Adoptium\jdk-21.0.9.10-hotspot\bin\msvcp140.dll
0x00007ffa126d0000 - 0x00007ffa13470000 	C:\Program Files\Eclipse Adoptium\jdk-21.0.9.10-hotspot\bin\server\jvm.dll
0x00007ffa96a30000 - 0x00007ffa96ae1000 	C:\WINDOWS\System32\ADVAPI32.dll
0x00007ffa96d70000 - 0x00007ffa96e0f000 	C:\WINDOWS\System32\sechost.dll
0x00007ffa96900000 - 0x00007ffa96a26000 	C:\WINDOWS\System32\RPCRT4.dll
0x00007ffa95440000 - 0x00007ffa95467000 	C:\WINDOWS\System32\bcrypt.dll
0x00007ffa978b0000 - 0x00007ffa9791b000 	C:\WINDOWS\System32\WS2_32.dll
0x00007ffa95290000 - 0x00007ffa952db000 	C:\WINDOWS\SYSTEM32\POWRPROF.dll
0x00007ffa86fd0000 - 0x00007ffa86ff7000 	C:\WINDOWS\SYSTEM32\WINMM.dll
0x00007ffa86fa0000 - 0x00007ffa86faa000 	C:\WINDOWS\SYSTEM32\VERSION.dll
0x00007ffa95270000 - 0x00007ffa95282000 	C:\WINDOWS\SYSTEM32\UMPDC.dll
0x00007ffa931b0000 - 0x00007ffa931c2000 	C:\WINDOWS\SYSTEM32\kernel.appcore.dll
0x00007ffa8d430000 - 0x00007ffa8d43a000 	C:\Program Files\Eclipse Adoptium\jdk-21.0.9.10-hotspot\bin\jimage.dll
0x00007ffa8de30000 - 0x00007ffa8e031000 	C:\WINDOWS\SYSTEM32\DBGHELP.DLL
0x00007ffa8cbe0000 - 0x00007ffa8cc14000 	C:\WINDOWS\SYSTEM32\dbgcore.DLL
0x00007ffa95470000 - 0x00007ffa954f2000 	C:\WINDOWS\System32\bcryptPrimitives.dll
0x00007ffa78200000 - 0x00007ffa78220000 	C:\Program Files\Eclipse Adoptium\jdk-21.0.9.10-hotspot\bin\java.dll
0x00007ffa97130000 - 0x00007ffa978a1000 	C:\WINDOWS\System32\SHELL32.dll
0x00007ffa93490000 - 0x00007ffa93c36000 	C:\WINDOWS\SYSTEM32\windows.storage.dll
0x00007ffa97950000 - 0x00007ffa97ca3000 	C:\WINDOWS\System32\combase.dll
0x00007ffa94cb0000 - 0x00007ffa94cdb000 	C:\WINDOWS\SYSTEM32\Wldp.dll
0x00007ffa96fc0000 - 0x00007ffa97096000 	C:\WINDOWS\System32\OLEAUT32.dll
0x00007ffa96250000 - 0x00007ffa962fd000 	C:\WINDOWS\System32\SHCORE.dll
0x00007ffa970a0000 - 0x00007ffa970fb000 	C:\WINDOWS\System32\shlwapi.dll
0x00007ffa95360000 - 0x00007ffa95384000 	C:\WINDOWS\SYSTEM32\profapi.dll
0x00007ffa66090000 - 0x00007ffa66167000 	C:\Program Files\Eclipse Adoptium\jdk-21.0.9.10-hotspot\bin\jsvml.dll
0x00007ffa8b350000 - 0x00007ffa8b360000 	C:\Program Files\Eclipse Adoptium\jdk-21.0.9.10-hotspot\bin\net.dll
0x00007ffa8e8c0000 - 0x00007ffa8e9ca000 	C:\WINDOWS\SYSTEM32\WINHTTP.dll
0x00007ffa94a60000 - 0x00007ffa94aca000 	C:\WINDOWS\system32\mswsock.dll
0x00007ffa77ae0000 - 0x00007ffa77af6000 	C:\Program Files\Eclipse Adoptium\jdk-21.0.9.10-hotspot\bin\nio.dll
0x00007ffa775c0000 - 0x00007ffa775d8000 	C:\Program Files\Eclipse Adoptium\jdk-21.0.9.10-hotspot\bin\zip.dll

JVMTI agents: none

dbghelp: loaded successfully - version: 4.0.5 - missing functions: none
symbol engine: initialized successfully - sym options: 0x614 - pdb path: .;C:\Program Files\Eclipse Adoptium\jdk-21.0.9.10-hotspot\bin;C:\WINDOWS\SYSTEM32;C:\WINDOWS\WinSxS\amd64_microsoft.windows.common-controls_6595b64144ccf1df_6.0.19041.6926_none_60b5a53971f8f7e6;C:\Program Files\Eclipse Adoptium\jdk-21.0.9.10-hotspot\bin\server

VM Arguments:
jvm_args: --enable-native-access=ALL-UNNAMED -Dclassworlds.conf=C:\Users\ltarr\.m2\wrapper\dists\apache-maven-3.9.16\0daed3be3ebd1c706f0e69e8b07c6b73f5cc4ea3dfce72a8d0ec2e849ca2ddb0\bin\m2.conf -Dmaven.home=C:\Users\ltarr\.m2\wrapper\dists\apache-maven-3.9.16\0daed3be3ebd1c706f0e69e8b07c6b73f5cc4ea3dfce72a8d0ec2e849ca2ddb0 -Dlibrary.jansi.path=C:\Users\ltarr\.m2\wrapper\dists\apache-maven-3.9.16\0daed3be3ebd1c706f0e69e8b07c6b73f5cc4ea3dfce72a8d0ec2e849ca2ddb0\lib\jansi-native -Dmaven.multiModuleProjectDirectory=C:\ProyectoCurriculum\ticketapi 
java_command: org.codehaus.plexus.classworlds.launcher.Launcher clean package -DskipTests
java_class_path (initial): C:\Users\ltarr\.m2\wrapper\dists\apache-maven-3.9.16\0daed3be3ebd1c706f0e69e8b07c6b73f5cc4ea3dfce72a8d0ec2e849ca2ddb0\boot\plexus-classworlds-2.11.0.jar
Launcher Type: SUN_STANDARD

[Global flags]
     intx CICompilerCount                          = 4                                         {product} {ergonomic}
     uint ConcGCThreads                            = 3                                         {product} {ergonomic}
     uint G1ConcRefinementThreads                  = 10                                        {product} {ergonomic}
   size_t G1HeapRegionSize                         = 2097152                                   {product} {ergonomic}
    uintx GCDrainStackTargetSize                   = 64                                        {product} {ergonomic}
   size_t InitialHeapSize                          = 268435456                                 {product} {ergonomic}
   size_t MarkStackSize                            = 4194304                                   {product} {ergonomic}
   size_t MaxHeapSize                              = 4282384384                                {product} {ergonomic}
   size_t MaxNewSize                               = 2569011200                                {product} {ergonomic}
   size_t MinHeapDeltaBytes                        = 2097152                                   {product} {ergonomic}
   size_t MinHeapSize                              = 8388608                                   {product} {ergonomic}
    uintx NonNMethodCodeHeapSize                   = 5839372                                {pd product} {ergonomic}
    uintx NonProfiledCodeHeapSize                  = 122909434                              {pd product} {ergonomic}
    uintx ProfiledCodeHeapSize                     = 122909434                              {pd product} {ergonomic}
    uintx ReservedCodeCacheSize                    = 251658240                              {pd product} {ergonomic}
     bool SegmentedCodeCache                       = true                                      {product} {ergonomic}
   size_t SoftMaxHeapSize                          = 4282384384                             {manageable} {ergonomic}
     bool UseCompressedOops                        = true                           {product lp64_product} {ergonomic}
     bool UseG1GC                                  = true                                      {product} {ergonomic}
     bool UseLargePagesIndividualAllocation        = false                                  {pd product} {ergonomic}

Logging:
Log output configuration:
 #0: stdout all=warning uptime,level,tags foldmultilines=false
 #1: stderr all=off uptime,level,tags foldmultilines=false

Release file:
<release file has not been read>
Environment Variables:
JAVA_HOME=C:\Program Files\Eclipse Adoptium\jdk-21.0.9.10-hotspot\
PATH=C:\Program Files\Eclipse Adoptium\jdk-21.0.9.10-hotspot\bin;D:\M2\InstalacionOracle\bin;C:\Program Files (x86)\VMware\VMware Workstation\bin\;C:\oraclexe\app\oracle\product\11.2.0\server\bin;C:\Program Files\Common Files\Oracle\Java\javapath;C:\Program Files (x86)\Common Files\Oracle\Java\javapath;C:\WINDOWS\system32;C:\WINDOWS;C:\WINDOWS\System32\Wbem;C:\WINDOWS\System32\WindowsPowerShell\v1.0\;C:\WINDOWS\System32\OpenSSH\;C:\Program Files (x86)\Windows Kits\10\Windows Performance Toolkit\;C:\Program Files\nodejs\;C:\ffmpeg;C:\ProgramData\chocolatey\bin;C:\Program Files\Git\cmd;C:\Program Files\Docker\Docker\resources\bin;C:\Users\ltarr\AppData\Local\Programs\Python\Python313\Scripts\;C:\Users\ltarr\AppData\Local\Programs\Python\Python313\;C:\Users\ltarr\AppData\Local\Programs\Python\Launcher\;C:\Users\ltarr\scoop\shims;C:\Users\ltarr\AppData\Local\Microsoft\WindowsApps;C:\Users\ltarr\AppData\Local\Programs\Microsoft VS Code\bin;C:\Users\ltarr\AppData\Local\Microsoft\WinGet\Packages\Schniz.fnm_Microsoft.Winget.Source_8wekyb3d8bbwe;C:\Users\ltarr\AppData\Roaming\npm;C:\Users\ltarr\AppData\Local\Packages\PythonSoftwareFoundation.Python.3.10_qbz5n2kfra8p0\LocalCache\local-packages\Python310\Scripts;c:\Users\ltarr\.vscode\extensions\vscjava.vscode-java-debug-0.59.0\bundled\scripts\noConfigScripts
USERNAME=ltarr
LANG=en_US.UTF-8
OS=Windows_NT
PROCESSOR_IDENTIFIER=AMD64 Family 23 Model 113 Stepping 0, AuthenticAMD
TMP=C:\Users\ltarr\AppData\Local\Temp
TEMP=C:\Users\ltarr\AppData\Local\Temp




Periodic native trim disabled

---------------  S Y S T E M  ---------------

OS:
 Windows 10 , 64 bit Build 19041 (10.0.19041.7291)
OS uptime: 2 days 1:05 hours
Hyper-V role detected

CPU: total 12 (initial active 12) (12 cores per cpu, 2 threads per core) family 23 model 113 stepping 0 microcode 0x0, cx8, cmov, fxsr, ht, mmx, 3dnowpref, sse, sse2, sse3, ssse3, sse4a, sse4.1, sse4.2, popcnt, lzcnt, tsc, tscinvbit, avx, avx2, aes, clmul, bmi1, bmi2, adx, sha, fma, vzeroupper, clflush, clflushopt, hv, rdtscp, rdpid, f16c
Processor Information for the first 12 processors :
  Max Mhz: 3593, Current Mhz: 3593, Mhz Limit: 3593

Memory: 4k page, system-wide physical 16334M (3954M free)
TotalPageFile size 16334M (AvailPageFile size 962M)
current process WorkingSet (physical memory assigned to process): 35M, peak: 35M
current process commit charge ("private bytes"): 343M, peak: 343M

vm_info: OpenJDK 64-Bit Server VM (21.0.9+10-LTS) for windows-amd64 JRE (21.0.9+10-LTS), built on 2025-10-21T00:00:00Z by "admin" with unknown MS VC++:1942

END.
