#
# There is insufficient memory for the Java Runtime Environment to continue.
# Native memory allocation (malloc) failed to allocate 32744 bytes. Error detail: Chunk::new
# Possible reasons:
#   The system is out of physical RAM or swap space
#   This process is running with CompressedOops enabled, and the Java Heap may be blocking the growth of the native heap
# Possible solutions:
#   Reduce memory load on the system
#   Increase physical memory or swap space
#   Check if swap backing store is full
#   Decrease Java heap size (-Xmx/-Xms)
#   Decrease number of Java threads
#   Decrease Java thread stack sizes (-Xss)
#   Set larger code cache with -XX:ReservedCodeCacheSize=
#   JVM is running with Unscaled Compressed Oops mode in which the Java heap is
#     placed in the first 4GB address space. The Java Heap base address is the
#     maximum limit for the native heap growth. Please use -XX:HeapBaseMinAddress
#     to set the Java Heap base and to place the Java Heap above 4GB virtual address.
# This output file may be truncated or incomplete.
#
#  Out of Memory Error (arena.cpp:168), pid=12680, tid=14216
#
# JRE version: OpenJDK Runtime Environment Temurin-21.0.10+7 (21.0.10+7) (build 21.0.10+7-LTS)
# Java VM: OpenJDK 64-Bit Server VM Temurin-21.0.10+7 (21.0.10+7-LTS, mixed mode, sharing, tiered, compressed oops, compressed class ptrs, parallel gc, windows-amd64)
# No core dump will be written. Minidumps are not enabled by default on client versions of Windows
#

---------------  S U M M A R Y ------------

Command Line: --add-modules=ALL-SYSTEM --add-opens=java.base/java.util=ALL-UNNAMED --add-opens=java.base/java.lang=ALL-UNNAMED --add-opens=java.base/sun.nio.fs=ALL-UNNAMED -Declipse.application=org.eclipse.jdt.ls.core.id1 -Dosgi.bundles.defaultStartLevel=4 -Declipse.product=org.eclipse.jdt.ls.core.product -Djava.import.generatesMetadataFilesAtProjectRoot=false -DDetectVMInstallationsJob.disabled=true -Dfile.encoding=utf8 -XX:+UseParallelGC -XX:GCTimeRatio=4 -XX:AdaptiveSizePolicyWeight=90 -Dsun.zip.disableMemoryMapping=true -Xmx2G -Xms100m -Xlog:disable -javaagent:c:\Users\ltarr\.vscode\extensions\redhat.java-1.54.0-win32-x64\lombok\lombok-1.18.39-4050.jar c:\Users\ltarr\.vscode\extensions\redhat.java-1.54.0-win32-x64\server\plugins\org.eclipse.equinox.launcher_1.7.100.v20251111-0406.jar -configuration c:\Users\ltarr\AppData\Roaming\Code\User\globalStorage\redhat.java\1.54.0\config_ss_win -data c:\Users\ltarr\AppData\Roaming\Code\User\workspaceStorage\ea43191e08c469e6945db56c21924667\redhat.java\ss_ws --pipe=\\.\pipe\lsp-654af180eb34aa1be57b6e57a10691ec-sock

Host: AMD Ryzen 5 3600 6-Core Processor              , 12 cores, 15G,  Windows 10 , 64 bit Build 19041 (10.0.19041.7291)
Time: Thu May 28 12:24:30 2026 Hora de verano romance elapsed time: 31.222917 seconds (0d 0h 0m 31s)

---------------  T H R E A D  ---------------

Current thread (0x000002018a250fc0):  JavaThread "C2 CompilerThread0" daemon [_thread_in_native, id=14216, stack(0x000000742ab00000,0x000000742ac00000) (1024K)]


Current CompileTask:
C2:31223 2764       4       org.lombokweb.asm.ClassReader::readMethod (1070 bytes)

Stack: [0x000000742ab00000,0x000000742ac00000]
Native frames: (J=compiled Java code, j=interpreted, Vv=VM code, C=native code)
V  [jvm.dll+0x6d7a39]
V  [jvm.dll+0x8b4b26]
V  [jvm.dll+0x8b70de]
V  [jvm.dll+0x8b77c3]
V  [jvm.dll+0x284346]
V  [jvm.dll+0xc66ed]
V  [jvm.dll+0xc6c31]
V  [jvm.dll+0x6656d3]
V  [jvm.dll+0x666736]
V  [jvm.dll+0x664a7b]
V  [jvm.dll+0x24c3db]
V  [jvm.dll+0x24bb40]
V  [jvm.dll+0x1cb34e]
V  [jvm.dll+0x25b85d]
V  [jvm.dll+0x259dea]
V  [jvm.dll+0x3f857e]
V  [jvm.dll+0x85f59d]
V  [jvm.dll+0x6d626d]
C  [ucrtbase.dll+0x21bb2]
C  [KERNEL32.DLL+0x17374]
C  [ntdll.dll+0x4cc91]


---------------  P R O C E S S  ---------------

Threads class SMR info:
_java_thread_list=0x000002018f77d9d0, length=20, elements={
0x00000201308f1ab0, 0x00000201308a1b60, 0x00000201308a2ee0, 0x00000201308a4e80,
0x00000201308a7cb0, 0x000002018a240080, 0x000002018a2481e0, 0x000002018a250fc0,
0x000002018a253730, 0x000002018a248870, 0x000002018a2453f0, 0x000002018a245a80,
0x000002018a2474c0, 0x000002018a246e30, 0x000002018a246110, 0x000002018a247b50,
0x000002018a768860, 0x000002018a7674b0, 0x000002018a7639a0, 0x000002018f8c02c0
}

Java Threads: ( => current thread )
  0x00000201308f1ab0 JavaThread "main"                              [_thread_blocked, id=14904, stack(0x000000742a100000,0x000000742a200000) (1024K)]
  0x00000201308a1b60 JavaThread "Reference Handler"          daemon [_thread_blocked, id=15432, stack(0x000000742a500000,0x000000742a600000) (1024K)]
  0x00000201308a2ee0 JavaThread "Finalizer"                  daemon [_thread_blocked, id=6964, stack(0x000000742a600000,0x000000742a700000) (1024K)]
  0x00000201308a4e80 JavaThread "Signal Dispatcher"          daemon [_thread_blocked, id=14684, stack(0x000000742a700000,0x000000742a800000) (1024K)]
  0x00000201308a7cb0 JavaThread "Attach Listener"            daemon [_thread_blocked, id=9316, stack(0x000000742a800000,0x000000742a900000) (1024K)]
  0x000002018a240080 JavaThread "Service Thread"             daemon [_thread_blocked, id=16008, stack(0x000000742a900000,0x000000742aa00000) (1024K)]
  0x000002018a2481e0 JavaThread "Monitor Deflation Thread"   daemon [_thread_blocked, id=9880, stack(0x000000742aa00000,0x000000742ab00000) (1024K)]
=>0x000002018a250fc0 JavaThread "C2 CompilerThread0"         daemon [_thread_in_native, id=14216, stack(0x000000742ab00000,0x000000742ac00000) (1024K)]
  0x000002018a253730 JavaThread "C1 CompilerThread0"         daemon [_thread_blocked, id=12524, stack(0x000000742ac00000,0x000000742ad00000) (1024K)]
  0x000002018a248870 JavaThread "Common-Cleaner"             daemon [_thread_blocked, id=7728, stack(0x000000742ad00000,0x000000742ae00000) (1024K)]
  0x000002018a2453f0 JavaThread "Notification Thread"        daemon [_thread_blocked, id=14004, stack(0x000000742ae00000,0x000000742af00000) (1024K)]
  0x000002018a245a80 JavaThread "Active Thread: Equinox Container: e9c366c4-c4d0-4f9c-9668-d309494e56c2"        [_thread_blocked, id=13600, stack(0x000000742b500000,0x000000742b600000) (1024K)]
  0x000002018a2474c0 JavaThread "Framework Event Dispatcher: Equinox Container: e9c366c4-c4d0-4f9c-9668-d309494e56c2" daemon [_thread_blocked, id=9912, stack(0x000000742b800000,0x000000742b900000) (1024K)]
  0x000002018a246e30 JavaThread "Start Level: Equinox Container: e9c366c4-c4d0-4f9c-9668-d309494e56c2" daemon [_thread_in_native, id=6584, stack(0x000000742b900000,0x000000742ba00000) (1024K)]
  0x000002018a246110 JavaThread "SCR Component Actor"        daemon [_thread_blocked, id=260, stack(0x000000742b700000,0x000000742b800000) (1024K)]
  0x000002018a247b50 JavaThread "Worker-JM"                         [_thread_blocked, id=12940, stack(0x000000742ba00000,0x000000742bb00000) (1024K)]
  0x000002018a768860 JavaThread "JNA Cleaner"                daemon [_thread_blocked, id=9212, stack(0x000000742bd00000,0x000000742be00000) (1024K)]
  0x000002018a7674b0 JavaThread "Worker-0"                          [_thread_blocked, id=8052, stack(0x000000742be00000,0x000000742bf00000) (1024K)]
  0x000002018a7639a0 JavaThread "Worker-1"                          [_thread_blocked, id=14320, stack(0x000000742bf00000,0x000000742c000000) (1024K)]
  0x000002018f8c02c0 JavaThread "C2 CompilerThread1"         daemon [_thread_blocked, id=11588, stack(0x000000742c000000,0x000000742c100000) (1024K)]
Total: 20

Other Threads:
  0x0000020130892850 VMThread "VM Thread"                           [id=2092, stack(0x000000742a400000,0x000000742a500000) (1024K)]
  0x000002013095a610 WatcherThread "VM Periodic Task Thread"        [id=5812, stack(0x000000742a300000,0x000000742a400000) (1024K)]
  0x000002013090f220 WorkerThread "GC Thread#0"                     [id=15776, stack(0x000000742a200000,0x000000742a300000) (1024K)]
  0x000002018aafd460 WorkerThread "GC Thread#1"                     [id=2440, stack(0x000000742af00000,0x000000742b000000) (1024K)]
  0x000002018a99af70 WorkerThread "GC Thread#2"                     [id=15880, stack(0x000000742b000000,0x000000742b100000) (1024K)]
  0x000002018a99b320 WorkerThread "GC Thread#3"                     [id=14148, stack(0x000000742b100000,0x000000742b200000) (1024K)]
  0x000002018a99b6d0 WorkerThread "GC Thread#4"                     [id=16112, stack(0x000000742b200000,0x000000742b300000) (1024K)]
  0x000002018a99ba80 WorkerThread "GC Thread#5"                     [id=6488, stack(0x000000742b300000,0x000000742b400000) (1024K)]
  0x000002018a99be30 WorkerThread "GC Thread#6"                     [id=10968, stack(0x000000742b400000,0x000000742b500000) (1024K)]
  0x000002018ae270c0 WorkerThread "GC Thread#7"                     [id=13636, stack(0x000000742b600000,0x000000742b700000) (1024K)]
  0x000002018f32dc40 WorkerThread "GC Thread#8"                     [id=15272, stack(0x000000742bb00000,0x000000742bc00000) (1024K)]
  0x000002018f32dff0 WorkerThread "GC Thread#9"                     [id=14052, stack(0x000000742bc00000,0x000000742bd00000) (1024K)]
Total: 12

Threads with active compile tasks:
C2 CompilerThread0  32724 2764       4       org.lombokweb.asm.ClassReader::readMethod (1070 bytes)
Total: 1

VM state: not at safepoint (normal execution)

VM Mutex/Monitor currently owned by a thread: None

Heap address: 0x0000000080000000, size: 2048 MB, Compressed Oops mode: 32-bit

CDS archive(s) mapped at: [0x0000020148000000-0x0000020148ba0000-0x0000020148ba0000), size 12189696, SharedBaseAddress: 0x0000020148000000, ArchiveRelocationMode: 1.
Compressed class space mapped at: 0x0000020149000000-0x0000020189000000, reserved size: 1073741824
Narrow klass base: 0x0000020148000000, Narrow klass shift: 0, Narrow klass range: 0x100000000

GC Precious Log:
 CardTable entry size: 512
 CPUs: 12 total, 12 available
 Memory: 16334M
 Large Page Support: Disabled
 NUMA Support: Disabled
 Compressed Oops: Enabled (32-bit)
 Alignments: Space 512K, Generation 512K, Heap 2M
 Heap Min Capacity: 100M
 Heap Initial Capacity: 100M
 Heap Max Capacity: 2G
 Pre-touch: Disabled
 Parallel Workers: 10

Heap:
 PSYoungGen      total 29696K, used 17058K [0x00000000d5580000, 0x00000000d7780000, 0x0000000100000000)
  eden space 25088K, 67% used [0x00000000d5580000,0x00000000d6628968,0x00000000d6e00000)
  from space 4608K, 0% used [0x00000000d7300000,0x00000000d7300000,0x00000000d7780000)
  to   space 4608K, 0% used [0x00000000d6e80000,0x00000000d6e80000,0x00000000d7300000)
 ParOldGen       total 68608K, used 8904K [0x0000000080000000, 0x0000000084300000, 0x00000000d5580000)
  object space 68608K, 12% used [0x0000000080000000,0x00000000808b21b0,0x0000000084300000)
 Metaspace       used 22057K, committed 22720K, reserved 1114112K
  class space    used 2140K, committed 2432K, reserved 1048576K

Card table byte_map: [0x00000201302a0000,0x00000201306b0000] _byte_map_base: 0x000002012fea0000

Marking Bits: (ParMarkBitMap*) 0x00007ffa18533450
 Begin Bits: [0x0000020142db0000, 0x0000020144db0000)
 End Bits:   [0x0000020144db0000, 0x0000020146db0000)

Polling page: 0x000002012e720000

Metaspace:

Usage:
  Non-class:     19.45 MB used.
      Class:      2.09 MB used.
       Both:     21.54 MB used.

Virtual space:
  Non-class space:       64.00 MB reserved,      19.81 MB ( 31%) committed,  1 nodes.
      Class space:        1.00 GB reserved,       2.38 MB ( <1%) committed,  1 nodes.
             Both:        1.06 GB reserved,      22.19 MB (  2%) committed. 

Chunk freelists:
   Non-Class:  11.78 MB
       Class:  13.49 MB
        Both:  25.27 MB

MaxMetaspaceSize: unlimited
CompressedClassSpaceSize: 1.00 GB
Initial GC threshold: 21.00 MB
Current GC threshold: 35.00 MB
CDS: on
 - commit_granule_bytes: 65536.
 - commit_granule_words: 8192.
 - virtual_space_node_default_size: 8388608.
 - enlarge_chunks_in_place: 1.
 - use_allocation_guard: 0.


Internal statistics:

num_allocs_failed_limit: 3.
num_arena_births: 504.
num_arena_deaths: 14.
num_vsnodes_births: 2.
num_vsnodes_deaths: 0.
num_space_committed: 355.
num_space_uncommitted: 0.
num_chunks_returned_to_freelist: 17.
num_chunks_taken_from_freelist: 1359.
num_chunk_merges: 9.
num_chunk_splits: 880.
num_chunks_enlarged: 563.
num_inconsistent_stats: 0.

CodeHeap 'non-profiled nmethods': size=120000Kb used=1230Kb max_used=1230Kb free=118770Kb
 bounds [0x000002013b5d0000, 0x000002013b840000, 0x0000020142b00000]
CodeHeap 'profiled nmethods': size=120000Kb used=5425Kb max_used=5425Kb free=114574Kb
 bounds [0x0000020133b00000, 0x0000020134050000, 0x000002013b030000]
CodeHeap 'non-nmethods': size=5760Kb used=1318Kb max_used=1334Kb free=4442Kb
 bounds [0x000002013b030000, 0x000002013b2a0000, 0x000002013b5d0000]
CodeCache: size=245760Kb, used=7973Kb, max_used=7989Kb, free=237786Kb
 total_blobs=3438, nmethods=2834, adapters=510, full_count=0
Compilation: enabled, stopped_count=0, restarted_count=0

Compilation events (20 events):
Event: 28.882 Thread 0x000002018a250fc0 nmethod 2761 0x000002013b6fd710 code [0x000002013b6fd8a0, 0x000002013b6fda20]
Event: 29.070 Thread 0x000002018a253730 2762       3       org.lombokweb.asm.ClassReader::<init> (359 bytes)
Event: 29.070 Thread 0x000002018a250fc0 2764       4       org.lombokweb.asm.ClassReader::readMethod (1070 bytes)
Event: 29.070 Thread 0x000002018a253730 nmethod 2762 0x0000020134012310 code [0x0000020134012600, 0x00000201340137c0]
Event: 29.070 Thread 0x000002018a253730 2763 %     3       org.lombokweb.asm.SymbolTable::<init> @ 98 (554 bytes)
Event: 29.072 Thread 0x000002018a253730 nmethod 2763% 0x0000020134013d90 code [0x00000201340143a0, 0x0000020134017030]
Event: 29.072 Thread 0x000002018a253730 2770       3       org.lombokweb.asm.MethodWriter::visitLabel (332 bytes)
Event: 29.072 Thread 0x000002018a253730 nmethod 2770 0x0000020134018290 code [0x00000201340184e0, 0x0000020134018dd8]
Event: 29.072 Thread 0x000002018a253730 2771       3       org.lombokweb.asm.ByteVector::putByteArray (49 bytes)
Event: 29.072 Thread 0x000002018a253730 nmethod 2771 0x0000020134019010 code [0x00000201340191e0, 0x00000201340194a8]
Event: 29.072 Thread 0x000002018a253730 2765       3       java.util.Arrays::fill (21 bytes)
Event: 29.072 Thread 0x000002018a253730 nmethod 2765 0x0000020134019610 code [0x00000201340197c0, 0x0000020134019958]
Event: 29.072 Thread 0x000002018a253730 2767       3       java.util.regex.Matcher::match (154 bytes)
Event: 29.073 Thread 0x000002018a253730 nmethod 2767 0x0000020134019a90 code [0x0000020134019ca0, 0x000002013401a228]
Event: 29.073 Thread 0x000002018a253730 2766       3       java.util.regex.Pattern$Branch::match (66 bytes)
Event: 29.073 Thread 0x000002018a253730 nmethod 2766 0x000002013401a490 code [0x000002013401a680, 0x000002013401ab40]
Event: 29.073 Thread 0x000002018a253730 2768       3       org.lombokweb.asm.Label::addForwardReference (102 bytes)
Event: 29.073 Thread 0x000002018a253730 nmethod 2768 0x000002013401ad10 code [0x000002013401aee0, 0x000002013401b340]
Event: 29.073 Thread 0x000002018a253730 2769       1       lombok.patcher.MethodLogistics::getReturnOpcode (5 bytes)
Event: 29.073 Thread 0x000002018a253730 nmethod 2769 0x000002013b6fdb90 code [0x000002013b6fdd20, 0x000002013b6fdde8]

GC Heap History (10 events):
Event: 16.274 GC heap before
{Heap before GC invocations=1 (full 0):
 PSYoungGen      total 29696K, used 25600K [0x00000000d5580000, 0x00000000d7680000, 0x0000000100000000)
  eden space 25600K, 100% used [0x00000000d5580000,0x00000000d6e80000,0x00000000d6e80000)
  from space 4096K, 0% used [0x00000000d7280000,0x00000000d7280000,0x00000000d7680000)
  to   space 4096K, 0% used [0x00000000d6e80000,0x00000000d6e80000,0x00000000d7280000)
 ParOldGen       total 68608K, used 0K [0x0000000080000000, 0x0000000084300000, 0x00000000d5580000)
  object space 68608K, 0% used [0x0000000080000000,0x0000000080000000,0x0000000084300000)
 Metaspace       used 4355K, committed 4608K, reserved 1114112K
  class space    used 474K, committed 576K, reserved 1048576K
}
Event: 16.369 GC heap after
{Heap after GC invocations=1 (full 0):
 PSYoungGen      total 29696K, used 3287K [0x00000000d5580000, 0x00000000d7680000, 0x0000000100000000)
  eden space 25600K, 0% used [0x00000000d5580000,0x00000000d5580000,0x00000000d6e80000)
  from space 4096K, 80% used [0x00000000d6e80000,0x00000000d71b5ea8,0x00000000d7280000)
  to   space 4096K, 0% used [0x00000000d7280000,0x00000000d7280000,0x00000000d7680000)
 ParOldGen       total 68608K, used 16K [0x0000000080000000, 0x0000000084300000, 0x00000000d5580000)
  object space 68608K, 0% used [0x0000000080000000,0x0000000080004000,0x0000000084300000)
 Metaspace       used 4355K, committed 4608K, reserved 1114112K
  class space    used 474K, committed 576K, reserved 1048576K
}
Event: 18.181 GC heap before
{Heap before GC invocations=2 (full 0):
 PSYoungGen      total 29696K, used 28887K [0x00000000d5580000, 0x00000000d7680000, 0x0000000100000000)
  eden space 25600K, 100% used [0x00000000d5580000,0x00000000d6e80000,0x00000000d6e80000)
  from space 4096K, 80% used [0x00000000d6e80000,0x00000000d71b5ea8,0x00000000d7280000)
  to   space 4096K, 0% used [0x00000000d7280000,0x00000000d7280000,0x00000000d7680000)
 ParOldGen       total 68608K, used 16K [0x0000000080000000, 0x0000000084300000, 0x00000000d5580000)
  object space 68608K, 0% used [0x0000000080000000,0x0000000080004000,0x0000000084300000)
 Metaspace       used 8144K, committed 8448K, reserved 1114112K
  class space    used 866K, committed 960K, reserved 1048576K
}
Event: 18.185 GC heap after
{Heap after GC invocations=2 (full 0):
 PSYoungGen      total 29696K, used 4093K [0x00000000d5580000, 0x00000000d7680000, 0x0000000100000000)
  eden space 25600K, 0% used [0x00000000d5580000,0x00000000d5580000,0x00000000d6e80000)
  from space 4096K, 99% used [0x00000000d7280000,0x00000000d767f680,0x00000000d7680000)
  to   space 4096K, 0% used [0x00000000d6e80000,0x00000000d6e80000,0x00000000d7280000)
 ParOldGen       total 68608K, used 1136K [0x0000000080000000, 0x0000000084300000, 0x00000000d5580000)
  object space 68608K, 1% used [0x0000000080000000,0x000000008011c020,0x0000000084300000)
 Metaspace       used 8144K, committed 8448K, reserved 1114112K
  class space    used 866K, committed 960K, reserved 1048576K
}
Event: 21.798 GC heap before
{Heap before GC invocations=3 (full 0):
 PSYoungGen      total 29696K, used 29693K [0x00000000d5580000, 0x00000000d7680000, 0x0000000100000000)
  eden space 25600K, 100% used [0x00000000d5580000,0x00000000d6e80000,0x00000000d6e80000)
  from space 4096K, 99% used [0x00000000d7280000,0x00000000d767f680,0x00000000d7680000)
  to   space 4096K, 0% used [0x00000000d6e80000,0x00000000d6e80000,0x00000000d7280000)
 ParOldGen       total 68608K, used 1136K [0x0000000080000000, 0x0000000084300000, 0x00000000d5580000)
  object space 68608K, 1% used [0x0000000080000000,0x000000008011c020,0x0000000084300000)
 Metaspace       used 12992K, committed 13568K, reserved 1114112K
  class space    used 1377K, committed 1600K, reserved 1048576K
}
Event: 21.802 GC heap after
{Heap after GC invocations=3 (full 0):
 PSYoungGen      total 29696K, used 4082K [0x00000000d5580000, 0x00000000d7680000, 0x0000000100000000)
  eden space 25600K, 0% used [0x00000000d5580000,0x00000000d5580000,0x00000000d6e80000)
  from space 4096K, 99% used [0x00000000d6e80000,0x00000000d727c890,0x00000000d7280000)
  to   space 4096K, 0% used [0x00000000d7280000,0x00000000d7280000,0x00000000d7680000)
 ParOldGen       total 68608K, used 2937K [0x0000000080000000, 0x0000000084300000, 0x00000000d5580000)
  object space 68608K, 4% used [0x0000000080000000,0x00000000802de4d0,0x0000000084300000)
 Metaspace       used 12992K, committed 13568K, reserved 1114112K
  class space    used 1377K, committed 1600K, reserved 1048576K
}
Event: 26.630 GC heap before
{Heap before GC invocations=4 (full 0):
 PSYoungGen      total 29696K, used 29669K [0x00000000d5580000, 0x00000000d7680000, 0x0000000100000000)
  eden space 25600K, 99% used [0x00000000d5580000,0x00000000d6e7cc50,0x00000000d6e80000)
  from space 4096K, 99% used [0x00000000d6e80000,0x00000000d727c890,0x00000000d7280000)
  to   space 4096K, 0% used [0x00000000d7280000,0x00000000d7280000,0x00000000d7680000)
 ParOldGen       total 68608K, used 2937K [0x0000000080000000, 0x0000000084300000, 0x00000000d5580000)
  object space 68608K, 4% used [0x0000000080000000,0x00000000802de4d0,0x0000000084300000)
 Metaspace       used 17112K, committed 17728K, reserved 1114112K
  class space    used 1802K, committed 2048K, reserved 1048576K
}
Event: 26.633 GC heap after
{Heap after GC invocations=4 (full 0):
 PSYoungGen      total 29696K, used 4064K [0x00000000d5580000, 0x00000000d7680000, 0x0000000100000000)
  eden space 25600K, 0% used [0x00000000d5580000,0x00000000d5580000,0x00000000d6e80000)
  from space 4096K, 99% used [0x00000000d7280000,0x00000000d7678320,0x00000000d7680000)
  to   space 4096K, 0% used [0x00000000d6e80000,0x00000000d6e80000,0x00000000d7280000)
 ParOldGen       total 68608K, used 4661K [0x0000000080000000, 0x0000000084300000, 0x00000000d5580000)
  object space 68608K, 6% used [0x0000000080000000,0x000000008048d640,0x0000000084300000)
 Metaspace       used 17112K, committed 17728K, reserved 1114112K
  class space    used 1802K, committed 2048K, reserved 1048576K
}
Event: 29.112 GC heap before
{Heap before GC invocations=5 (full 0):
 PSYoungGen      total 29696K, used 29664K [0x00000000d5580000, 0x00000000d7680000, 0x0000000100000000)
  eden space 25600K, 100% used [0x00000000d5580000,0x00000000d6e80000,0x00000000d6e80000)
  from space 4096K, 99% used [0x00000000d7280000,0x00000000d7678320,0x00000000d7680000)
  to   space 4096K, 0% used [0x00000000d6e80000,0x00000000d6e80000,0x00000000d7280000)
 ParOldGen       total 68608K, used 4661K [0x0000000080000000, 0x0000000084300000, 0x00000000d5580000)
  object space 68608K, 6% used [0x0000000080000000,0x000000008048d640,0x0000000084300000)
 Metaspace       used 20376K, committed 20992K, reserved 1114112K
  class space    used 2019K, committed 2304K, reserved 1048576K
}
Event: 29.114 GC heap after
{Heap after GC invocations=5 (full 0):
 PSYoungGen      total 29184K, used 4094K [0x00000000d5580000, 0x00000000d7800000, 0x0000000100000000)
  eden space 25088K, 0% used [0x00000000d5580000,0x00000000d5580000,0x00000000d6e00000)
  from space 4096K, 99% used [0x00000000d6e80000,0x00000000d727f8b8,0x00000000d7280000)
  to   space 5120K, 0% used [0x00000000d7300000,0x00000000d7300000,0x00000000d7800000)
 ParOldGen       total 68608K, used 4831K [0x0000000080000000, 0x0000000084300000, 0x00000000d5580000)
  object space 68608K, 7% used [0x0000000080000000,0x00000000804b7d60,0x0000000084300000)
 Metaspace       used 20376K, committed 20992K, reserved 1114112K
  class space    used 2019K, committed 2304K, reserved 1048576K
}

Dll operation events (10 events):
Event: 2.627 Loaded shared library c:\Users\ltarr\.vscode\extensions\redhat.java-1.54.0-win32-x64\jre\21.0.10-win32-x86_64\bin\java.dll
Event: 6.770 Loaded shared library c:\Users\ltarr\.vscode\extensions\redhat.java-1.54.0-win32-x64\jre\21.0.10-win32-x86_64\bin\zip.dll
Event: 8.032 Loaded shared library C:\Users\ltarr\.vscode\extensions\redhat.java-1.54.0-win32-x64\jre\21.0.10-win32-x86_64\bin\instrument.dll
Event: 8.120 Loaded shared library C:\Users\ltarr\.vscode\extensions\redhat.java-1.54.0-win32-x64\jre\21.0.10-win32-x86_64\bin\net.dll
Event: 8.144 Loaded shared library C:\Users\ltarr\.vscode\extensions\redhat.java-1.54.0-win32-x64\jre\21.0.10-win32-x86_64\bin\nio.dll
Event: 8.147 Loaded shared library C:\Users\ltarr\.vscode\extensions\redhat.java-1.54.0-win32-x64\jre\21.0.10-win32-x86_64\bin\zip.dll
Event: 9.615 Loaded shared library C:\Users\ltarr\.vscode\extensions\redhat.java-1.54.0-win32-x64\jre\21.0.10-win32-x86_64\bin\jimage.dll
Event: 11.414 Loaded shared library c:\Users\ltarr\.vscode\extensions\redhat.java-1.54.0-win32-x64\jre\21.0.10-win32-x86_64\bin\verify.dll
Event: 17.962 Loaded shared library C:\Users\ltarr\AppData\Roaming\Code\User\globalStorage\redhat.java\1.54.0\config_ss_win\org.eclipse.equinox.launcher\org.eclipse.equinox.launcher.win32.win32.x86_64_1.3.0.v20260203-2149\eclipse_11919.dll
Event: 23.964 Loaded shared library C:\Users\ltarr\AppData\Local\Temp\jna-103292889\jna5087610793516610636.dll

Deoptimization events (20 events):
Event: 26.487 Thread 0x000002018a246e30 Uncommon trap: trap_request=0xffffffde fr.pc=0x000002013b6cde14 relative=0x00000000000003b4
Event: 26.487 Thread 0x000002018a246e30 Uncommon trap: reason=class_check action=maybe_recompile pc=0x000002013b6cde14 method=java.util.regex.Pattern$BmpCharPropertyGreedy.match(Ljava/util/regex/Matcher;ILjava/lang/CharSequence;)Z @ 70 c2
Event: 26.487 Thread 0x000002018a246e30 DEOPT PACKING pc=0x000002013b6cde14 sp=0x000000742b9f3360
Event: 26.487 Thread 0x000002018a246e30 DEOPT UNPACKING pc=0x000002013b083aa2 sp=0x000000742b9f3308 mode 2
Event: 26.529 Thread 0x000002018a246e30 Uncommon trap: trap_request=0xffffff45 fr.pc=0x000002013b6f0c40 relative=0x0000000000000100
Event: 26.529 Thread 0x000002018a246e30 Uncommon trap: reason=unstable_if action=reinterpret pc=0x000002013b6f0c40 method=org.lombokweb.asm.ClassReader.readUTF8(I[C)Ljava/lang/String; @ 11 c2
Event: 26.529 Thread 0x000002018a246e30 DEOPT PACKING pc=0x000002013b6f0c40 sp=0x000000742b9f3be0
Event: 26.529 Thread 0x000002018a246e30 DEOPT UNPACKING pc=0x000002013b083aa2 sp=0x000000742b9f3b88 mode 2
Event: 28.491 Thread 0x000002018a246e30 Uncommon trap: trap_request=0xffffff6e fr.pc=0x000002013b6fa9d4 relative=0x0000000000000b34
Event: 28.491 Thread 0x000002018a246e30 Uncommon trap: reason=loop_limit_check action=maybe_recompile pc=0x000002013b6fa9d4 method=java.util.regex.Pattern$StartS.match(Ljava/util/regex/Matcher;ILjava/lang/CharSequence;)Z @ 34 c2
Event: 28.491 Thread 0x000002018a246e30 DEOPT PACKING pc=0x000002013b6fa9d4 sp=0x000000742b9f2a30
Event: 28.491 Thread 0x000002018a246e30 DEOPT UNPACKING pc=0x000002013b083aa2 sp=0x000000742b9f29a0 mode 2
Event: 29.070 Thread 0x000002018a246e30 Uncommon trap: trap_request=0xffffff45 fr.pc=0x000002013b6fceec relative=0x000000000000014c
Event: 29.070 Thread 0x000002018a246e30 Uncommon trap: reason=unstable_if action=reinterpret pc=0x000002013b6fceec method=org.lombokweb.asm.ByteVector.putByteArray([BII)Lorg/lombokweb/asm/ByteVector; @ 20 c2
Event: 29.070 Thread 0x000002018a246e30 DEOPT PACKING pc=0x000002013b6fceec sp=0x000000742b9f2a20
Event: 29.070 Thread 0x000002018a246e30 DEOPT UNPACKING pc=0x000002013b083aa2 sp=0x000000742b9f29f0 mode 2
Event: 29.070 Thread 0x000002018a246e30 Uncommon trap: trap_request=0xffffff45 fr.pc=0x000002013b6fbaa4 relative=0x0000000000000364
Event: 29.070 Thread 0x000002018a246e30 Uncommon trap: reason=unstable_if action=reinterpret pc=0x000002013b6fbaa4 method=org.lombokweb.asm.Label.resolve([BLorg/lombokweb/asm/ByteVector;I)Z @ 81 c2
Event: 29.070 Thread 0x000002018a246e30 DEOPT PACKING pc=0x000002013b6fbaa4 sp=0x000000742b9f2ab0
Event: 29.070 Thread 0x000002018a246e30 DEOPT UNPACKING pc=0x000002013b083aa2 sp=0x000000742b9f29b8 mode 2

Classes loaded (20 events):
Event: 26.241 Loading class java/util/zip/GZIPInputStream
Event: 26.242 Loading class java/util/zip/GZIPInputStream done
Event: 26.296 Loading class java/io/StringReader
Event: 26.296 Loading class java/io/StringReader done
Event: 26.547 Loading class java/net/SocketTimeoutException
Event: 26.557 Loading class java/io/InterruptedIOException
Event: 26.557 Loading class java/io/InterruptedIOException done
Event: 26.557 Loading class java/net/SocketTimeoutException done
Event: 26.557 Loading class java/net/SocketException
Event: 26.558 Loading class java/net/SocketException done
Event: 26.558 Loading class java/net/UnknownHostException
Event: 26.558 Loading class java/net/UnknownHostException done
Event: 26.558 Loading class java/net/ProtocolException
Event: 26.558 Loading class java/net/ProtocolException done
Event: 26.629 Loading class java/lang/ThreadLocal$SuppliedThreadLocal
Event: 26.629 Loading class java/lang/ThreadLocal$SuppliedThreadLocal done
Event: 26.702 Loading class java/io/FileWriter
Event: 26.702 Loading class java/io/FileWriter done
Event: 27.055 Loading class java/lang/NegativeArraySizeException
Event: 27.055 Loading class java/lang/NegativeArraySizeException done

Classes unloaded (0 events):
No events

Classes redefined (0 events):
No events

Internal exceptions (20 events):
Event: 24.748 Thread 0x000002018a246e30 Exception <a 'java/lang/NoSuchMethodError'{0x00000000d6409c10}: 'void java.lang.invoke.DelegatingMethodHandle$Holder.reinvoke_L(java.lang.Object, java.lang.Object, int)'> (0x00000000d6409c10) 
thrown [s\src\hotspot\share\interpreter\linkResolver.cpp, line 773]
Event: 24.749 Thread 0x000002018a246e30 Exception <a 'java/lang/NoSuchMethodError'{0x00000000d64108f8}: 'int java.lang.invoke.Invokers$Holder.invokeExact_MT(java.lang.Object, java.lang.Object, java.lang.Object)'> (0x00000000d64108f8) 
thrown [s\src\hotspot\share\interpreter\linkResolver.cpp, line 773]
Event: 25.554 Thread 0x000002018a246e30 Exception <a 'java/lang/NoSuchMethodError'{0x00000000d6524448}: 'void java.lang.invoke.Invokers$Holder.invokeExact_MT(java.lang.Object, java.lang.Object, int, java.lang.Object)'> (0x00000000d6524448) 
thrown [s\src\hotspot\share\interpreter\linkResolver.cpp, line 773]
Event: 25.690 Thread 0x000002018a246e30 Exception <a 'java/lang/NoSuchMethodError'{0x00000000d6628018}: 'java.lang.Object java.lang.invoke.DirectMethodHandle$Holder.invokeSpecial(java.lang.Object, java.lang.Object, java.lang.Object, long, java.lang.Object)'> (0x00000000d6628018) 
thrown [s\src\hotspot\share\interpreter\linkResolver.cpp, line 773]
Event: 25.691 Thread 0x000002018a246e30 Exception <a 'java/lang/NoSuchMethodError'{0x00000000d662faa0}: 'java.lang.Object java.lang.invoke.DirectMethodHandle$Holder.newInvokeSpecial(java.lang.Object, java.lang.Object, java.lang.Object, long)'> (0x00000000d662faa0) 
thrown [s\src\hotspot\share\interpreter\linkResolver.cpp, line 773]
Event: 25.691 Thread 0x000002018a246e30 Exception <a 'java/lang/NoSuchMethodError'{0x00000000d6633e50}: 'java.lang.Object java.lang.invoke.DirectMethodHandle$Holder.invokeSpecial(java.lang.Object, java.lang.Object, java.lang.Object, java.lang.Object, long)'> (0x00000000d6633e50) 
thrown [s\src\hotspot\share\interpreter\linkResolver.cpp, line 773]
Event: 25.691 Thread 0x000002018a246e30 Exception <a 'java/lang/NoSuchMethodError'{0x00000000d6637a70}: 'java.lang.Object java.lang.invoke.Invokers$Holder.linkToTargetMethod(java.lang.Object, java.lang.Object, long, java.lang.Object)'> (0x00000000d6637a70) 
thrown [s\src\hotspot\share\interpreter\linkResolver.cpp, line 773]
Event: 25.695 Thread 0x000002018a246e30 Exception <a 'java/lang/NoSuchMethodError'{0x00000000d66a9768}: 'int java.lang.invoke.DirectMethodHandle$Holder.invokeStaticInit(java.lang.Object, java.lang.Object, java.lang.Object)'> (0x00000000d66a9768) 
thrown [s\src\hotspot\share\interpreter\linkResolver.cpp, line 773]
Event: 25.758 Thread 0x000002018a246e30 Exception <a 'java/lang/IncompatibleClassChangeError'{0x00000000d6738b00}: Found class java.lang.Object, but interface was expected> (0x00000000d6738b00) 
thrown [s\src\hotspot\share\interpreter\linkResolver.cpp, line 840]
Event: 25.760 Thread 0x000002018a246e30 Exception <a 'java/lang/NoSuchMethodError'{0x00000000d674b788}: 'java.lang.Object java.lang.invoke.DirectMethodHandle$Holder.invokeSpecial(java.lang.Object, java.lang.Object, java.lang.Object, int, java.lang.Object, java.lang.Object)'> (0x00000000d674b788) 
thrown [s\src\hotspot\share\interpreter\linkResolver.cpp, line 773]
Event: 25.760 Thread 0x000002018a246e30 Exception <a 'java/lang/NoSuchMethodError'{0x00000000d6753260}: 'java.lang.Object java.lang.invoke.DirectMethodHandle$Holder.newInvokeSpecial(java.lang.Object, java.lang.Object, java.lang.Object, int, java.lang.Object)'> (0x00000000d6753260) 
thrown [s\src\hotspot\share\interpreter\linkResolver.cpp, line 773]
Event: 25.760 Thread 0x000002018a246e30 Exception <a 'java/lang/NoSuchMethodError'{0x00000000d67571e0}: 'java.lang.Object java.lang.invoke.DirectMethodHandle$Holder.invokeSpecial(java.lang.Object, java.lang.Object, java.lang.Object, java.lang.Object, int, java.lang.Object)'> (0x00000000d67571e0) 
thrown [s\src\hotspot\share\interpreter\linkResolver.cpp, line 773]
Event: 25.761 Thread 0x000002018a246e30 Exception <a 'java/lang/NoSuchMethodError'{0x00000000d675ad20}: 'java.lang.Object java.lang.invoke.Invokers$Holder.linkToTargetMethod(java.lang.Object, java.lang.Object, int, java.lang.Object, java.lang.Object)'> (0x00000000d675ad20) 
thrown [s\src\hotspot\share\interpreter\linkResolver.cpp, line 773]
Event: 25.761 Thread 0x000002018a7674b0 Exception <a 'java/lang/NoSuchMethodError'{0x00000000d6667998}: 'java.lang.Object java.lang.invoke.DirectMethodHandle$Holder.invokeSpecial(java.lang.Object, java.lang.Object, int, java.lang.Object, java.lang.Object)'> (0x00000000d6667998) 
thrown [s\src\hotspot\share\interpreter\linkResolver.cpp, line 773]
Event: 25.761 Thread 0x000002018a7674b0 Exception <a 'java/lang/NoSuchMethodError'{0x00000000d666e6d0}: 'java.lang.Object java.lang.invoke.DirectMethodHandle$Holder.newInvokeSpecial(java.lang.Object, java.lang.Object, int, java.lang.Object)'> (0x00000000d666e6d0) 
thrown [s\src\hotspot\share\interpreter\linkResolver.cpp, line 773]
Event: 25.762 Thread 0x000002018a7674b0 Exception <a 'java/lang/NoSuchMethodError'{0x00000000d6671fb0}: 'java.lang.Object java.lang.invoke.DirectMethodHandle$Holder.invokeSpecial(java.lang.Object, java.lang.Object, java.lang.Object, int, java.lang.Object)'> (0x00000000d6671fb0) 
thrown [s\src\hotspot\share\interpreter\linkResolver.cpp, line 773]
Event: 25.805 Thread 0x000002018a246e30 Exception <a 'java/lang/NoSuchMethodError'{0x00000000d6878f70}: 'void java.lang.invoke.DirectMethodHandle$Holder.invokeSpecial(java.lang.Object, java.lang.Object, java.lang.Object, java.lang.Object, java.lang.Object)'> (0x00000000d6878f70) 
thrown [s\src\hotspot\share\interpreter\linkResolver.cpp, line 773]
Event: 26.163 Thread 0x000002018a246e30 Exception <a 'java/lang/NoSuchMethodError'{0x00000000d6a89fc8}: 'double java.lang.invoke.DirectMethodHandle$Holder.invokeStatic(java.lang.Object, java.lang.Object)'> (0x00000000d6a89fc8) 
thrown [s\src\hotspot\share\interpreter\linkResolver.cpp, line 773]
Event: 26.164 Thread 0x000002018a246e30 Exception <a 'java/lang/NoSuchMethodError'{0x00000000d6a8d688}: 'double java.lang.invoke.DirectMethodHandle$Holder.invokeStaticInit(java.lang.Object, java.lang.Object)'> (0x00000000d6a8d688) 
thrown [s\src\hotspot\share\interpreter\linkResolver.cpp, line 773]
Event: 29.070 Thread 0x000002018a246e30 Implicit null exception at 0x000002013b6fcdf5 to 0x000002013b6fced0

ZGC Phase Switch (0 events):
No events

VM Operations (20 events):
Event: 22.514 Executing non-safepoint VM operation: HandshakeAllThreads (Deoptimize)
Event: 22.515 Executing non-safepoint VM operation: HandshakeAllThreads (Deoptimize) done
Event: 22.522 Executing non-safepoint VM operation: HandshakeAllThreads (Deoptimize)
Event: 22.522 Executing non-safepoint VM operation: HandshakeAllThreads (Deoptimize) done
Event: 23.537 Executing safepoint VM operation: Cleanup
Event: 23.537 Executing safepoint VM operation: Cleanup done
Event: 24.141 Executing non-safepoint VM operation: HandshakeAllThreads (Deoptimize)
Event: 24.141 Executing non-safepoint VM operation: HandshakeAllThreads (Deoptimize) done
Event: 25.146 Executing safepoint VM operation: Cleanup
Event: 25.552 Executing safepoint VM operation: Cleanup done
Event: 26.566 Executing safepoint VM operation: Cleanup
Event: 26.566 Executing safepoint VM operation: Cleanup done
Event: 26.630 Executing safepoint VM operation: ParallelGCFailedAllocation (Allocation Failure)
Event: 26.633 Executing safepoint VM operation: ParallelGCFailedAllocation (Allocation Failure) done
Event: 27.633 Executing safepoint VM operation: Cleanup
Event: 27.633 Executing safepoint VM operation: Cleanup done
Event: 28.638 Executing safepoint VM operation: Cleanup
Event: 28.639 Executing safepoint VM operation: Cleanup done
Event: 29.112 Executing safepoint VM operation: ParallelGCFailedAllocation (Allocation Failure)
Event: 29.114 Executing safepoint VM operation: ParallelGCFailedAllocation (Allocation Failure) done

Memory protections (0 events):
No events

Nmethod flushes (0 events):
No events

Events (20 events):
Event: 17.343 Thread 0x00000201308f1ab0 Thread added: 0x000002018a245a80
Event: 17.667 Thread 0x000002018a253730 Thread added: 0x000002018aa3afb0
Event: 17.675 Thread 0x000002018a253730 Thread added: 0x000002018a300d40
Event: 17.676 Thread 0x00000201308f1ab0 Thread added: 0x000002018a2474c0
Event: 17.679 Thread 0x00000201308f1ab0 Thread added: 0x000002018a246e30
Event: 17.927 Thread 0x000002018a300d40 Thread exited: 0x000002018a300d40
Event: 17.927 Thread 0x000002018aa3afb0 Thread exited: 0x000002018aa3afb0
Event: 19.307 Thread 0x000002018a246e30 Thread added: 0x000002018a246110
Event: 19.763 Thread 0x000002018a250fc0 Thread added: 0x000002018abd5950
Event: 19.763 Thread 0x000002018a250fc0 Thread added: 0x000002018a441e40
Event: 19.915 Thread 0x000002018a441e40 Thread exited: 0x000002018a441e40
Event: 19.921 Thread 0x000002018abd5950 Thread exited: 0x000002018abd5950
Event: 21.369 Thread 0x000002018a246e30 Thread added: 0x000002018a247b50
Event: 22.526 Thread 0x000002018a253730 Thread added: 0x000002018a771f50
Event: 22.767 Thread 0x000002018a771f50 Thread exited: 0x000002018a771f50
Event: 24.752 Thread 0x000002018a246e30 Thread added: 0x000002018a768860
Event: 25.693 Thread 0x000002018a246e30 Thread added: 0x000002018a7674b0
Event: 25.761 Thread 0x000002018a246e30 Thread added: 0x000002018a7639a0
Event: 26.934 Thread 0x000002018a250fc0 Thread added: 0x000002018a7cad10
Event: 27.047 Thread 0x000002018a7cad10 Thread exited: 0x000002018a7cad10


Dynamic libraries:
0x00007ff731c30000 - 0x00007ff731c3e000 	c:\Users\ltarr\.vscode\extensions\redhat.java-1.54.0-win32-x64\jre\21.0.10-win32-x86_64\bin\java.exe
0x00007ffa97dd0000 - 0x00007ffa97fc9000 	C:\WINDOWS\SYSTEM32\ntdll.dll
0x00007ffa96b00000 - 0x00007ffa96bc2000 	C:\WINDOWS\System32\KERNEL32.DLL
0x00007ffa95720000 - 0x00007ffa95a17000 	C:\WINDOWS\System32\KERNELBASE.dll
0x00007ffa95530000 - 0x00007ffa95630000 	C:\WINDOWS\System32\ucrtbase.dll
0x00007ffa769a0000 - 0x00007ffa769b8000 	c:\Users\ltarr\.vscode\extensions\redhat.java-1.54.0-win32-x64\jre\21.0.10-win32-x86_64\bin\jli.dll
0x00007ffa96530000 - 0x00007ffa966cd000 	C:\WINDOWS\System32\USER32.dll
0x00007ffa95500000 - 0x00007ffa95522000 	C:\WINDOWS\System32\win32u.dll
0x00007ffa80100000 - 0x00007ffa8039b000 	C:\WINDOWS\WinSxS\amd64_microsoft.windows.common-controls_6595b64144ccf1df_6.0.19041.6926_none_60b5a53971f8f7e6\COMCTL32.dll
0x00007ffa97100000 - 0x00007ffa9712b000 	C:\WINDOWS\System32\GDI32.dll
0x00007ffa967b0000 - 0x00007ffa9684e000 	C:\WINDOWS\System32\msvcrt.dll
0x00007ffa95b80000 - 0x00007ffa95c9a000 	C:\WINDOWS\System32\gdi32full.dll
0x00007ffa95680000 - 0x00007ffa9571d000 	C:\WINDOWS\System32\msvcp_win.dll
0x00007ffa76140000 - 0x00007ffa7615e000 	c:\Users\ltarr\.vscode\extensions\redhat.java-1.54.0-win32-x64\jre\21.0.10-win32-x86_64\bin\VCRUNTIME140.dll
0x00007ffa97920000 - 0x00007ffa9794f000 	C:\WINDOWS\System32\IMM32.DLL
0x00007ffa7f8f0000 - 0x00007ffa7f8fc000 	c:\Users\ltarr\.vscode\extensions\redhat.java-1.54.0-win32-x64\jre\21.0.10-win32-x86_64\bin\vcruntime140_1.dll
0x00007ffa5e590000 - 0x00007ffa5e61d000 	c:\Users\ltarr\.vscode\extensions\redhat.java-1.54.0-win32-x64\jre\21.0.10-win32-x86_64\bin\msvcp140.dll
0x00007ffa17870000 - 0x00007ffa18611000 	c:\Users\ltarr\.vscode\extensions\redhat.java-1.54.0-win32-x64\jre\21.0.10-win32-x86_64\bin\server\jvm.dll
0x00007ffa96a30000 - 0x00007ffa96ae1000 	C:\WINDOWS\System32\ADVAPI32.dll
0x00007ffa96d70000 - 0x00007ffa96e0f000 	C:\WINDOWS\System32\sechost.dll
0x00007ffa96900000 - 0x00007ffa96a26000 	C:\WINDOWS\System32\RPCRT4.dll
0x00007ffa95440000 - 0x00007ffa95467000 	C:\WINDOWS\System32\bcrypt.dll
0x00007ffa978b0000 - 0x00007ffa9791b000 	C:\WINDOWS\System32\WS2_32.dll
0x00007ffa95290000 - 0x00007ffa952db000 	C:\WINDOWS\SYSTEM32\POWRPROF.dll
0x00007ffa86fd0000 - 0x00007ffa86ff7000 	C:\WINDOWS\SYSTEM32\WINMM.dll
0x00007ffa86fa0000 - 0x00007ffa86faa000 	C:\WINDOWS\SYSTEM32\VERSION.dll
0x00007ffa95270000 - 0x00007ffa95282000 	C:\WINDOWS\SYSTEM32\UMPDC.dll
0x00007ffa931b0000 - 0x00007ffa931c2000 	C:\WINDOWS\SYSTEM32\kernel.appcore.dll
0x00007ffa7c350000 - 0x00007ffa7c35a000 	c:\Users\ltarr\.vscode\extensions\redhat.java-1.54.0-win32-x64\jre\21.0.10-win32-x86_64\bin\jimage.dll
0x00007ffa8de30000 - 0x00007ffa8e031000 	C:\WINDOWS\SYSTEM32\DBGHELP.DLL
0x00007ffa8cbe0000 - 0x00007ffa8cc14000 	C:\WINDOWS\SYSTEM32\dbgcore.DLL
0x00007ffa95470000 - 0x00007ffa954f2000 	C:\WINDOWS\System32\bcryptPrimitives.dll
0x00007ffa76ad0000 - 0x00007ffa76adf000 	c:\Users\ltarr\.vscode\extensions\redhat.java-1.54.0-win32-x64\jre\21.0.10-win32-x86_64\bin\instrument.dll
0x00007ffa710d0000 - 0x00007ffa710f0000 	c:\Users\ltarr\.vscode\extensions\redhat.java-1.54.0-win32-x64\jre\21.0.10-win32-x86_64\bin\java.dll
0x00007ffa97130000 - 0x00007ffa978a1000 	C:\WINDOWS\System32\SHELL32.dll
0x00007ffa93490000 - 0x00007ffa93c36000 	C:\WINDOWS\SYSTEM32\windows.storage.dll
0x00007ffa97950000 - 0x00007ffa97ca3000 	C:\WINDOWS\System32\combase.dll
0x00007ffa94cb0000 - 0x00007ffa94cdb000 	C:\WINDOWS\SYSTEM32\Wldp.dll
0x00007ffa96fc0000 - 0x00007ffa97096000 	C:\WINDOWS\System32\OLEAUT32.dll
0x00007ffa96250000 - 0x00007ffa962fd000 	C:\WINDOWS\System32\SHCORE.dll
0x00007ffa970a0000 - 0x00007ffa970fb000 	C:\WINDOWS\System32\shlwapi.dll
0x00007ffa95360000 - 0x00007ffa95384000 	C:\WINDOWS\SYSTEM32\profapi.dll
0x00007ffa708f0000 - 0x00007ffa70908000 	c:\Users\ltarr\.vscode\extensions\redhat.java-1.54.0-win32-x64\jre\21.0.10-win32-x86_64\bin\zip.dll
0x00007ffa75340000 - 0x00007ffa75350000 	C:\Users\ltarr\.vscode\extensions\redhat.java-1.54.0-win32-x64\jre\21.0.10-win32-x86_64\bin\net.dll
0x00007ffa8e8c0000 - 0x00007ffa8e9ca000 	C:\WINDOWS\SYSTEM32\WINHTTP.dll
0x00007ffa94a60000 - 0x00007ffa94aca000 	C:\WINDOWS\system32\mswsock.dll
0x00007ffa70780000 - 0x00007ffa70796000 	C:\Users\ltarr\.vscode\extensions\redhat.java-1.54.0-win32-x64\jre\21.0.10-win32-x86_64\bin\nio.dll
0x00007ffa752c0000 - 0x00007ffa752d0000 	c:\Users\ltarr\.vscode\extensions\redhat.java-1.54.0-win32-x64\jre\21.0.10-win32-x86_64\bin\verify.dll
0x00007ffa6d090000 - 0x00007ffa6d0d5000 	C:\Users\ltarr\AppData\Roaming\Code\User\globalStorage\redhat.java\1.54.0\config_ss_win\org.eclipse.equinox.launcher\org.eclipse.equinox.launcher.win32.win32.x86_64_1.3.0.v20260203-2149\eclipse_11919.dll
0x00007ffa96400000 - 0x00007ffa9652b000 	C:\WINDOWS\System32\ole32.dll
0x00007ffa94d60000 - 0x00007ffa94d78000 	C:\WINDOWS\SYSTEM32\CRYPTSP.dll
0x00007ffa943a0000 - 0x00007ffa943d8000 	C:\WINDOWS\system32\rsaenh.dll
0x00007ffa95320000 - 0x00007ffa9534e000 	C:\WINDOWS\SYSTEM32\USERENV.dll
0x00007ffa94c20000 - 0x00007ffa94c2c000 	C:\WINDOWS\SYSTEM32\CRYPTBASE.dll
0x00007ffa94760000 - 0x00007ffa9479b000 	C:\WINDOWS\SYSTEM32\IPHLPAPI.DLL
0x00007ffa96af0000 - 0x00007ffa96af8000 	C:\WINDOWS\System32\NSI.dll
0x00007ffa75a90000 - 0x00007ffa75ad9000 	C:\Users\ltarr\AppData\Local\Temp\jna-103292889\jna5087610793516610636.dll
0x00007ffa96390000 - 0x00007ffa96398000 	C:\WINDOWS\System32\PSAPI.DLL

JVMTI agents:
c:\Users\ltarr\.vscode\extensions\redhat.java-1.54.0-win32-x64\lombok\lombok-1.18.39-4050.jar path:c:\Users\ltarr\.vscode\extensions\redhat.java-1.54.0-win32-x64\jre\21.0.10-win32-x86_64\bin\instrument.dll, loaded, initialized, instrumentlib options:none

dbghelp: loaded successfully - version: 4.0.5 - missing functions: none
symbol engine: initialized successfully - sym options: 0x614 - pdb path: .;c:\Users\ltarr\.vscode\extensions\redhat.java-1.54.0-win32-x64\jre\21.0.10-win32-x86_64\bin;C:\WINDOWS\SYSTEM32;C:\WINDOWS\WinSxS\amd64_microsoft.windows.common-controls_6595b64144ccf1df_6.0.19041.6926_none_60b5a53971f8f7e6;c:\Users\ltarr\.vscode\extensions\redhat.java-1.54.0-win32-x64\jre\21.0.10-win32-x86_64\bin\server;C:\Users\ltarr\AppData\Roaming\Code\User\globalStorage\redhat.java\1.54.0\config_ss_win\org.eclipse.equinox.launcher\org.eclipse.equinox.launcher.win32.win32.x86_64_1.3.0.v20260203-2149;C:\Users\ltarr\AppData\Local\Temp\jna-103292889

VM Arguments:
jvm_args: --add-modules=ALL-SYSTEM --add-opens=java.base/java.util=ALL-UNNAMED --add-opens=java.base/java.lang=ALL-UNNAMED --add-opens=java.base/sun.nio.fs=ALL-UNNAMED -Declipse.application=org.eclipse.jdt.ls.core.id1 -Dosgi.bundles.defaultStartLevel=4 -Declipse.product=org.eclipse.jdt.ls.core.product -Djava.import.generatesMetadataFilesAtProjectRoot=false -DDetectVMInstallationsJob.disabled=true -Dfile.encoding=utf8 -XX:+UseParallelGC -XX:GCTimeRatio=4 -XX:AdaptiveSizePolicyWeight=90 -Dsun.zip.disableMemoryMapping=true -Xmx2G -Xms100m -Xlog:disable -javaagent:c:\Users\ltarr\.vscode\extensions\redhat.java-1.54.0-win32-x64\lombok\lombok-1.18.39-4050.jar 
java_command: c:\Users\ltarr\.vscode\extensions\redhat.java-1.54.0-win32-x64\server\plugins\org.eclipse.equinox.launcher_1.7.100.v20251111-0406.jar -configuration c:\Users\ltarr\AppData\Roaming\Code\User\globalStorage\redhat.java\1.54.0\config_ss_win -data c:\Users\ltarr\AppData\Roaming\Code\User\workspaceStorage\ea43191e08c469e6945db56c21924667\redhat.java\ss_ws --pipe=\\.\pipe\lsp-654af180eb34aa1be57b6e57a10691ec-sock
java_class_path (initial): c:\Users\ltarr\.vscode\extensions\redhat.java-1.54.0-win32-x64\server\plugins\org.eclipse.equinox.launcher_1.7.100.v20251111-0406.jar
Launcher Type: SUN_STANDARD

[Global flags]
    uintx AdaptiveSizePolicyWeight                 = 90                                        {product} {command line}
     intx CICompilerCount                          = 4                                         {product} {ergonomic}
    uintx GCTimeRatio                              = 4                                         {product} {command line}
   size_t InitialHeapSize                          = 104857600                                 {product} {command line}
   size_t MaxHeapSize                              = 2147483648                                {product} {command line}
   size_t MaxNewSize                               = 715653120                                 {product} {ergonomic}
   size_t MinHeapDeltaBytes                        = 524288                                    {product} {ergonomic}
   size_t MinHeapSize                              = 104857600                                 {product} {command line}
   size_t NewSize                                  = 34603008                                  {product} {ergonomic}
    uintx NonNMethodCodeHeapSize                   = 5839372                                {pd product} {ergonomic}
    uintx NonProfiledCodeHeapSize                  = 122909434                              {pd product} {ergonomic}
   size_t OldSize                                  = 70254592                                  {product} {ergonomic}
    uintx ProfiledCodeHeapSize                     = 122909434                              {pd product} {ergonomic}
    uintx ReservedCodeCacheSize                    = 251658240                              {pd product} {ergonomic}
     bool SegmentedCodeCache                       = true                                      {product} {ergonomic}
   size_t SoftMaxHeapSize                          = 2147483648                             {manageable} {ergonomic}
     bool UseCompressedOops                        = true                           {product lp64_product} {ergonomic}
     bool UseLargePagesIndividualAllocation        = false                                  {pd product} {ergonomic}
     bool UseParallelGC                            = true                                      {product} {command line}

Logging:
Log output configuration:
 #0: stdout all=off uptime,level,tags foldmultilines=false
 #1: stderr all=off uptime,level,tags foldmultilines=false

Release file:
JAVA_VERSION="21.0.10" 
MODULES="java.base java.compiler java.datatransfer java.xml java.prefs java.desktop java.instrument java.logging java.management java.security.sasl java.naming java.rmi java.management.rmi java.net.http java.scripting java.security.jgss java.transaction.xa java.sql java.sql.rowset java.xml.crypto java.se java.smartcardio jdk.accessibility jdk.internal.jvmstat jdk.attach jdk.charsets jdk.internal.opt jdk.zipfs jdk.compiler jdk.crypto.ec jdk.crypto.cryptoki jdk.crypto.mscapi jdk.dynalink jdk.internal.ed jdk.editpad jdk.hotspot.agent jdk.httpserver jdk.internal.le jdk.internal.vm.ci jdk.internal.vm.compiler jdk.internal.vm.compiler.management jdk.jartool jdk.javadoc jdk.jcmd jdk.management jdk.management.agent jdk.jconsole jdk.jdeps jdk.jdwp.agent jdk.jdi jdk.jfr jdk.jshell jdk.jsobject jdk.jstatd jdk.localedata jdk.management.jfr jdk.naming.dns jdk.naming.rmi jdk.net jdk.nio.mapmode jdk.random jdk.sctp jdk.security.auth jdk.security.jgss jdk.unsupported jdk.unsupported.desktop jdk.xml.dom" 

Environment Variables:
JAVA_HOME=C:\Program Files\Eclipse Adoptium\jdk-21.0.9.10-hotspot\
PATH=C:\Program Files\Eclipse Adoptium\jdk-21.0.9.10-hotspot\bin;D:\M2\InstalacionOracle\bin;C:\Program Files (x86)\VMware\VMware Workstation\bin\;C:\oraclexe\app\oracle\product\11.2.0\server\bin;C:\Program Files\Common Files\Oracle\Java\javapath;C:\Program Files (x86)\Common Files\Oracle\Java\javapath;C:\WINDOWS\system32;C:\WINDOWS;C:\WINDOWS\System32\Wbem;C:\WINDOWS\System32\WindowsPowerShell\v1.0\;C:\WINDOWS\System32\OpenSSH\;C:\Program Files (x86)\Windows Kits\10\Windows Performance Toolkit\;C:\Program Files\nodejs\;C:\ffmpeg;C:\ProgramData\chocolatey\bin;C:\Program Files\Git\cmd;C:\Program Files\Docker\Docker\resources\bin;C:\Users\ltarr\AppData\Local\Programs\Python\Python313\Scripts\;C:\Users\ltarr\AppData\Local\Programs\Python\Python313\;C:\Users\ltarr\AppData\Local\Programs\Python\Launcher\;C:\Users\ltarr\scoop\shims;C:\Users\ltarr\AppData\Local\Microsoft\WindowsApps;C:\Users\ltarr\AppData\Local\Programs\Microsoft VS Code\bin;C:\Users\ltarr\AppData\Local\Microsoft\WinGet\Packages\Schniz.fnm_Microsoft.Winget.Source_8wekyb3d8bbwe;C:\Users\ltarr\AppData\Roaming\npm;C:\Users\ltarr\AppData\Local\Packages\PythonSoftwareFoundation.Python.3.10_qbz5n2kfra8p0\LocalCache\local-packages\Python310\Scripts;
USERNAME=ltarr
OS=Windows_NT
PROCESSOR_IDENTIFIER=AMD64 Family 23 Model 113 Stepping 0, AuthenticAMD
TMP=C:\Users\ltarr\AppData\Local\Temp
TEMP=C:\Users\ltarr\AppData\Local\Temp




Periodic native trim disabled

---------------  S Y S T E M  ---------------

OS:
 Windows 10 , 64 bit Build 19041 (10.0.19041.7291)
OS uptime: 0 days 0:35 hours
Hyper-V role detected

CPU: total 12 (initial active 12) (12 cores per cpu, 2 threads per core) family 23 model 113 stepping 0 microcode 0x0, cx8, cmov, fxsr, ht, mmx, 3dnowpref, sse, sse2, sse3, ssse3, sse4a, sse4.1, sse4.2, popcnt, lzcnt, tsc, tscinvbit, avx, avx2, aes, clmul, bmi1, bmi2, adx, sha, fma, vzeroupper, clflush, clflushopt, hv, rdtscp, rdpid, f16c
Processor Information for the first 12 processors :
  Max Mhz: 3593, Current Mhz: 3593, Mhz Limit: 3593

Memory: 4k page, system-wide physical 16334M (3908M free)
TotalPageFile size 16334M (AvailPageFile size 599M)
current process WorkingSet (physical memory assigned to process): 144M, peak: 147M
current process commit charge ("private bytes"): 287M, peak: 290M

vm_info: OpenJDK 64-Bit Server VM (21.0.10+7-LTS) for windows-amd64 JRE (21.0.10+7-LTS), built on 2026-01-20T00:00:00Z by "admin" with MS VC++ 17.12 (VS2022)

END.
